TpTrace Verbose: 0 : 6444, 1, 2021/08/21, 11:29:25.794, 621554487722, vstest.console.dll, Version: 16.11.0-release-20210626-04
TpTrace Information: 0 : 6444, 1, 2021/08/21, 11:29:25.827, 621554788755, vstest.console.dll, FilePatternParser: The given file C:\Users\Dell\source\repos\PizaaOrderSystem\PizzaAppApi\UnitTest\bin\Debug\netcoreapp3.1\fine-code-coverage\build-output\UnitTest.dll is a full path.
TpTrace Verbose: 0 : 6444, 1, 2021/08/21, 11:29:25.851, 621555030901, vstest.console.dll, TestPluginCache.DiscoverTestExtensions: finding test extensions in assemblies ends with: RuntimeProvider.dll TPluginInfo: Microsoft.VisualStudio.TestPlatform.Common.ExtensionFramework.Utilities.TestRuntimePluginInformation TExtension: Microsoft.VisualStudio.TestPlatform.ObjectModel.Host.ITestRuntimeProvider
TpTrace Verbose: 0 : 6444, 1, 2021/08/21, 11:29:25.857, 621555090815, vstest.console.dll, TestPluginCache.GetExtensionPaths: Filtered extension paths: 
TpTrace Verbose: 0 : 6444, 1, 2021/08/21, 11:29:25.857, 621555094047, vstest.console.dll, TestPluginCache.GetExtensionPaths: Added default extension paths: C:\Program Files\dotnet\sdk\5.0.400\Extensions\Microsoft.Diagnostics.NETCore.Client.dll
C:\Program Files\dotnet\sdk\5.0.400\Extensions\Microsoft.TestPlatform.Extensions.BlameDataCollector.dll
C:\Program Files\dotnet\sdk\5.0.400\Extensions\Microsoft.TestPlatform.Extensions.EventLogCollector.dll
C:\Program Files\dotnet\sdk\5.0.400\Extensions\Microsoft.TestPlatform.TestHostRuntimeProvider.dll
C:\Program Files\dotnet\sdk\5.0.400\Extensions\Microsoft.VisualStudio.TestPlatform.Extensions.Html.TestLogger.dll
C:\Program Files\dotnet\sdk\5.0.400\Extensions\Microsoft.VisualStudio.TestPlatform.Extensions.Trx.TestLogger.dll
TpTrace Verbose: 0 : 6444, 1, 2021/08/21, 11:29:25.858, 621555095443, vstest.console.dll, TestPluginCache.GetExtensionPaths: Added unfilterableExtensionPaths: 
TpTrace Information: 0 : 6444, 1, 2021/08/21, 11:29:25.860, 621555118704, vstest.console.dll, AssemblyResolver.ctor: Creating AssemblyResolver with searchDirectories C:\Program Files\dotnet\sdk\5.0.400\Extensions,C:\Program Files\dotnet\sdk\5.0.400
TpTrace Verbose: 0 : 6444, 1, 2021/08/21, 11:29:25.865, 621555170986, vstest.console.dll, TestPluginCache.DiscoverTestExtensions: Discovering the extensions using extension path.
TpTrace Verbose: 0 : 6444, 1, 2021/08/21, 11:29:25.866, 621555176401, vstest.console.dll, TestPluginCache.GetExtensionPaths: Filtered extension paths: 
TpTrace Verbose: 0 : 6444, 1, 2021/08/21, 11:29:25.866, 621555178377, vstest.console.dll, TestPluginCache.GetExtensionPaths: Added default extension paths: C:\Program Files\dotnet\sdk\5.0.400\Extensions\Microsoft.Diagnostics.NETCore.Client.dll
C:\Program Files\dotnet\sdk\5.0.400\Extensions\Microsoft.TestPlatform.Extensions.BlameDataCollector.dll
C:\Program Files\dotnet\sdk\5.0.400\Extensions\Microsoft.TestPlatform.Extensions.EventLogCollector.dll
C:\Program Files\dotnet\sdk\5.0.400\Extensions\Microsoft.TestPlatform.TestHostRuntimeProvider.dll
C:\Program Files\dotnet\sdk\5.0.400\Extensions\Microsoft.VisualStudio.TestPlatform.Extensions.Html.TestLogger.dll
C:\Program Files\dotnet\sdk\5.0.400\Extensions\Microsoft.VisualStudio.TestPlatform.Extensions.Trx.TestLogger.dll
TpTrace Verbose: 0 : 6444, 1, 2021/08/21, 11:29:25.866, 621555180516, vstest.console.dll, TestPluginCache.GetExtensionPaths: Added unfilterableExtensionPaths: 
TpTrace Verbose: 0 : 6444, 1, 2021/08/21, 11:29:25.866, 621555183909, vstest.console.dll, TestPluginCache.DiscoverTestExtensions: Discovering the extensions using allExtensionPaths: C:\Program Files\dotnet\sdk\5.0.400\Extensions\Microsoft.Diagnostics.NETCore.Client.dll
C:\Program Files\dotnet\sdk\5.0.400\Extensions\Microsoft.TestPlatform.Extensions.BlameDataCollector.dll
C:\Program Files\dotnet\sdk\5.0.400\Extensions\Microsoft.TestPlatform.Extensions.EventLogCollector.dll
C:\Program Files\dotnet\sdk\5.0.400\Extensions\Microsoft.TestPlatform.TestHostRuntimeProvider.dll
C:\Program Files\dotnet\sdk\5.0.400\Extensions\Microsoft.VisualStudio.TestPlatform.Extensions.Html.TestLogger.dll
C:\Program Files\dotnet\sdk\5.0.400\Extensions\Microsoft.VisualStudio.TestPlatform.Extensions.Trx.TestLogger.dll
TpTrace Information: 0 : 6444, 1, 2021/08/21, 11:29:25.867, 621555189865, vstest.console.dll, AssemblyResolver.AddSearchDirectories: Adding more searchDirectories C:\Program Files\dotnet\sdk\5.0.400\Extensions,C:\Program Files\dotnet\sdk\5.0.400
TpTrace Information: 0 : 6444, 1, 2021/08/21, 11:29:25.867, 621555192864, vstest.console.dll, AssemblyResolver.AddSearchDirectories: Adding more searchDirectories C:\Program Files\dotnet\sdk\5.0.400\Extensions,C:\Program Files\dotnet\sdk\5.0.400
TpTrace Information: 0 : 6444, 1, 2021/08/21, 11:29:25.867, 621555195147, vstest.console.dll, AssemblyResolver.AddSearchDirectories: Adding more searchDirectories C:\Program Files\dotnet\sdk\5.0.400\Extensions,C:\Program Files\dotnet\sdk\5.0.400
TpTrace Information: 0 : 6444, 1, 2021/08/21, 11:29:25.868, 621555197038, vstest.console.dll, AssemblyResolver.AddSearchDirectories: Adding more searchDirectories C:\Program Files\dotnet\sdk\5.0.400\Extensions,C:\Program Files\dotnet\sdk\5.0.400
TpTrace Information: 0 : 6444, 1, 2021/08/21, 11:29:25.868, 621555198860, vstest.console.dll, AssemblyResolver.AddSearchDirectories: Adding more searchDirectories C:\Program Files\dotnet\sdk\5.0.400\Extensions,C:\Program Files\dotnet\sdk\5.0.400
TpTrace Information: 0 : 6444, 1, 2021/08/21, 11:29:25.868, 621555200933, vstest.console.dll, AssemblyResolver.AddSearchDirectories: Adding more searchDirectories C:\Program Files\dotnet\sdk\5.0.400\Extensions,C:\Program Files\dotnet\sdk\5.0.400
TpTrace Information: 0 : 6444, 1, 2021/08/21, 11:29:25.869, 621555213857, vstest.console.dll, AssemblyResolver.OnResolve: Microsoft.Diagnostics.NETCore.Client: Resolving assembly.
TpTrace Information: 0 : 6444, 1, 2021/08/21, 11:29:25.870, 621555215638, vstest.console.dll, AssemblyResolver.OnResolve: Microsoft.Diagnostics.NETCore.Client: Searching in: 'C:\Program Files\dotnet\sdk\5.0.400\Extensions'.
TpTrace Information: 0 : 6444, 1, 2021/08/21, 11:29:25.872, 621555236792, vstest.console.dll, AssemblyResolver.OnResolve: Microsoft.Diagnostics.NETCore.Client: Loading assembly 'C:\Program Files\dotnet\sdk\5.0.400\Extensions\Microsoft.Diagnostics.NETCore.Client.dll'.
TpTrace Information: 0 : 6444, 1, 2021/08/21, 11:29:25.874, 621555259567, vstest.console.dll, AssemblyResolver.OnResolve: Resolved assembly: Microsoft.Diagnostics.NETCore.Client, from path: C:\Program Files\dotnet\sdk\5.0.400\Extensions\Microsoft.Diagnostics.NETCore.Client.dll
TpTrace Information: 0 : 6444, 1, 2021/08/21, 11:29:25.885, 621555369854, vstest.console.dll, AssemblyResolver.OnResolve: Microsoft.Bcl.AsyncInterfaces: Resolving assembly.
TpTrace Information: 0 : 6444, 1, 2021/08/21, 11:29:25.885, 621555373017, vstest.console.dll, AssemblyResolver.OnResolve: Microsoft.Bcl.AsyncInterfaces: Searching in: 'C:\Program Files\dotnet\sdk\5.0.400\Extensions'.
TpTrace Information: 0 : 6444, 1, 2021/08/21, 11:29:25.886, 621555375696, vstest.console.dll, AssemblyResolver.OnResolve: Microsoft.Bcl.AsyncInterfaces: Assembly path does not exist: 'C:\Program Files\dotnet\sdk\5.0.400\Extensions\Microsoft.Bcl.AsyncInterfaces.dll', returning.
TpTrace Information: 0 : 6444, 1, 2021/08/21, 11:29:25.886, 621555377896, vstest.console.dll, AssemblyResolver.OnResolve: Microsoft.Bcl.AsyncInterfaces: Assembly path does not exist: 'C:\Program Files\dotnet\sdk\5.0.400\Extensions\Microsoft.Bcl.AsyncInterfaces.exe', returning.
TpTrace Information: 0 : 6444, 1, 2021/08/21, 11:29:25.886, 621555379084, vstest.console.dll, AssemblyResolver.OnResolve: Microsoft.Bcl.AsyncInterfaces: Searching in: 'C:\Program Files\dotnet\sdk\5.0.400'.
TpTrace Information: 0 : 6444, 1, 2021/08/21, 11:29:25.886, 621555381264, vstest.console.dll, AssemblyResolver.OnResolve: Microsoft.Bcl.AsyncInterfaces: Assembly path does not exist: 'C:\Program Files\dotnet\sdk\5.0.400\Microsoft.Bcl.AsyncInterfaces.dll', returning.
TpTrace Information: 0 : 6444, 1, 2021/08/21, 11:29:25.886, 621555383596, vstest.console.dll, AssemblyResolver.OnResolve: Microsoft.Bcl.AsyncInterfaces: Assembly path does not exist: 'C:\Program Files\dotnet\sdk\5.0.400\Microsoft.Bcl.AsyncInterfaces.exe', returning.
TpTrace Information: 0 : 6444, 1, 2021/08/21, 11:29:25.887, 621555385663, vstest.console.dll, AssemblyResolver.OnResolve: Microsoft.Bcl.AsyncInterfaces: Failed to load assembly.
TpTrace Verbose: 0 : 6444, 1, 2021/08/21, 11:29:25.887, 621555389877, vstest.console.dll, CurrentDomainAssemblyResolve: Resolving assembly 'Microsoft.Bcl.AsyncInterfaces'.
TpTrace Information: 0 : 6444, 1, 2021/08/21, 11:29:25.887, 621555393827, vstest.console.dll, AssemblyResolver.OnResolve: Microsoft.Bcl.AsyncInterfaces: Resolving assembly.
TpTrace Information: 0 : 6444, 1, 2021/08/21, 11:29:25.888, 621555396569, vstest.console.dll, AssemblyResolver.OnResolve: Microsoft.Bcl.AsyncInterfaces: Resolved from cache.
TpTrace Verbose: 0 : 6444, 1, 2021/08/21, 11:29:25.888, 621555399272, vstest.console.dll, CurrentDomainAssemblyResolve: Resolving assembly 'Microsoft.Bcl.AsyncInterfaces'.
TpTrace Verbose: 0 : 6444, 1, 2021/08/21, 11:29:25.888, 621555401351, vstest.console.dll, CurrentDomainAssemblyResolve: Failed to resolve assembly 'Microsoft.Bcl.AsyncInterfaces'.
TpTrace Verbose: 0 : 6444, 1, 2021/08/21, 11:29:25.891, 621555429624, vstest.console.dll, CurrentDomainAssemblyResolve: Failed to resolve assembly 'Microsoft.Bcl.AsyncInterfaces'.
TpTrace Warning: 0 : 6444, 1, 2021/08/21, 11:29:25.946, 621555981564, vstest.console.dll, TestPluginDiscoverer: Failed to get types from assembly 'Microsoft.Diagnostics.NETCore.Client, Version=0.2.2.41902, Culture=neutral, PublicKeyToken=31bf3856ad364e35'.  Skipping test extension scan for this assembly.  Error: System.Reflection.ReflectionTypeLoadException: Unable to load one or more of the requested types.
Could not load file or assembly 'Microsoft.Bcl.AsyncInterfaces, Version=1.0.0.0, Culture=neutral, PublicKeyToken=cc7b13ffcd2ddd51'. The system cannot find the file specified.
   at System.Reflection.RuntimeModule.GetTypes(RuntimeModule module)
   at System.Reflection.RuntimeModule.GetTypes()
   at System.Reflection.Assembly.GetTypes()
   at Microsoft.VisualStudio.TestPlatform.Common.ExtensionFramework.TestPluginDiscoverer.GetTestExtensionsFromAssembly[TPluginInfo,TExtension](Assembly assembly, Dictionary`2 pluginInfos)
System.IO.FileNotFoundException: Could not load file or assembly 'Microsoft.Bcl.AsyncInterfaces, Version=1.0.0.0, Culture=neutral, PublicKeyToken=cc7b13ffcd2ddd51'. The system cannot find the file specified.
File name: 'Microsoft.Bcl.AsyncInterfaces, Version=1.0.0.0, Culture=neutral, PublicKeyToken=cc7b13ffcd2ddd51'
TpTrace Warning: 0 : 6444, 1, 2021/08/21, 11:29:25.946, 621555984681, vstest.console.dll, LoaderExceptions: System.IO.FileNotFoundException: Could not load file or assembly 'Microsoft.Bcl.AsyncInterfaces, Version=1.0.0.0, Culture=neutral, PublicKeyToken=cc7b13ffcd2ddd51'. The system cannot find the file specified.
File name: 'Microsoft.Bcl.AsyncInterfaces, Version=1.0.0.0, Culture=neutral, PublicKeyToken=cc7b13ffcd2ddd51'
TpTrace Information: 0 : 6444, 1, 2021/08/21, 11:29:25.947, 621555987580, vstest.console.dll, AssemblyResolver.OnResolve: Microsoft.TestPlatform.Extensions.BlameDataCollector: Resolving assembly.
TpTrace Information: 0 : 6444, 1, 2021/08/21, 11:29:25.947, 621555988861, vstest.console.dll, AssemblyResolver.OnResolve: Microsoft.TestPlatform.Extensions.BlameDataCollector: Searching in: 'C:\Program Files\dotnet\sdk\5.0.400\Extensions'.
TpTrace Information: 0 : 6444, 1, 2021/08/21, 11:29:25.948, 621556001602, vstest.console.dll, AssemblyResolver.OnResolve: Microsoft.TestPlatform.Extensions.BlameDataCollector: Loading assembly 'C:\Program Files\dotnet\sdk\5.0.400\Extensions\Microsoft.TestPlatform.Extensions.BlameDataCollector.dll'.
TpTrace Information: 0 : 6444, 1, 2021/08/21, 11:29:25.950, 621556017457, vstest.console.dll, AssemblyResolver.OnResolve: Resolved assembly: Microsoft.TestPlatform.Extensions.BlameDataCollector, from path: C:\Program Files\dotnet\sdk\5.0.400\Extensions\Microsoft.TestPlatform.Extensions.BlameDataCollector.dll
TpTrace Information: 0 : 6444, 1, 2021/08/21, 11:29:25.953, 621556049523, vstest.console.dll, AssemblyResolver.OnResolve: Microsoft.TestPlatform.Extensions.EventLogCollector: Resolving assembly.
TpTrace Information: 0 : 6444, 1, 2021/08/21, 11:29:25.953, 621556052613, vstest.console.dll, AssemblyResolver.OnResolve: Microsoft.TestPlatform.Extensions.EventLogCollector: Searching in: 'C:\Program Files\dotnet\sdk\5.0.400\Extensions'.
TpTrace Information: 0 : 6444, 1, 2021/08/21, 11:29:25.955, 621556069117, vstest.console.dll, AssemblyResolver.OnResolve: Microsoft.TestPlatform.Extensions.EventLogCollector: Loading assembly 'C:\Program Files\dotnet\sdk\5.0.400\Extensions\Microsoft.TestPlatform.Extensions.EventLogCollector.dll'.
TpTrace Information: 0 : 6444, 1, 2021/08/21, 11:29:25.957, 621556094068, vstest.console.dll, AssemblyResolver.OnResolve: Resolved assembly: Microsoft.TestPlatform.Extensions.EventLogCollector, from path: C:\Program Files\dotnet\sdk\5.0.400\Extensions\Microsoft.TestPlatform.Extensions.EventLogCollector.dll
TpTrace Information: 0 : 6444, 1, 2021/08/21, 11:29:25.966, 621556177752, vstest.console.dll, AssemblyResolver.OnResolve: Microsoft.TestPlatform.TestHostRuntimeProvider: Resolving assembly.
TpTrace Information: 0 : 6444, 1, 2021/08/21, 11:29:25.966, 621556180448, vstest.console.dll, AssemblyResolver.OnResolve: Microsoft.TestPlatform.TestHostRuntimeProvider: Searching in: 'C:\Program Files\dotnet\sdk\5.0.400\Extensions'.
TpTrace Information: 0 : 6444, 1, 2021/08/21, 11:29:25.968, 621556197690, vstest.console.dll, AssemblyResolver.OnResolve: Microsoft.TestPlatform.TestHostRuntimeProvider: Loading assembly 'C:\Program Files\dotnet\sdk\5.0.400\Extensions\Microsoft.TestPlatform.TestHostRuntimeProvider.dll'.
TpTrace Information: 0 : 6444, 1, 2021/08/21, 11:29:25.970, 621556220464, vstest.console.dll, AssemblyResolver.OnResolve: Resolved assembly: Microsoft.TestPlatform.TestHostRuntimeProvider, from path: C:\Program Files\dotnet\sdk\5.0.400\Extensions\Microsoft.TestPlatform.TestHostRuntimeProvider.dll
TpTrace Information: 0 : 6444, 1, 2021/08/21, 11:29:25.975, 621556270032, vstest.console.dll, AssemblyResolver.OnResolve: Microsoft.VisualStudio.TestPlatform.Extensions.Html.TestLogger: Resolving assembly.
TpTrace Information: 0 : 6444, 1, 2021/08/21, 11:29:25.975, 621556273282, vstest.console.dll, AssemblyResolver.OnResolve: Microsoft.VisualStudio.TestPlatform.Extensions.Html.TestLogger: Searching in: 'C:\Program Files\dotnet\sdk\5.0.400\Extensions'.
TpTrace Information: 0 : 6444, 1, 2021/08/21, 11:29:25.977, 621556288217, vstest.console.dll, AssemblyResolver.OnResolve: Microsoft.VisualStudio.TestPlatform.Extensions.Html.TestLogger: Loading assembly 'C:\Program Files\dotnet\sdk\5.0.400\Extensions\Microsoft.VisualStudio.TestPlatform.Extensions.Html.TestLogger.dll'.
TpTrace Information: 0 : 6444, 1, 2021/08/21, 11:29:25.978, 621556305126, vstest.console.dll, AssemblyResolver.OnResolve: Resolved assembly: Microsoft.VisualStudio.TestPlatform.Extensions.Html.TestLogger, from path: C:\Program Files\dotnet\sdk\5.0.400\Extensions\Microsoft.VisualStudio.TestPlatform.Extensions.Html.TestLogger.dll
TpTrace Information: 0 : 6444, 1, 2021/08/21, 11:29:25.979, 621556314607, vstest.console.dll, AssemblyResolver.OnResolve: Microsoft.VisualStudio.TestPlatform.Extensions.Trx.TestLogger: Resolving assembly.
TpTrace Information: 0 : 6444, 1, 2021/08/21, 11:29:25.980, 621556316175, vstest.console.dll, AssemblyResolver.OnResolve: Microsoft.VisualStudio.TestPlatform.Extensions.Trx.TestLogger: Searching in: 'C:\Program Files\dotnet\sdk\5.0.400\Extensions'.
TpTrace Information: 0 : 6444, 1, 2021/08/21, 11:29:25.981, 621556328485, vstest.console.dll, AssemblyResolver.OnResolve: Microsoft.VisualStudio.TestPlatform.Extensions.Trx.TestLogger: Loading assembly 'C:\Program Files\dotnet\sdk\5.0.400\Extensions\Microsoft.VisualStudio.TestPlatform.Extensions.Trx.TestLogger.dll'.
TpTrace Information: 0 : 6444, 1, 2021/08/21, 11:29:25.983, 621556346783, vstest.console.dll, AssemblyResolver.OnResolve: Resolved assembly: Microsoft.VisualStudio.TestPlatform.Extensions.Trx.TestLogger, from path: C:\Program Files\dotnet\sdk\5.0.400\Extensions\Microsoft.VisualStudio.TestPlatform.Extensions.Trx.TestLogger.dll
TpTrace Verbose: 0 : 6444, 1, 2021/08/21, 11:29:25.986, 621556377528, vstest.console.dll, TestPluginCache: Discovered the extensions using extension path ''.
TpTrace Verbose: 0 : 6444, 1, 2021/08/21, 11:29:25.986, 621556380236, vstest.console.dll, TestPluginCache: Discoverers are ''.
TpTrace Verbose: 0 : 6444, 1, 2021/08/21, 11:29:25.986, 621556381906, vstest.console.dll, TestPluginCache: Executors are ''.
TpTrace Verbose: 0 : 6444, 1, 2021/08/21, 11:29:25.986, 621556383584, vstest.console.dll, TestPluginCache: Executors2 are ''.
TpTrace Verbose: 0 : 6444, 1, 2021/08/21, 11:29:25.987, 621556386123, vstest.console.dll, TestPluginCache: Setting providers are ''.
TpTrace Verbose: 0 : 6444, 1, 2021/08/21, 11:29:25.987, 621556387795, vstest.console.dll, TestPluginCache: Loggers are ''.
TpTrace Information: 0 : 6444, 1, 2021/08/21, 11:29:26.008, 621556599702, vstest.console.dll, RunTestsArgumentProcessor:Execute: Test run is starting.
TpTrace Verbose: 0 : 6444, 1, 2021/08/21, 11:29:26.008, 621556602244, vstest.console.dll, RunTestsArgumentProcessor:Execute: Queuing Test run.
TpTrace Information: 0 : 6444, 1, 2021/08/21, 11:29:26.009, 621556610351, vstest.console.dll, TestRequestManager.RunTests: run tests started.
TpTrace Information: 0 : 6444, 1, 2021/08/21, 11:29:26.033, 621556854309, vstest.console.dll, AssemblyMetadataProvider.GetFrameWork: Determined framework:'.NETCoreApp,Version=v3.1' for source: 'C:\Users\Dell\source\repos\PizaaOrderSystem\PizzaAppApi\UnitTest\bin\Debug\netcoreapp3.1\fine-code-coverage\build-output\UnitTest.dll'
TpTrace Information: 0 : 6444, 1, 2021/08/21, 11:29:26.034, 621556860356, vstest.console.dll, Determined framework for all sources: .NETCoreApp,Version=v3.1
TpTrace Information: 0 : 6444, 1, 2021/08/21, 11:29:26.036, 621556880766, vstest.console.dll, AssemblyMetadataProvider.GetArchitecture: Determined architecture:AnyCPU info for assembly: C:\Users\Dell\source\repos\PizaaOrderSystem\PizzaAppApi\UnitTest\bin\Debug\netcoreapp3.1\fine-code-coverage\build-output\UnitTest.dll
TpTrace Information: 0 : 6444, 1, 2021/08/21, 11:29:26.045, 621556973628, vstest.console.dll, Determined platform for all sources: X64
TpTrace Information: 0 : 6444, 1, 2021/08/21, 11:29:26.057, 621557088307, vstest.console.dll, Compatible sources list : 
TpTrace Information: 0 : 6444, 1, 2021/08/21, 11:29:26.057, 621557092812, vstest.console.dll, C:\Users\Dell\source\repos\PizaaOrderSystem\PizzaAppApi\UnitTest\bin\Debug\netcoreapp3.1\fine-code-coverage\build-output\UnitTest.dll
TpTrace Information: 0 : 6444, 1, 2021/08/21, 11:29:26.066, 621557181223, vstest.console.dll, InferRunSettingsHelper.IsTestSettingsEnabled: Unable to navigate to RunSettings/MSTest. Current node: RunSettings
TpTrace Information: 0 : 6444, 1, 2021/08/21, 11:29:26.069, 621557207788, vstest.console.dll, AssemblyResolver.OnResolve: Microsoft.VisualStudio.TestPlatform.Fakes: Resolving assembly.
TpTrace Information: 0 : 6444, 1, 2021/08/21, 11:29:26.069, 621557210716, vstest.console.dll, AssemblyResolver.OnResolve: Microsoft.VisualStudio.TestPlatform.Fakes: Searching in: 'C:\Program Files\dotnet\sdk\5.0.400\Extensions'.
TpTrace Information: 0 : 6444, 1, 2021/08/21, 11:29:26.070, 621557216353, vstest.console.dll, AssemblyResolver.OnResolve: Microsoft.VisualStudio.TestPlatform.Fakes: Assembly path does not exist: 'C:\Program Files\dotnet\sdk\5.0.400\Extensions\Microsoft.VisualStudio.TestPlatform.Fakes.dll', returning.
TpTrace Information: 0 : 6444, 1, 2021/08/21, 11:29:26.070, 621557220641, vstest.console.dll, AssemblyResolver.OnResolve: Microsoft.VisualStudio.TestPlatform.Fakes: Assembly path does not exist: 'C:\Program Files\dotnet\sdk\5.0.400\Extensions\Microsoft.VisualStudio.TestPlatform.Fakes.exe', returning.
TpTrace Information: 0 : 6444, 1, 2021/08/21, 11:29:26.070, 621557222837, vstest.console.dll, AssemblyResolver.OnResolve: Microsoft.VisualStudio.TestPlatform.Fakes: Searching in: 'C:\Program Files\dotnet\sdk\5.0.400'.
TpTrace Information: 0 : 6444, 1, 2021/08/21, 11:29:26.071, 621557226687, vstest.console.dll, AssemblyResolver.OnResolve: Microsoft.VisualStudio.TestPlatform.Fakes: Assembly path does not exist: 'C:\Program Files\dotnet\sdk\5.0.400\Microsoft.VisualStudio.TestPlatform.Fakes.dll', returning.
TpTrace Information: 0 : 6444, 1, 2021/08/21, 11:29:26.071, 621557230405, vstest.console.dll, AssemblyResolver.OnResolve: Microsoft.VisualStudio.TestPlatform.Fakes: Assembly path does not exist: 'C:\Program Files\dotnet\sdk\5.0.400\Microsoft.VisualStudio.TestPlatform.Fakes.exe', returning.
TpTrace Information: 0 : 6444, 1, 2021/08/21, 11:29:26.071, 621557232996, vstest.console.dll, AssemblyResolver.OnResolve: Microsoft.VisualStudio.TestPlatform.Fakes: Failed to load assembly.
TpTrace Information: 0 : 6444, 1, 2021/08/21, 11:29:26.073, 621557249127, vstest.console.dll, Failed to create newly implemented Fakes Configurator. Reason:System.IO.FileNotFoundException: Could not load file or assembly 'Microsoft.VisualStudio.TestPlatform.Fakes, Version=16.0.0.0, Culture=neutral, PublicKeyToken=null'. The system cannot find the file specified.
File name: 'Microsoft.VisualStudio.TestPlatform.Fakes, Version=16.0.0.0, Culture=neutral, PublicKeyToken=null'
   at System.Reflection.RuntimeAssembly.InternalLoad(ObjectHandleOnStack assemblyName, ObjectHandleOnStack requestingAssembly, StackCrawlMarkHandle stackMark, Boolean throwOnFileNotFound, ObjectHandleOnStack assemblyLoadContext, ObjectHandleOnStack retAssembly)
   at System.Reflection.RuntimeAssembly.InternalLoad(AssemblyName assemblyName, RuntimeAssembly requestingAssembly, StackCrawlMark& stackMark, Boolean throwOnFileNotFound, AssemblyLoadContext assemblyLoadContext)
   at System.Reflection.Assembly.Load(AssemblyName assemblyRef)
   at Microsoft.VisualStudio.TestPlatform.Common.Utilities.FakesUtilities.TryGetFakesCrossPlatformDataCollectorConfigurator() 
TpTrace Verbose: 0 : 6444, 1, 2021/08/21, 11:29:26.090, 621557419078, vstest.console.dll, TestPluginCache.DiscoverTestExtensions: finding test extensions in assemblies ends with: TestLogger.dll TPluginInfo: Microsoft.VisualStudio.TestPlatform.Common.ExtensionFramework.Utilities.TestLoggerPluginInformation TExtension: Microsoft.VisualStudio.TestPlatform.ObjectModel.Client.ITestLogger
TpTrace Verbose: 0 : 6444, 1, 2021/08/21, 11:29:26.090, 621557422036, vstest.console.dll, TestPluginCache.GetExtensionPaths: Filtered extension paths: 
TpTrace Verbose: 0 : 6444, 1, 2021/08/21, 11:29:26.090, 621557423905, vstest.console.dll, TestPluginCache.GetExtensionPaths: Added default extension paths: C:\Program Files\dotnet\sdk\5.0.400\Extensions\Microsoft.Diagnostics.NETCore.Client.dll
C:\Program Files\dotnet\sdk\5.0.400\Extensions\Microsoft.TestPlatform.Extensions.BlameDataCollector.dll
C:\Program Files\dotnet\sdk\5.0.400\Extensions\Microsoft.TestPlatform.Extensions.EventLogCollector.dll
C:\Program Files\dotnet\sdk\5.0.400\Extensions\Microsoft.TestPlatform.TestHostRuntimeProvider.dll
C:\Program Files\dotnet\sdk\5.0.400\Extensions\Microsoft.VisualStudio.TestPlatform.Extensions.Html.TestLogger.dll
C:\Program Files\dotnet\sdk\5.0.400\Extensions\Microsoft.VisualStudio.TestPlatform.Extensions.Trx.TestLogger.dll
TpTrace Verbose: 0 : 6444, 1, 2021/08/21, 11:29:26.091, 621557425520, vstest.console.dll, TestPluginCache.GetExtensionPaths: Added unfilterableExtensionPaths: 
TpTrace Information: 0 : 6444, 1, 2021/08/21, 11:29:26.091, 621557429822, vstest.console.dll, AssemblyResolver.AddSearchDirectories: Adding more searchDirectories C:\Program Files\dotnet\sdk\5.0.400\Extensions,C:\Program Files\dotnet\sdk\5.0.400
TpTrace Verbose: 0 : 6444, 1, 2021/08/21, 11:29:26.091, 621557431142, vstest.console.dll, TestPluginCache.DiscoverTestExtensions: Discovering the extensions using extension path.
TpTrace Verbose: 0 : 6444, 1, 2021/08/21, 11:29:26.091, 621557432161, vstest.console.dll, TestPluginCache.GetExtensionPaths: Filtered extension paths: 
TpTrace Verbose: 0 : 6444, 1, 2021/08/21, 11:29:26.091, 621557433597, vstest.console.dll, TestPluginCache.GetExtensionPaths: Added default extension paths: C:\Program Files\dotnet\sdk\5.0.400\Extensions\Microsoft.Diagnostics.NETCore.Client.dll
C:\Program Files\dotnet\sdk\5.0.400\Extensions\Microsoft.TestPlatform.Extensions.BlameDataCollector.dll
C:\Program Files\dotnet\sdk\5.0.400\Extensions\Microsoft.TestPlatform.Extensions.EventLogCollector.dll
C:\Program Files\dotnet\sdk\5.0.400\Extensions\Microsoft.TestPlatform.TestHostRuntimeProvider.dll
C:\Program Files\dotnet\sdk\5.0.400\Extensions\Microsoft.VisualStudio.TestPlatform.Extensions.Html.TestLogger.dll
C:\Program Files\dotnet\sdk\5.0.400\Extensions\Microsoft.VisualStudio.TestPlatform.Extensions.Trx.TestLogger.dll
TpTrace Verbose: 0 : 6444, 1, 2021/08/21, 11:29:26.091, 621557434691, vstest.console.dll, TestPluginCache.GetExtensionPaths: Added unfilterableExtensionPaths: 
TpTrace Verbose: 0 : 6444, 1, 2021/08/21, 11:29:26.092, 621557435895, vstest.console.dll, TestPluginCache.DiscoverTestExtensions: Discovering the extensions using allExtensionPaths: C:\Program Files\dotnet\sdk\5.0.400\Extensions\Microsoft.Diagnostics.NETCore.Client.dll
C:\Program Files\dotnet\sdk\5.0.400\Extensions\Microsoft.TestPlatform.Extensions.BlameDataCollector.dll
C:\Program Files\dotnet\sdk\5.0.400\Extensions\Microsoft.TestPlatform.Extensions.EventLogCollector.dll
C:\Program Files\dotnet\sdk\5.0.400\Extensions\Microsoft.TestPlatform.TestHostRuntimeProvider.dll
C:\Program Files\dotnet\sdk\5.0.400\Extensions\Microsoft.VisualStudio.TestPlatform.Extensions.Html.TestLogger.dll
C:\Program Files\dotnet\sdk\5.0.400\Extensions\Microsoft.VisualStudio.TestPlatform.Extensions.Trx.TestLogger.dll
TpTrace Information: 0 : 6444, 1, 2021/08/21, 11:29:26.092, 621557438344, vstest.console.dll, AssemblyResolver.AddSearchDirectories: Adding more searchDirectories C:\Program Files\dotnet\sdk\5.0.400\Extensions,C:\Program Files\dotnet\sdk\5.0.400
TpTrace Information: 0 : 6444, 1, 2021/08/21, 11:29:26.092, 621557440608, vstest.console.dll, AssemblyResolver.AddSearchDirectories: Adding more searchDirectories C:\Program Files\dotnet\sdk\5.0.400\Extensions,C:\Program Files\dotnet\sdk\5.0.400
TpTrace Information: 0 : 6444, 1, 2021/08/21, 11:29:26.092, 621557442708, vstest.console.dll, AssemblyResolver.AddSearchDirectories: Adding more searchDirectories C:\Program Files\dotnet\sdk\5.0.400\Extensions,C:\Program Files\dotnet\sdk\5.0.400
TpTrace Information: 0 : 6444, 1, 2021/08/21, 11:29:26.092, 621557444590, vstest.console.dll, AssemblyResolver.AddSearchDirectories: Adding more searchDirectories C:\Program Files\dotnet\sdk\5.0.400\Extensions,C:\Program Files\dotnet\sdk\5.0.400
TpTrace Information: 0 : 6444, 1, 2021/08/21, 11:29:26.093, 621557446689, vstest.console.dll, AssemblyResolver.AddSearchDirectories: Adding more searchDirectories C:\Program Files\dotnet\sdk\5.0.400\Extensions,C:\Program Files\dotnet\sdk\5.0.400
TpTrace Information: 0 : 6444, 1, 2021/08/21, 11:29:26.093, 621557448535, vstest.console.dll, AssemblyResolver.AddSearchDirectories: Adding more searchDirectories C:\Program Files\dotnet\sdk\5.0.400\Extensions,C:\Program Files\dotnet\sdk\5.0.400
TpTrace Information: 0 : 6444, 1, 2021/08/21, 11:29:26.094, 621557458105, vstest.console.dll, AssemblyResolver.OnResolve: Microsoft.Bcl.AsyncInterfaces: Resolving assembly.
TpTrace Information: 0 : 6444, 1, 2021/08/21, 11:29:26.094, 621557460097, vstest.console.dll, AssemblyResolver.OnResolve: Microsoft.Bcl.AsyncInterfaces: Resolved from cache.
TpTrace Verbose: 0 : 6444, 1, 2021/08/21, 11:29:26.094, 621557461369, vstest.console.dll, CurrentDomainAssemblyResolve: Resolving assembly 'Microsoft.Bcl.AsyncInterfaces'.
TpTrace Information: 0 : 6444, 1, 2021/08/21, 11:29:26.094, 621557463701, vstest.console.dll, AssemblyResolver.OnResolve: Microsoft.Bcl.AsyncInterfaces: Resolving assembly.
TpTrace Information: 0 : 6444, 1, 2021/08/21, 11:29:26.094, 621557464843, vstest.console.dll, AssemblyResolver.OnResolve: Microsoft.Bcl.AsyncInterfaces: Resolved from cache.
TpTrace Verbose: 0 : 6444, 1, 2021/08/21, 11:29:26.095, 621557466246, vstest.console.dll, CurrentDomainAssemblyResolve: Resolving assembly 'Microsoft.Bcl.AsyncInterfaces'.
TpTrace Verbose: 0 : 6444, 1, 2021/08/21, 11:29:26.095, 621557467756, vstest.console.dll, CurrentDomainAssemblyResolve: Failed to resolve assembly 'Microsoft.Bcl.AsyncInterfaces'.
TpTrace Verbose: 0 : 6444, 1, 2021/08/21, 11:29:26.095, 621557472527, vstest.console.dll, CurrentDomainAssemblyResolve: Failed to resolve assembly 'Microsoft.Bcl.AsyncInterfaces'.
TpTrace Warning: 0 : 6444, 1, 2021/08/21, 11:29:26.096, 621557482838, vstest.console.dll, TestPluginDiscoverer: Failed to get types from assembly 'Microsoft.Diagnostics.NETCore.Client, Version=0.2.2.41902, Culture=neutral, PublicKeyToken=31bf3856ad364e35'.  Skipping test extension scan for this assembly.  Error: System.Reflection.ReflectionTypeLoadException: Unable to load one or more of the requested types.
Could not load file or assembly 'Microsoft.Bcl.AsyncInterfaces, Version=1.0.0.0, Culture=neutral, PublicKeyToken=cc7b13ffcd2ddd51'. The system cannot find the file specified.
   at System.Reflection.RuntimeModule.GetTypes(RuntimeModule module)
   at System.Reflection.RuntimeModule.GetTypes()
   at System.Reflection.Assembly.GetTypes()
   at Microsoft.VisualStudio.TestPlatform.Common.ExtensionFramework.TestPluginDiscoverer.GetTestExtensionsFromAssembly[TPluginInfo,TExtension](Assembly assembly, Dictionary`2 pluginInfos)
System.IO.FileNotFoundException: Could not load file or assembly 'Microsoft.Bcl.AsyncInterfaces, Version=1.0.0.0, Culture=neutral, PublicKeyToken=cc7b13ffcd2ddd51'. The system cannot find the file specified.
File name: 'Microsoft.Bcl.AsyncInterfaces, Version=1.0.0.0, Culture=neutral, PublicKeyToken=cc7b13ffcd2ddd51'
TpTrace Warning: 0 : 6444, 1, 2021/08/21, 11:29:26.096, 621557484364, vstest.console.dll, LoaderExceptions: System.IO.FileNotFoundException: Could not load file or assembly 'Microsoft.Bcl.AsyncInterfaces, Version=1.0.0.0, Culture=neutral, PublicKeyToken=cc7b13ffcd2ddd51'. The system cannot find the file specified.
File name: 'Microsoft.Bcl.AsyncInterfaces, Version=1.0.0.0, Culture=neutral, PublicKeyToken=cc7b13ffcd2ddd51'
TpTrace Verbose: 0 : 6444, 1, 2021/08/21, 11:29:26.098, 621557498084, vstest.console.dll, TestPluginCache: Discovered the extensions using extension path ''.
TpTrace Verbose: 0 : 6444, 1, 2021/08/21, 11:29:26.098, 621557499549, vstest.console.dll, TestPluginCache: Discoverers are ''.
TpTrace Verbose: 0 : 6444, 1, 2021/08/21, 11:29:26.098, 621557500946, vstest.console.dll, TestPluginCache: Executors are ''.
TpTrace Verbose: 0 : 6444, 1, 2021/08/21, 11:29:26.098, 621557501976, vstest.console.dll, TestPluginCache: Executors2 are ''.
TpTrace Verbose: 0 : 6444, 1, 2021/08/21, 11:29:26.098, 621557503492, vstest.console.dll, TestPluginCache: Setting providers are ''.
TpTrace Verbose: 0 : 6444, 1, 2021/08/21, 11:29:26.099, 621557505815, vstest.console.dll, TestPluginCache: Loggers are 'logger://Microsoft/TestPlatform/Extensions/Blame/v1,logger://Microsoft/TestPlatform/HtmlLogger/v1,logger://Microsoft/TestPlatform/TrxLogger/v1'.
TpTrace Information: 0 : 6444, 1, 2021/08/21, 11:29:26.101, 621557533839, vstest.console.dll, TestPluginManager.CreateTestExtension: Attempting to load test extension: Microsoft.TestPlatform.Extensions.BlameDataCollector.BlameLogger
TpTrace Information: 0 : 6444, 1, 2021/08/21, 11:29:26.138, 621557898689, vstest.console.dll, TestPluginManager.CreateTestExtension: Attempting to load test extension: Microsoft.VisualStudio.TestPlatform.CrossPlatEngine.Hosting.DefaultTestHostManager
TpTrace Information: 0 : 6444, 1, 2021/08/21, 11:29:26.139, 621557909311, vstest.console.dll, TestPluginManager.CreateTestExtension: Attempting to load test extension: Microsoft.VisualStudio.TestPlatform.CrossPlatEngine.Hosting.DotnetTestHostManager
TpTrace Verbose: 0 : 6444, 1, 2021/08/21, 11:29:26.141, 621557929120, vstest.console.dll, TestEngine: Initializing Parallel Execution as MaxCpuCount is set to: 1
TpTrace Information: 0 : 6444, 1, 2021/08/21, 11:29:26.143, 621557946151, vstest.console.dll, InferRunSettingsHelper.IsTestSettingsEnabled: Unable to navigate to RunSettings/MSTest. Current node: RunSettings
TpTrace Verbose: 0 : 6444, 1, 2021/08/21, 11:29:26.202, 621558536304, vstest.console.dll, TestRequestSender is acting as server
TpTrace Verbose: 0 : 6444, 4, 2021/08/21, 11:29:26.213, 621558646130, vstest.console.dll, DataCollectionRequestSender.InitializeCommunication : Initialize communication. 
TpTrace Information: 0 : 6444, 4, 2021/08/21, 11:29:26.251, 621559030391, vstest.console.dll, Listening on Endpoint : 127.0.0.1:60998
TpTrace Verbose: 0 : 6444, 4, 2021/08/21, 11:29:26.290, 621559423872, vstest.console.dll, DotnetDataCollectionLauncher: Full path of dotnet.exe is C:\Program Files\dotnet\dotnet.exe
TpTrace Verbose: 0 : 6444, 4, 2021/08/21, 11:29:26.291, 621559431772, vstest.console.dll, DotnetDataCollectionLauncher: Adding  --runtimeconfig "C:\Program Files\dotnet\sdk\5.0.400\datacollector.runtimeconfig.json" in args
TpTrace Verbose: 0 : 6444, 4, 2021/08/21, 11:29:26.292, 621559437717, vstest.console.dll, DotnetDataCollectionLauncher: Adding  --depsfile "C:\Program Files\dotnet\sdk\5.0.400\datacollector.deps.json" in args
TpTrace Information: 0 : 6444, 4, 2021/08/21, 11:29:26.324, 621559764680, vstest.console.dll, ProxyDataCollectionManager.Initialize: Launched datacollector processId: 6980 port: 60998
TpTrace Information: 0 : 6444, 4, 2021/08/21, 11:29:26.325, 621559769717, vstest.console.dll, ProxyDataCollectionManager.Initialize: waiting for connection with timeout: 90 seconds
TpTrace Verbose: 0 : 6444, 4, 2021/08/21, 11:29:26.325, 621559775025, vstest.console.dll, DataCollectionRequestSender.WaitForRequestHandlerConnection : Waiting for connection with timeout: 90000
TpTrace Information: 0 : 6444, 7, 2021/08/21, 11:29:27.027, 621566793432, vstest.console.dll, Using the buffer size of 16384 bytes
TpTrace Verbose: 0 : 6444, 4, 2021/08/21, 11:29:27.027, 621566795027, vstest.console.dll, ProxyDataCollectionManager.InvokeDataCollectionServiceAction: Starting.
TpTrace Information: 0 : 6444, 7, 2021/08/21, 11:29:27.028, 621566796640, vstest.console.dll, Accepted Client request and set the flag
TpTrace Information: 0 : 6444, 4, 2021/08/21, 11:29:27.028, 621566800223, vstest.console.dll, ProxyDataCollectionManager.BeforeTestRunStart: Get environment variable and port for datacollector processId: 6980 port: 60998
TpTrace Verbose: 0 : 6444, 4, 2021/08/21, 11:29:27.028, 621566804276, vstest.console.dll, DataCollectionRequestSender.SendBeforeTestRunStartAndGetResult : Send BeforeTestRunStart message with settingsXml <RunSettings><RunConfiguration><ResultsDirectory>C:\Users\Dell\source\repos\PizaaOrderSystem\PizzaAppApi\UnitTest\bin\Debug\netcoreapp3.1\fine-code-coverage\coverage-tool-output</ResultsDirectory><TargetPlatform>X64</TargetPlatform><TargetFrameworkVersion>.NETCoreApp,Version=v3.1</TargetFrameworkVersion><DesignMode>False</DesignMode><CollectSourceInformation>False</CollectSourceInformation><TestAdaptersPaths>C:\Program Files\dotnet\sdk\5.0.400\Extensions</TestAdaptersPaths></RunConfiguration><LoggerRunSettings><Loggers><Logger friendlyName="blame" enabled="True" /><Logger friendlyName="Console" uri="logger://microsoft/TestPlatform/ConsoleLogger/v1" assemblyQualifiedName="Microsoft.VisualStudio.TestPlatform.CommandLine.Internal.ConsoleLogger, vstest.console, Version=15.0.0.0, Culture=neutral, PublicKeyToken=b03f5f7f11d50a3a" codeBase="C:\Program Files\dotnet\sdk\5.0.400\vstest.console.dll" enabled="True" /></Loggers></LoggerRunSettings><DataCollectionRunSettings><DataCollectors><DataCollector friendlyName="blame" enabled="True"><Configuration><ResultsDirectory>C:\Users\Dell\source\repos\PizaaOrderSystem\PizzaAppApi\UnitTest\bin\Debug\netcoreapp3.1\fine-code-coverage\coverage-tool-output</ResultsDirectory></Configuration></DataCollector></DataCollectors></DataCollectionRunSettings></RunSettings> and sources System.Linq.Enumerable+Concat2Iterator`1[System.String]: 
TpTrace Verbose: 0 : 6444, 4, 2021/08/21, 11:29:27.813, 621574650001, vstest.console.dll, DataCollectionRequestSender.SendBeforeTestRunStartAndGetResult : Received message: (DataCollection.SendMessage) -> {
  "FriendlyName": null,
  "Uri": null,
  "TestCaseId": "00000000-0000-0000-0000-000000000000",
  "Message": "Logging DataCollector Diagnostics in file: C:\\Users\\Dell\\source\\repos\\PizaaOrderSystem\\PizzaAppApi\\UnitTest\\bin\\Debug\\netcoreapp3.1\\fine-code-coverage\\coverage-tool-output\\diagnostics.datacollector.21-08-21_11-29-26_27385_4.log",
  "Level": 0
}
TpTrace Verbose: 0 : 6444, 4, 2021/08/21, 11:29:28.235, 621578867716, vstest.console.dll, DataCollectionRequestSender.SendBeforeTestRunStartAndGetResult : Received message: (DataCollection.BeforeTestRunStartResult) -> {
  "EnvironmentVariables": {},
  "DataCollectionEventsPort": 61000
}
TpTrace Information: 0 : 6444, 4, 2021/08/21, 11:29:28.257, 621579090602, vstest.console.dll, ProxyDataCollectionManager.BeforeTestRunStart: SendBeforeTestRunStartAndGetResult successful, env variable from datacollector:   and testhost port: 61000
TpTrace Information: 0 : 6444, 4, 2021/08/21, 11:29:28.257, 621579094381, vstest.console.dll, ProxyDataCollectionManager.InvokeDataCollectionServiceAction: Completed.
TpTrace Verbose: 0 : 6444, 1, 2021/08/21, 11:29:28.258, 621579100388, vstest.console.dll, TestRunRequest.ExecuteAsync: Creating test run request.
TpTrace Verbose: 0 : 6444, 1, 2021/08/21, 11:29:28.260, 621579120626, vstest.console.dll, TestRunRequest.ExecuteAsync: Starting.
TpTrace Information: 0 : 6444, 1, 2021/08/21, 11:29:28.262, 621579136639, vstest.console.dll, TestRunRequest.ExecuteAsync: Starting run with settings:TestRunCriteria:
   KeepAlive=False,FrequencyOfRunStatsChangeEvent=10,RunStatsChangeEventTimeout=00:00:01.5000000,TestCaseFilter=,TestExecutorLauncher=
   Settingsxml=<RunSettings>
  <RunConfiguration>
    <ResultsDirectory>C:\Users\Dell\source\repos\PizaaOrderSystem\PizzaAppApi\UnitTest\bin\Debug\netcoreapp3.1\fine-code-coverage\coverage-tool-output</ResultsDirectory>
    <TargetPlatform>X64</TargetPlatform>
    <TargetFrameworkVersion>.NETCoreApp,Version=v3.1</TargetFrameworkVersion>
    <DesignMode>False</DesignMode>
    <CollectSourceInformation>False</CollectSourceInformation>
  </RunConfiguration>
  <LoggerRunSettings>
    <Loggers>
      <Logger friendlyName="blame" enabled="True" />
      <Logger friendlyName="Console" uri="logger://microsoft/TestPlatform/ConsoleLogger/v1" assemblyQualifiedName="Microsoft.VisualStudio.TestPlatform.CommandLine.Internal.ConsoleLogger, vstest.console, Version=15.0.0.0, Culture=neutral, PublicKeyToken=b03f5f7f11d50a3a" codeBase="C:\Program Files\dotnet\sdk\5.0.400\vstest.console.dll" enabled="True" />
    </Loggers>
  </LoggerRunSettings>
  <DataCollectionRunSettings>
    <DataCollectors>
      <DataCollector friendlyName="blame" enabled="True">
        <Configuration>
          <ResultsDirectory>C:\Users\Dell\source\repos\PizaaOrderSystem\PizzaAppApi\UnitTest\bin\Debug\netcoreapp3.1\fine-code-coverage\coverage-tool-output</ResultsDirectory>
        </Configuration>
      </DataCollector>
    </DataCollectors>
  </DataCollectionRunSettings>
</RunSettings>

TpTrace Verbose: 0 : 6444, 1, 2021/08/21, 11:29:28.262, 621579139343, vstest.console.dll, TestRunRequest.ExecuteAsync: Wait for the first run request is over.
TpTrace Verbose: 0 : 6444, 1, 2021/08/21, 11:29:28.264, 621579157386, vstest.console.dll, ParallelProxyExecutionManager: Start execution. Total sources: 1
TpTrace Information: 0 : 6444, 1, 2021/08/21, 11:29:28.267, 621579187621, vstest.console.dll, ProxyParallelExecutionManager: Triggering test run for next source: C:\Users\Dell\source\repos\PizaaOrderSystem\PizzaAppApi\UnitTest\bin\Debug\netcoreapp3.1\fine-code-coverage\build-output\UnitTest.dll
TpTrace Verbose: 0 : 6444, 1, 2021/08/21, 11:29:28.267, 621579194343, vstest.console.dll, ProxyParallelExecutionManager: No sources available for execution.
TpTrace Information: 0 : 6444, 1, 2021/08/21, 11:29:28.268, 621579196434, vstest.console.dll, TestRunRequest.ExecuteAsync: Started.
TpTrace Verbose: 0 : 6444, 9, 2021/08/21, 11:29:28.268, 621579197401, vstest.console.dll, ParallelProxyExecutionManager: Execution started. Started clients: 1
TpTrace Verbose: 0 : 6444, 1, 2021/08/21, 11:29:28.268, 621579199659, vstest.console.dll, TestRunRequest.WaitForCompletion: Waiting with timeout -1.
TpTrace Verbose: 0 : 6444, 9, 2021/08/21, 11:29:28.269, 621579211293, vstest.console.dll, TestRunRequest:SendTestRunMessage: Starting.
TpTrace Information: 0 : 6444, 9, 2021/08/21, 11:29:28.270, 621579220070, vstest.console.dll, TestRunRequest:SendTestRunMessage: Completed.
TpTrace Verbose: 0 : 6444, 9, 2021/08/21, 11:29:28.272, 621579235614, vstest.console.dll, ProxyExecutionManager: Test host is always Lazy initialize.
TpTrace Verbose: 0 : 6444, 9, 2021/08/21, 11:29:28.273, 621579246084, vstest.console.dll, TestRequestSender.InitializeCommunication: initialize communication. 
TpTrace Information: 0 : 6444, 9, 2021/08/21, 11:29:28.274, 621579263814, vstest.console.dll, SocketServer.Start: Listening on endpoint : 127.0.0.1:61001
TpTrace Verbose: 0 : 6444, 9, 2021/08/21, 11:29:28.280, 621579317228, vstest.console.dll, DotnetTestHostmanager: Adding  --runtimeconfig "C:\Users\Dell\source\repos\PizaaOrderSystem\PizzaAppApi\UnitTest\bin\Debug\netcoreapp3.1\fine-code-coverage\build-output\UnitTest.runtimeconfig.json" in args
TpTrace Verbose: 0 : 6444, 9, 2021/08/21, 11:29:28.280, 621579322167, vstest.console.dll, DotnetTestHostmanager: Adding  --depsfile "C:\Users\Dell\source\repos\PizaaOrderSystem\PizzaAppApi\UnitTest\bin\Debug\netcoreapp3.1\fine-code-coverage\build-output\UnitTest.deps.json" in args
TpTrace Information: 0 : 6444, 9, 2021/08/21, 11:29:28.281, 621579333425, vstest.console.dll, AssemblyResolver.OnResolve: Microsoft.Extensions.DependencyModel: Resolving assembly.
TpTrace Information: 0 : 6444, 9, 2021/08/21, 11:29:28.282, 621579336219, vstest.console.dll, AssemblyResolver.OnResolve: Microsoft.Extensions.DependencyModel: Searching in: 'C:\Program Files\dotnet\sdk\5.0.400\Extensions'.
TpTrace Information: 0 : 6444, 9, 2021/08/21, 11:29:28.282, 621579340027, vstest.console.dll, AssemblyResolver.OnResolve: Microsoft.Extensions.DependencyModel: Assembly path does not exist: 'C:\Program Files\dotnet\sdk\5.0.400\Extensions\Microsoft.Extensions.DependencyModel.dll', returning.
TpTrace Information: 0 : 6444, 9, 2021/08/21, 11:29:28.282, 621579343784, vstest.console.dll, AssemblyResolver.OnResolve: Microsoft.Extensions.DependencyModel: Assembly path does not exist: 'C:\Program Files\dotnet\sdk\5.0.400\Extensions\Microsoft.Extensions.DependencyModel.exe', returning.
TpTrace Information: 0 : 6444, 9, 2021/08/21, 11:29:28.283, 621579346161, vstest.console.dll, AssemblyResolver.OnResolve: Microsoft.Extensions.DependencyModel: Searching in: 'C:\Program Files\dotnet\sdk\5.0.400'.
TpTrace Information: 0 : 6444, 9, 2021/08/21, 11:29:28.288, 621579402667, vstest.console.dll, AssemblyResolver.OnResolve: Microsoft.Extensions.DependencyModel: Loading assembly 'C:\Program Files\dotnet\sdk\5.0.400\Microsoft.Extensions.DependencyModel.dll'.
TpTrace Information: 0 : 6444, 9, 2021/08/21, 11:29:28.291, 621579426545, vstest.console.dll, AssemblyResolver.OnResolve: Resolved assembly: Microsoft.Extensions.DependencyModel, from path: C:\Program Files\dotnet\sdk\5.0.400\Microsoft.Extensions.DependencyModel.dll
TpTrace Verbose: 0 : 6444, 9, 2021/08/21, 11:29:28.292, 621579442880, vstest.console.dll, DotnetTestHostmanager: Reading file C:\Users\Dell\source\repos\PizaaOrderSystem\PizzaAppApi\UnitTest\bin\Debug\netcoreapp3.1\fine-code-coverage\build-output\UnitTest.deps.json to get path of testhost.dll
TpTrace Verbose: 0 : 6444, 9, 2021/08/21, 11:29:28.468, 621581197753, vstest.console.dll, DotnetTestHostmanager: Relative path of testhost.dll with respect to package folder is microsoft.testplatform.testhost/16.5.0\lib/netcoreapp2.1/testhost.dll
TpTrace Verbose: 0 : 6444, 9, 2021/08/21, 11:29:28.471, 621581235104, vstest.console.dll, DotnetTestHostmanager: Looking for path microsoft.testplatform.testhost/16.5.0\lib/netcoreapp2.1/testhost.dll in folder C:\Users\Dell\.dotnet\store\|arch|\|tfm|
TpTrace Verbose: 0 : 6444, 9, 2021/08/21, 11:29:28.472, 621581242827, vstest.console.dll, DotnetTestHostmanager: Looking for path microsoft.testplatform.testhost/16.5.0\lib/netcoreapp2.1/testhost.dll in folder C:\Users\Dell\.nuget\packages
TpTrace Verbose: 0 : 6444, 9, 2021/08/21, 11:29:28.474, 621581259229, vstest.console.dll, DotnetTestHostManager: Testhost.exe/testhost.x86.exe found at path: C:\Users\Dell\.nuget\packages\microsoft.testplatform.testhost\16.5.0\build\netcoreapp2.1\x64\testhost.exe
TpTrace Verbose: 0 : 6444, 9, 2021/08/21, 11:29:28.474, 621581262997, vstest.console.dll, DotnetTestHostmanager: Full path of host exe is C:\Users\Dell\.nuget\packages\microsoft.testplatform.testhost\16.5.0\build\netcoreapp2.1\x64\testhost.exe
TpTrace Verbose: 0 : 6444, 10, 2021/08/21, 11:29:28.495, 621581472428, vstest.console.dll, DotnetTestHostManager: Starting process 'C:\Users\Dell\.nuget\packages\microsoft.testplatform.testhost\16.5.0\build\netcoreapp2.1\x64\testhost.exe' with command line ' --runtimeconfig "C:\Users\Dell\source\repos\PizaaOrderSystem\PizzaAppApi\UnitTest\bin\Debug\netcoreapp3.1\fine-code-coverage\build-output\UnitTest.runtimeconfig.json" --depsfile "C:\Users\Dell\source\repos\PizaaOrderSystem\PizzaAppApi\UnitTest\bin\Debug\netcoreapp3.1\fine-code-coverage\build-output\UnitTest.deps.json" --port 61001 --endpoint 127.0.0.1:061001 --role client --parentprocessid 6444 --diag "C:\Users\Dell\source\repos\PizaaOrderSystem\PizzaAppApi\UnitTest\bin\Debug\netcoreapp3.1\fine-code-coverage\coverage-tool-output\diagnostics.host.21-08-21_11-29-28_27834_9.log" --tracelevel 4 --datacollectionport 61000 --telemetryoptedin false'
TpTrace Verbose: 0 : 6444, 10, 2021/08/21, 11:29:28.557, 621582130111, vstest.console.dll, Test Runtime launched
TpTrace Verbose: 0 : 6444, 9, 2021/08/21, 11:29:28.570, 621582215670, vstest.console.dll, TestRequestSender.WaitForRequestHandlerConnection: waiting for connection with timeout: 90000
TpTrace Verbose: 0 : 6444, 12, 2021/08/21, 11:29:30.073, 621597249147, vstest.console.dll, SocketServer.OnClientConnected: Client connected for endPoint: 127.0.0.1:61001, starting MessageLoopAsync:
TpTrace Verbose: 0 : 6444, 12, 2021/08/21, 11:29:30.074, 621597256769, vstest.console.dll, TcpClientExtensions.MessageLoopAsync: Polling on remoteEndPoint: 127.0.0.1:61003 localEndPoint: 127.0.0.1:61001
TpTrace Verbose: 0 : 6444, 12, 2021/08/21, 11:29:31.090, 621607418248, vstest.console.dll, TcpClientExtensions.MessageLoopAsync: Polling on remoteEndPoint: 127.0.0.1:61003 localEndPoint: 127.0.0.1:61001
TpTrace Verbose: 0 : 6444, 12, 2021/08/21, 11:29:31.733, 621613851670, vstest.console.dll, TcpClientExtensions.MessageLoopAsync: NotifyDataAvailable remoteEndPoint: 127.0.0.1:61003 localEndPoint: 127.0.0.1:61001
TpTrace Verbose: 0 : 6444, 12, 2021/08/21, 11:29:31.734, 621613861857, vstest.console.dll, TestRequestSender.CheckVersionWithTestHost: onMessageReceived received message: (ProtocolVersion) -> 2
TpTrace Verbose: 0 : 6444, 12, 2021/08/21, 11:29:31.736, 621613876386, vstest.console.dll, TcpClientExtensions.MessageLoopAsync: Polling on remoteEndPoint: 127.0.0.1:61003 localEndPoint: 127.0.0.1:61001
TpTrace Verbose: 0 : 6444, 9, 2021/08/21, 11:29:31.736, 621613882834, vstest.console.dll, TestPluginCache.GetExtensionPaths: Filtered extension paths: 
TpTrace Verbose: 0 : 6444, 9, 2021/08/21, 11:29:31.736, 621613884742, vstest.console.dll, TestPluginCache.GetExtensionPaths: Added default extension paths: C:\Program Files\dotnet\sdk\5.0.400\Extensions\Microsoft.Diagnostics.NETCore.Client.dll
C:\Program Files\dotnet\sdk\5.0.400\Extensions\Microsoft.TestPlatform.Extensions.BlameDataCollector.dll
C:\Program Files\dotnet\sdk\5.0.400\Extensions\Microsoft.TestPlatform.Extensions.EventLogCollector.dll
C:\Program Files\dotnet\sdk\5.0.400\Extensions\Microsoft.TestPlatform.TestHostRuntimeProvider.dll
C:\Program Files\dotnet\sdk\5.0.400\Extensions\Microsoft.VisualStudio.TestPlatform.Extensions.Html.TestLogger.dll
C:\Program Files\dotnet\sdk\5.0.400\Extensions\Microsoft.VisualStudio.TestPlatform.Extensions.Trx.TestLogger.dll
TpTrace Verbose: 0 : 6444, 9, 2021/08/21, 11:29:31.737, 621613886334, vstest.console.dll, TestPluginCache.GetExtensionPaths: Added unfilterableExtensionPaths: 
TpTrace Verbose: 0 : 6444, 9, 2021/08/21, 11:29:31.752, 621614043409, vstest.console.dll, TestRequestSender.InitializeExecution: Sending initializing execution with message: {"Version":2,"MessageType":"TestExecution.Initialize","Payload":["C:\\Users\\Dell\\source\\repos\\PizaaOrderSystem\\PizzaAppApi\\UnitTest\\bin\\Debug\\netcoreapp3.1\\fine-code-coverage\\build-output\\xunit.runner.visualstudio.dotnetcore.testadapter.dll"]}
TpTrace Verbose: 0 : 6444, 9, 2021/08/21, 11:29:31.818, 621614698165, vstest.console.dll, TestRequestSender.StartTestRun: Sending test run with message: {"Version":2,"MessageType":"TestExecution.StartWithSources","Payload":{"AdapterSourceMap":{"_none_":["C:\\Users\\Dell\\source\\repos\\PizaaOrderSystem\\PizzaAppApi\\UnitTest\\bin\\Debug\\netcoreapp3.1\\fine-code-coverage\\build-output\\UnitTest.dll"]},"RunSettings":"<RunSettings>\r\n  <RunConfiguration>\r\n    <ResultsDirectory>C:\\Users\\Dell\\source\\repos\\PizaaOrderSystem\\PizzaAppApi\\UnitTest\\bin\\Debug\\netcoreapp3.1\\fine-code-coverage\\coverage-tool-output</ResultsDirectory>\r\n    <TargetPlatform>X64</TargetPlatform>\r\n    <TargetFrameworkVersion>.NETCoreApp,Version=v3.1</TargetFrameworkVersion>\r\n    <DesignMode>False</DesignMode>\r\n    <CollectSourceInformation>False</CollectSourceInformation>\r\n  </RunConfiguration>\r\n  <LoggerRunSettings>\r\n    <Loggers>\r\n      <Logger friendlyName=\"blame\" enabled=\"True\" />\r\n      <Logger friendlyName=\"Console\" uri=\"logger://microsoft/TestPlatform/ConsoleLogger/v1\" assemblyQualifiedName=\"Microsoft.VisualStudio.TestPlatform.CommandLine.Internal.ConsoleLogger, vstest.console, Version=15.0.0.0, Culture=neutral, PublicKeyToken=b03f5f7f11d50a3a\" codeBase=\"C:\\Program Files\\dotnet\\sdk\\5.0.400\\vstest.console.dll\" enabled=\"True\" />\r\n    </Loggers>\r\n  </LoggerRunSettings>\r\n  <DataCollectionRunSettings>\r\n    <DataCollectors>\r\n      <DataCollector friendlyName=\"blame\" enabled=\"True\">\r\n        <Configuration>\r\n          <ResultsDirectory>C:\\Users\\Dell\\source\\repos\\PizaaOrderSystem\\PizzaAppApi\\UnitTest\\bin\\Debug\\netcoreapp3.1\\fine-code-coverage\\coverage-tool-output</ResultsDirectory>\r\n        </Configuration>\r\n      </DataCollector>\r\n    </DataCollectors>\r\n  </DataCollectionRunSettings>\r\n</RunSettings>","TestExecutionContext":{"FrequencyOfRunStatsChangeEvent":10,"RunStatsChangeEventTimeout":"00:00:01.5000000","InIsolation":false,"KeepAlive":false,"AreTestCaseLevelEventsRequired":false,"IsDebug":false,"TestCaseFilter":null,"FilterOptions":null},"Package":null}}
TpTrace Verbose: 0 : 6444, 12, 2021/08/21, 11:29:31.847, 621614987285, vstest.console.dll, TcpClientExtensions.MessageLoopAsync: NotifyDataAvailable remoteEndPoint: 127.0.0.1:61003 localEndPoint: 127.0.0.1:61001
TpTrace Verbose: 0 : 6444, 12, 2021/08/21, 11:29:31.847, 621614991669, vstest.console.dll, TestRequestSender.OnExecutionMessageReceived: Received message: {"Version":2,"MessageType":"TestSession.Message","Payload":{"MessageLevel":0,"Message":"Logging TestHost Diagnostics in file: C:\\Users\\Dell\\source\\repos\\PizaaOrderSystem\\PizzaAppApi\\UnitTest\\bin\\Debug\\netcoreapp3.1\\fine-code-coverage\\coverage-tool-output\\diagnostics.host.21-08-21_11-29-28_27834_9.log"}}
TpTrace Verbose: 0 : 6444, 12, 2021/08/21, 11:29:31.855, 621615067229, vstest.console.dll, TestRunRequest:SendTestRunMessage: Starting.
TpTrace Information: 0 : 6444, 12, 2021/08/21, 11:29:31.855, 621615071759, vstest.console.dll, TestRunRequest:SendTestRunMessage: Completed.
TpTrace Verbose: 0 : 6444, 12, 2021/08/21, 11:29:31.855, 621615073460, vstest.console.dll, TcpClientExtensions.MessageLoopAsync: Polling on remoteEndPoint: 127.0.0.1:61003 localEndPoint: 127.0.0.1:61001
TpTrace Verbose: 0 : 6444, 12, 2021/08/21, 11:29:32.704, 621623555667, vstest.console.dll, TcpClientExtensions.MessageLoopAsync: NotifyDataAvailable remoteEndPoint: 127.0.0.1:61003 localEndPoint: 127.0.0.1:61001
TpTrace Verbose: 0 : 6444, 12, 2021/08/21, 11:29:32.704, 621623561045, vstest.console.dll, TestRequestSender.OnExecutionMessageReceived: Received message: {"Version":2,"MessageType":"TestSession.Message","Payload":{"MessageLevel":0,"Message":"[xUnit.net 00:00:00.01] xUnit.net VSTest Adapter v2.4.0 (64-bit .NET Core 3.1.18)"}}
TpTrace Verbose: 0 : 6444, 12, 2021/08/21, 11:29:32.707, 621623585883, vstest.console.dll, TestRunRequest:SendTestRunMessage: Starting.
TpTrace Information: 0 : 6444, 12, 2021/08/21, 11:29:32.707, 621623588408, vstest.console.dll, TestRunRequest:SendTestRunMessage: Completed.
TpTrace Verbose: 0 : 6444, 12, 2021/08/21, 11:29:32.707, 621623589886, vstest.console.dll, TcpClientExtensions.MessageLoopAsync: Polling on remoteEndPoint: 127.0.0.1:61003 localEndPoint: 127.0.0.1:61001
TpTrace Verbose: 0 : 6444, 12, 2021/08/21, 11:29:33.708, 621633600060, vstest.console.dll, TcpClientExtensions.MessageLoopAsync: Polling on remoteEndPoint: 127.0.0.1:61003 localEndPoint: 127.0.0.1:61001
TpTrace Verbose: 0 : 6444, 12, 2021/08/21, 11:29:34.723, 621643751094, vstest.console.dll, TcpClientExtensions.MessageLoopAsync: Polling on remoteEndPoint: 127.0.0.1:61003 localEndPoint: 127.0.0.1:61001
TpTrace Verbose: 0 : 6444, 12, 2021/08/21, 11:29:35.570, 621652219143, vstest.console.dll, TcpClientExtensions.MessageLoopAsync: NotifyDataAvailable remoteEndPoint: 127.0.0.1:61003 localEndPoint: 127.0.0.1:61001
TpTrace Verbose: 0 : 6444, 12, 2021/08/21, 11:29:35.570, 621652221983, vstest.console.dll, TestRequestSender.OnExecutionMessageReceived: Received message: {"Version":2,"MessageType":"TestSession.Message","Payload":{"MessageLevel":0,"Message":"[xUnit.net 00:00:02.88]   Discovering: UnitTest"}}
TpTrace Verbose: 0 : 6444, 12, 2021/08/21, 11:29:35.571, 621652231060, vstest.console.dll, TestRunRequest:SendTestRunMessage: Starting.
TpTrace Information: 0 : 6444, 12, 2021/08/21, 11:29:35.571, 621652233018, vstest.console.dll, TestRunRequest:SendTestRunMessage: Completed.
TpTrace Verbose: 0 : 6444, 12, 2021/08/21, 11:29:35.571, 621652234547, vstest.console.dll, TcpClientExtensions.MessageLoopAsync: Polling on remoteEndPoint: 127.0.0.1:61003 localEndPoint: 127.0.0.1:61001
TpTrace Verbose: 0 : 6444, 12, 2021/08/21, 11:29:36.583, 621662350312, vstest.console.dll, TcpClientExtensions.MessageLoopAsync: Polling on remoteEndPoint: 127.0.0.1:61003 localEndPoint: 127.0.0.1:61001
TpTrace Verbose: 0 : 6444, 12, 2021/08/21, 11:29:37.583, 621672350915, vstest.console.dll, TcpClientExtensions.MessageLoopAsync: Polling on remoteEndPoint: 127.0.0.1:61003 localEndPoint: 127.0.0.1:61001
TpTrace Verbose: 0 : 6444, 12, 2021/08/21, 11:29:37.690, 621673415366, vstest.console.dll, TcpClientExtensions.MessageLoopAsync: NotifyDataAvailable remoteEndPoint: 127.0.0.1:61003 localEndPoint: 127.0.0.1:61001
TpTrace Verbose: 0 : 6444, 12, 2021/08/21, 11:29:37.690, 621673418931, vstest.console.dll, TestRequestSender.OnExecutionMessageReceived: Received message: {"Version":2,"MessageType":"TestSession.Message","Payload":{"MessageLevel":0,"Message":"[xUnit.net 00:00:05.00]   Discovered:  UnitTest"}}
TpTrace Verbose: 0 : 6444, 12, 2021/08/21, 11:29:37.690, 621673424280, vstest.console.dll, TestRunRequest:SendTestRunMessage: Starting.
TpTrace Information: 0 : 6444, 12, 2021/08/21, 11:29:37.691, 621673426785, vstest.console.dll, TestRunRequest:SendTestRunMessage: Completed.
TpTrace Verbose: 0 : 6444, 12, 2021/08/21, 11:29:37.691, 621673428412, vstest.console.dll, TcpClientExtensions.MessageLoopAsync: Polling on remoteEndPoint: 127.0.0.1:61003 localEndPoint: 127.0.0.1:61001
TpTrace Verbose: 0 : 6444, 12, 2021/08/21, 11:29:37.702, 621673539936, vstest.console.dll, TcpClientExtensions.MessageLoopAsync: NotifyDataAvailable remoteEndPoint: 127.0.0.1:61003 localEndPoint: 127.0.0.1:61001
TpTrace Verbose: 0 : 6444, 12, 2021/08/21, 11:29:37.702, 621673543232, vstest.console.dll, TestRequestSender.OnExecutionMessageReceived: Received message: {"Version":2,"MessageType":"TestSession.Message","Payload":{"MessageLevel":0,"Message":"[xUnit.net 00:00:05.01]   Starting:    UnitTest"}}
TpTrace Verbose: 0 : 6444, 12, 2021/08/21, 11:29:37.703, 621673549035, vstest.console.dll, TestRunRequest:SendTestRunMessage: Starting.
TpTrace Information: 0 : 6444, 12, 2021/08/21, 11:29:37.703, 621673551736, vstest.console.dll, TestRunRequest:SendTestRunMessage: Completed.
TpTrace Verbose: 0 : 6444, 12, 2021/08/21, 11:29:37.703, 621673553641, vstest.console.dll, TcpClientExtensions.MessageLoopAsync: Polling on remoteEndPoint: 127.0.0.1:61003 localEndPoint: 127.0.0.1:61001
TpTrace Verbose: 0 : 6444, 12, 2021/08/21, 11:29:38.710, 621683622659, vstest.console.dll, TcpClientExtensions.MessageLoopAsync: Polling on remoteEndPoint: 127.0.0.1:61003 localEndPoint: 127.0.0.1:61001
TpTrace Verbose: 0 : 6444, 12, 2021/08/21, 11:29:39.722, 621693740477, vstest.console.dll, TcpClientExtensions.MessageLoopAsync: Polling on remoteEndPoint: 127.0.0.1:61003 localEndPoint: 127.0.0.1:61001
TpTrace Verbose: 0 : 6444, 12, 2021/08/21, 11:29:40.735, 621703872358, vstest.console.dll, TcpClientExtensions.MessageLoopAsync: Polling on remoteEndPoint: 127.0.0.1:61003 localEndPoint: 127.0.0.1:61001
TpTrace Verbose: 0 : 6444, 12, 2021/08/21, 11:29:41.740, 621713921565, vstest.console.dll, TcpClientExtensions.MessageLoopAsync: Polling on remoteEndPoint: 127.0.0.1:61003 localEndPoint: 127.0.0.1:61001
TpTrace Verbose: 0 : 6444, 12, 2021/08/21, 11:29:42.522, 621721736468, vstest.console.dll, TcpClientExtensions.MessageLoopAsync: NotifyDataAvailable remoteEndPoint: 127.0.0.1:61003 localEndPoint: 127.0.0.1:61001
TpTrace Verbose: 0 : 6444, 12, 2021/08/21, 11:29:42.522, 621721745127, vstest.console.dll, TestRequestSender.OnExecutionMessageReceived: Received message: {"Version":2,"MessageType":"TestExecution.StatsChange","Payload":{"NewTestResults":[],"TestRunStatistics":{"ExecutedTests":0,"Stats":{}},"ActiveTests":[{"Id":"33ccfb56-e596-8a69-9468-12a5e01f4fb4","FullyQualifiedName":"UnitTest.DashboardServiceTest.GetDashboardDetails_Should_ReturnData","DisplayName":"UnitTest.DashboardServiceTest.GetDashboardDetails_Should_ReturnData(configName: \"slider\")","ExecutorUri":"executor://xunit/VsTestRunner2/netcoreapp","Source":"C:\\Users\\Dell\\source\\repos\\PizaaOrderSystem\\PizzaAppApi\\UnitTest\\bin\\Debug\\netcoreapp3.1\\fine-code-coverage\\build-output\\UnitTest.dll","CodeFilePath":null,"LineNumber":0,"Properties":[]}]}}
TpTrace Verbose: 0 : 6444, 12, 2021/08/21, 11:29:42.589, 621722408974, vstest.console.dll, TestRunRequest:SendTestRunStatsChange: Starting.
TpTrace Verbose: 0 : 6444, 12, 2021/08/21, 11:29:42.589, 621722414468, vstest.console.dll, InProgress is UnitTest.DashboardServiceTest.GetDashboardDetails_Should_ReturnData(configName: "slider")
TpTrace Information: 0 : 6444, 12, 2021/08/21, 11:29:42.590, 621722418569, vstest.console.dll, TestRunRequest:SendTestRunStatsChange: Completed.
TpTrace Verbose: 0 : 6444, 12, 2021/08/21, 11:29:42.590, 621722420472, vstest.console.dll, TcpClientExtensions.MessageLoopAsync: Polling on remoteEndPoint: 127.0.0.1:61003 localEndPoint: 127.0.0.1:61001
TpTrace Verbose: 0 : 6444, 12, 2021/08/21, 11:29:43.605, 621732569182, vstest.console.dll, TcpClientExtensions.MessageLoopAsync: Polling on remoteEndPoint: 127.0.0.1:61003 localEndPoint: 127.0.0.1:61001
TpTrace Verbose: 0 : 6444, 12, 2021/08/21, 11:29:44.395, 621740472852, vstest.console.dll, TcpClientExtensions.MessageLoopAsync: NotifyDataAvailable remoteEndPoint: 127.0.0.1:61003 localEndPoint: 127.0.0.1:61001
TpTrace Verbose: 0 : 6444, 12, 2021/08/21, 11:29:44.396, 621740477323, vstest.console.dll, TestRequestSender.OnExecutionMessageReceived: Received message: {"Version":2,"MessageType":"TestExecution.StatsChange","Payload":{"NewTestResults":[],"TestRunStatistics":{"ExecutedTests":0,"Stats":{}},"ActiveTests":[{"Id":"0b125e1e-0e1f-020e-7d1e-8591d0a3c2e9","FullyQualifiedName":"UnitTest.LookupServiceTest.GetConfigurationsDetails_Should_Throw_Exception_When_InValid_ConfigName","DisplayName":"UnitTest.LookupServiceTest.GetConfigurationsDetails_Should_Throw_Exception_When_InValid_ConfigName(configName: \"\")","ExecutorUri":"executor://xunit/VsTestRunner2/netcoreapp","Source":"C:\\Users\\Dell\\source\\repos\\PizaaOrderSystem\\PizzaAppApi\\UnitTest\\bin\\Debug\\netcoreapp3.1\\fine-code-coverage\\build-output\\UnitTest.dll","CodeFilePath":null,"LineNumber":0,"Properties":[]},{"Id":"125c8e52-325f-631e-c30e-b9b79a6c764d","FullyQualifiedName":"UnitTest.OrderServiceTest.PlaceUserOrder_Should_Throw_Exception_When_Invalid_Email","DisplayName":"UnitTest.OrderServiceTest.PlaceUserOrder_Should_Throw_Exception_When_Invalid_Email(email: \"Testgmail.com\")","ExecutorUri":"executor://xunit/VsTestRunner2/netcoreapp","Source":"C:\\Users\\Dell\\source\\repos\\PizaaOrderSystem\\PizzaAppApi\\UnitTest\\bin\\Debug\\netcoreapp3.1\\fine-code-coverage\\build-output\\UnitTest.dll","CodeFilePath":null,"LineNumber":0,"Properties":[]}]}}
TpTrace Verbose: 0 : 6444, 12, 2021/08/21, 11:29:44.399, 621740506380, vstest.console.dll, TestRunRequest:SendTestRunStatsChange: Starting.
TpTrace Verbose: 0 : 6444, 12, 2021/08/21, 11:29:44.399, 621740508805, vstest.console.dll, InProgress is UnitTest.LookupServiceTest.GetConfigurationsDetails_Should_Throw_Exception_When_InValid_ConfigName(configName: "")
TpTrace Verbose: 0 : 6444, 12, 2021/08/21, 11:29:44.399, 621740510359, vstest.console.dll, InProgress is UnitTest.OrderServiceTest.PlaceUserOrder_Should_Throw_Exception_When_Invalid_Email(email: "Testgmail.com")
TpTrace Information: 0 : 6444, 12, 2021/08/21, 11:29:44.399, 621740512043, vstest.console.dll, TestRunRequest:SendTestRunStatsChange: Completed.
TpTrace Verbose: 0 : 6444, 12, 2021/08/21, 11:29:44.399, 621740513492, vstest.console.dll, TcpClientExtensions.MessageLoopAsync: Polling on remoteEndPoint: 127.0.0.1:61003 localEndPoint: 127.0.0.1:61001
TpTrace Verbose: 0 : 6444, 12, 2021/08/21, 11:29:45.402, 621750543786, vstest.console.dll, TcpClientExtensions.MessageLoopAsync: Polling on remoteEndPoint: 127.0.0.1:61003 localEndPoint: 127.0.0.1:61001
TpTrace Verbose: 0 : 6444, 12, 2021/08/21, 11:29:46.409, 621760613088, vstest.console.dll, TcpClientExtensions.MessageLoopAsync: Polling on remoteEndPoint: 127.0.0.1:61003 localEndPoint: 127.0.0.1:61001
TpTrace Verbose: 0 : 6444, 12, 2021/08/21, 11:29:46.812, 621764641318, vstest.console.dll, TcpClientExtensions.MessageLoopAsync: NotifyDataAvailable remoteEndPoint: 127.0.0.1:61003 localEndPoint: 127.0.0.1:61001
TpTrace Verbose: 0 : 6444, 12, 2021/08/21, 11:29:46.813, 621764646988, vstest.console.dll, TestRequestSender.OnExecutionMessageReceived: Received message: {"Version":2,"MessageType":"TestExecution.StatsChange","Payload":{"NewTestResults":[{"TestCase":{"Id":"0b125e1e-0e1f-020e-7d1e-8591d0a3c2e9","FullyQualifiedName":"UnitTest.LookupServiceTest.GetConfigurationsDetails_Should_Throw_Exception_When_InValid_ConfigName","DisplayName":"UnitTest.LookupServiceTest.GetConfigurationsDetails_Should_Throw_Exception_When_InValid_ConfigName(configName: \"\")","ExecutorUri":"executor://xunit/VsTestRunner2/netcoreapp","Source":"C:\\Users\\Dell\\source\\repos\\PizaaOrderSystem\\PizzaAppApi\\UnitTest\\bin\\Debug\\netcoreapp3.1\\fine-code-coverage\\build-output\\UnitTest.dll","CodeFilePath":null,"LineNumber":0,"Properties":[]},"Attachments":[],"Outcome":1,"ErrorMessage":null,"ErrorStackTrace":null,"DisplayName":"UnitTest.LookupServiceTest.GetConfigurationsDetails_Should_Throw_Exception_When_InValid_ConfigName(configName: \"\")","Messages":[],"ComputerName":"NIKHIL","Duration":"00:00:04.1095229","StartTime":"2021-08-21T07:29:46.4046937+00:00","EndTime":"2021-08-21T07:29:46.4051943+00:00","Properties":[]},{"TestCase":{"Id":"125c8e52-325f-631e-c30e-b9b79a6c764d","FullyQualifiedName":"UnitTest.OrderServiceTest.PlaceUserOrder_Should_Throw_Exception_When_Invalid_Email","DisplayName":"UnitTest.OrderServiceTest.PlaceUserOrder_Should_Throw_Exception_When_Invalid_Email(email: \"Testgmail.com\")","ExecutorUri":"executor://xunit/VsTestRunner2/netcoreapp","Source":"C:\\Users\\Dell\\source\\repos\\PizaaOrderSystem\\PizzaAppApi\\UnitTest\\bin\\Debug\\netcoreapp3.1\\fine-code-coverage\\build-output\\UnitTest.dll","CodeFilePath":null,"LineNumber":0,"Properties":[]},"Attachments":[],"Outcome":1,"ErrorMessage":null,"ErrorStackTrace":null,"DisplayName":"UnitTest.OrderServiceTest.PlaceUserOrder_Should_Throw_Exception_When_Invalid_Email(email: \"Testgmail.com\")","Messages":[],"ComputerName":"NIKHIL","Duration":"00:00:04.1608288","StartTime":"2021-08-21T07:29:46.5052848+00:00","EndTime":"2021-08-21T07:29:46.50529+00:00","Properties":[]}],"TestRunStatistics":{"ExecutedTests":2,"Stats":{"Passed":2}},"ActiveTests":[{"Id":"99ff2801-46dc-bf90-8f76-e2c3a6d1f737","FullyQualifiedName":"UnitTest.LookupServiceTest.GetConfigurationsDetails_Should_Throw_Exception_When_InValid_ConfigName","DisplayName":"UnitTest.LookupServiceTest.GetConfigurationsDetails_Should_Throw_Exception_When_InValid_ConfigName(configName: \"     \")","ExecutorUri":"executor://xunit/VsTestRunner2/netcoreapp","Source":"C:\\Users\\Dell\\source\\repos\\PizaaOrderSystem\\PizzaAppApi\\UnitTest\\bin\\Debug\\netcoreapp3.1\\fine-code-coverage\\build-output\\UnitTest.dll","CodeFilePath":null,"LineNumber":0,"Properties":[]}]}}
TpTrace Verbose: 0 : 6444, 12, 2021/08/21, 11:29:46.872, 621765240522, vstest.console.dll, TestRunRequest:SendTestRunStatsChange: Starting.
TpTrace Verbose: 0 : 6444, 12, 2021/08/21, 11:29:46.872, 621765242993, vstest.console.dll, InProgress is UnitTest.LookupServiceTest.GetConfigurationsDetails_Should_Throw_Exception_When_InValid_ConfigName(configName: "     ")
TpTrace Information: 0 : 6444, 12, 2021/08/21, 11:29:46.873, 621765249532, vstest.console.dll, TestRunRequest:SendTestRunStatsChange: Completed.
TpTrace Verbose: 0 : 6444, 12, 2021/08/21, 11:29:46.876, 621765280427, vstest.console.dll, TcpClientExtensions.MessageLoopAsync: Polling on remoteEndPoint: 127.0.0.1:61003 localEndPoint: 127.0.0.1:61001
TpTrace Verbose: 0 : 6444, 12, 2021/08/21, 11:29:46.902, 621765542088, vstest.console.dll, TcpClientExtensions.MessageLoopAsync: NotifyDataAvailable remoteEndPoint: 127.0.0.1:61003 localEndPoint: 127.0.0.1:61001
TpTrace Verbose: 0 : 6444, 12, 2021/08/21, 11:29:46.903, 621765549074, vstest.console.dll, TestRequestSender.OnExecutionMessageReceived: Received message: {"Version":2,"MessageType":"TestExecution.StatsChange","Payload":{"NewTestResults":[{"TestCase":{"Id":"99ff2801-46dc-bf90-8f76-e2c3a6d1f737","FullyQualifiedName":"UnitTest.LookupServiceTest.GetConfigurationsDetails_Should_Throw_Exception_When_InValid_ConfigName","DisplayName":"UnitTest.LookupServiceTest.GetConfigurationsDetails_Should_Throw_Exception_When_InValid_ConfigName(configName: \"     \")","ExecutorUri":"executor://xunit/VsTestRunner2/netcoreapp","Source":"C:\\Users\\Dell\\source\\repos\\PizaaOrderSystem\\PizzaAppApi\\UnitTest\\bin\\Debug\\netcoreapp3.1\\fine-code-coverage\\build-output\\UnitTest.dll","CodeFilePath":null,"LineNumber":0,"Properties":[]},"Attachments":[],"Outcome":1,"ErrorMessage":null,"ErrorStackTrace":null,"DisplayName":"UnitTest.LookupServiceTest.GetConfigurationsDetails_Should_Throw_Exception_When_InValid_ConfigName(configName: \"     \")","Messages":[],"ComputerName":"NIKHIL","Duration":"00:00:00.0008212","StartTime":"2021-08-21T07:29:46.8190687+00:00","EndTime":"2021-08-21T07:29:46.8190751+00:00","Properties":[]},{"TestCase":{"Id":"c2d48514-b037-5030-402a-fe566cd19efa","FullyQualifiedName":"UnitTest.LookupServiceTest.GetConfigurationsDetails_Should_Throw_Exception_When_InValid_ConfigName","DisplayName":"UnitTest.LookupServiceTest.GetConfigurationsDetails_Should_Throw_Exception_When_InValid_ConfigName(configName: null)","ExecutorUri":"executor://xunit/VsTestRunner2/netcoreapp","Source":"C:\\Users\\Dell\\source\\repos\\PizaaOrderSystem\\PizzaAppApi\\UnitTest\\bin\\Debug\\netcoreapp3.1\\fine-code-coverage\\build-output\\UnitTest.dll","CodeFilePath":null,"LineNumber":0,"Properties":[]},"Attachments":[],"Outcome":1,"ErrorMessage":null,"ErrorStackTrace":null,"DisplayName":"UnitTest.LookupServiceTest.GetConfigurationsDetails_Should_Throw_Exception_When_InValid_ConfigName(configName: null)","Messages":[],"ComputerName":"NIKHIL","Duration":"00:00:00.0005029","StartTime":"2021-08-21T07:29:46.8274061+00:00","EndTime":"2021-08-21T07:29:46.8274117+00:00","Properties":[]},{"TestCase":{"Id":"05094ba7-8881-0b62-5c68-ae27d5c797b1","FullyQualifiedName":"UnitTest.OrderServiceTest.PlaceUserOrder_Should_Throw_Exception_When_Invalid_Email","DisplayName":"UnitTest.OrderServiceTest.PlaceUserOrder_Should_Throw_Exception_When_Invalid_Email(email: \"Testgmailcom\")","ExecutorUri":"executor://xunit/VsTestRunner2/netcoreapp","Source":"C:\\Users\\Dell\\source\\repos\\PizaaOrderSystem\\PizzaAppApi\\UnitTest\\bin\\Debug\\netcoreapp3.1\\fine-code-coverage\\build-output\\UnitTest.dll","CodeFilePath":null,"LineNumber":0,"Properties":[]},"Attachments":[],"Outcome":1,"ErrorMessage":null,"ErrorStackTrace":null,"DisplayName":"UnitTest.OrderServiceTest.PlaceUserOrder_Should_Throw_Exception_When_Invalid_Email(email: \"Testgmailcom\")","Messages":[],"ComputerName":"NIKHIL","Duration":"00:00:00.0009671","StartTime":"2021-08-21T07:29:46.8439039+00:00","EndTime":"2021-08-21T07:29:46.8439104+00:00","Properties":[]},{"TestCase":{"Id":"6e64e0e1-8dc2-3340-a28c-53aa345aea12","FullyQualifiedName":"UnitTest.OrderServiceTest.PlaceUserOrder_Should_Throw_Exception_When_Null_EmailId","DisplayName":"UnitTest.OrderServiceTest.PlaceUserOrder_Should_Throw_Exception_When_Null_EmailId","ExecutorUri":"executor://xunit/VsTestRunner2/netcoreapp","Source":"C:\\Users\\Dell\\source\\repos\\PizaaOrderSystem\\PizzaAppApi\\UnitTest\\bin\\Debug\\netcoreapp3.1\\fine-code-coverage\\build-output\\UnitTest.dll","CodeFilePath":null,"LineNumber":0,"Properties":[]},"Attachments":[],"Outcome":1,"ErrorMessage":null,"ErrorStackTrace":null,"DisplayName":"UnitTest.OrderServiceTest.PlaceUserOrder_Should_Throw_Exception_When_Null_EmailId","Messages":[],"ComputerName":"NIKHIL","Duration":"00:00:00.0035624","StartTime":"2021-08-21T07:29:46.8550017+00:00","EndTime":"2021-08-21T07:29:46.8550078+00:00","Properties":[]},{"TestCase":{"Id":"e17243d5-29f4-7126-7490-a5f058aba115","FullyQualifiedName":"UnitTest.OrderServiceTest.PlaceUserOrder_Should_Save_Data_To_New_File","DisplayName":"UnitTest.OrderServiceTest.PlaceUserOrder_Should_Save_Data_To_New_File","ExecutorUri":"executor://xunit/VsTestRunner2/netcoreapp","Source":"C:\\Users\\Dell\\source\\repos\\PizaaOrderSystem\\PizzaAppApi\\UnitTest\\bin\\Debug\\netcoreapp3.1\\fine-code-coverage\\build-output\\UnitTest.dll","CodeFilePath":null,"LineNumber":0,"Properties":[]},"Attachments":[],"Outcome":1,"ErrorMessage":null,"ErrorStackTrace":null,"DisplayName":"UnitTest.OrderServiceTest.PlaceUserOrder_Should_Save_Data_To_New_File","Messages":[],"ComputerName":"NIKHIL","Duration":"00:00:00.2479113","StartTime":"2021-08-21T07:29:46.8630165+00:00","EndTime":"2021-08-21T07:29:46.8630223+00:00","Properties":[]},{"TestCase":{"Id":"c36bfd35-3687-0863-1abb-c49a6b6a0222","FullyQualifiedName":"UnitTest.OrderServiceTest.PlaceUserOrder_Should_Throw_Exception_When_InValid_Null_OrderDTO","DisplayName":"UnitTest.OrderServiceTest.PlaceUserOrder_Should_Throw_Exception_When_InValid_Null_OrderDTO","ExecutorUri":"executor://xunit/VsTestRunner2/netcoreapp","Source":"C:\\Users\\Dell\\source\\repos\\PizaaOrderSystem\\PizzaAppApi\\UnitTest\\bin\\Debug\\netcoreapp3.1\\fine-code-coverage\\build-output\\UnitTest.dll","CodeFilePath":null,"LineNumber":0,"Properties":[]},"Attachments":[],"Outcome":1,"ErrorMessage":null,"ErrorStackTrace":null,"DisplayName":"UnitTest.OrderServiceTest.PlaceUserOrder_Should_Throw_Exception_When_InValid_Null_OrderDTO","Messages":[],"ComputerName":"NIKHIL","Duration":"00:00:00.0148007","StartTime":"2021-08-21T07:29:46.8708974+00:00","EndTime":"2021-08-21T07:29:46.8709032+00:00","Properties":[]},{"TestCase":{"Id":"b1860033-0a83-dc60-c5b9-83b7d115ec5f","FullyQualifiedName":"UnitTest.LookupServiceTest.GetConfigurationsDetails_Should_ReturnData","DisplayName":"UnitTest.LookupServiceTest.GetConfigurationsDetails_Should_ReturnData(configName: \"dashbord\")","ExecutorUri":"executor://xunit/VsTestRunner2/netcoreapp","Source":"C:\\Users\\Dell\\source\\repos\\PizaaOrderSystem\\PizzaAppApi\\UnitTest\\bin\\Debug\\netcoreapp3.1\\fine-code-coverage\\build-output\\UnitTest.dll","CodeFilePath":null,"LineNumber":0,"Properties":[]},"Attachments":[],"Outcome":1,"ErrorMessage":null,"ErrorStackTrace":null,"DisplayName":"UnitTest.LookupServiceTest.GetConfigurationsDetails_Should_ReturnData(configName: \"dashbord\")","Messages":[],"ComputerName":"NIKHIL","Duration":"00:00:00.2836567","StartTime":"2021-08-21T07:29:46.8864177+00:00","EndTime":"2021-08-21T07:29:46.8864246+00:00","Properties":[]},{"TestCase":{"Id":"e0497eb0-0f04-4e3f-9691-cbf3ad15bfdb","FullyQualifiedName":"UnitTest.LookupServiceTest.GetConfigurationsDetails_Should_ReturnData","DisplayName":"UnitTest.LookupServiceTest.GetConfigurationsDetails_Should_ReturnData(configName: \"slider\")","ExecutorUri":"executor://xunit/VsTestRunner2/netcoreapp","Source":"C:\\Users\\Dell\\source\\repos\\PizaaOrderSystem\\PizzaAppApi\\UnitTest\\bin\\Debug\\netcoreapp3.1\\fine-code-coverage\\build-output\\UnitTest.dll","CodeFilePath":null,"LineNumber":0,"Properties":[]},"Attachments":[],"Outcome":1,"ErrorMessage":null,"ErrorStackTrace":null,"DisplayName":"UnitTest.LookupServiceTest.GetConfigurationsDetails_Should_ReturnData(configName: \"slider\")","Messages":[],"ComputerName":"NIKHIL","Duration":"00:00:00.0088686","StartTime":"2021-08-21T07:29:46.8937538+00:00","EndTime":"2021-08-21T07:29:46.8937623+00:00","Properties":[]}],"TestRunStatistics":{"ExecutedTests":10,"Stats":{"Passed":10}},"ActiveTests":[{"Id":"5e6c95f4-3dc6-6f7d-cd1c-f138fa54c94b","FullyQualifiedName":"UnitTest.OrderServiceTest.PlaceUserOrder_Should_Save_Data_With_2_Request","DisplayName":"UnitTest.OrderServiceTest.PlaceUserOrder_Should_Save_Data_With_2_Request","ExecutorUri":"executor://xunit/VsTestRunner2/netcoreapp","Source":"C:\\Users\\Dell\\source\\repos\\PizaaOrderSystem\\PizzaAppApi\\UnitTest\\bin\\Debug\\netcoreapp3.1\\fine-code-coverage\\build-output\\UnitTest.dll","CodeFilePath":null,"LineNumber":0,"Properties":[]},{"Id":"196e80a3-3b22-4f14-acf4-6f37e1ef12bb","FullyQualifiedName":"UnitTest.LookupServiceTest.GetConfigurationsDetails_Should_Throw_Exception_When_File_NotFound","DisplayName":"UnitTest.LookupServiceTest.GetConfigurationsDetails_Should_Throw_Exception_When_File_NotFound(configName: \"YG^T^&\")","ExecutorUri":"executor://xunit/VsTestRunner2/netcoreapp","Source":"C:\\Users\\Dell\\source\\repos\\PizaaOrderSystem\\PizzaAppApi\\UnitTest\\bin\\Debug\\netcoreapp3.1\\fine-code-coverage\\build-output\\UnitTest.dll","CodeFilePath":null,"LineNumber":0,"Properties":[]}]}}
TpTrace Verbose: 0 : 6444, 12, 2021/08/21, 11:29:46.912, 621765637014, vstest.console.dll, TestRunRequest:SendTestRunStatsChange: Starting.
TpTrace Verbose: 0 : 6444, 12, 2021/08/21, 11:29:46.912, 621765639704, vstest.console.dll, InProgress is UnitTest.OrderServiceTest.PlaceUserOrder_Should_Save_Data_With_2_Request
TpTrace Verbose: 0 : 6444, 12, 2021/08/21, 11:29:46.912, 621765641704, vstest.console.dll, InProgress is UnitTest.LookupServiceTest.GetConfigurationsDetails_Should_Throw_Exception_When_File_NotFound(configName: "YG^T^&")
TpTrace Information: 0 : 6444, 12, 2021/08/21, 11:29:46.912, 621765644863, vstest.console.dll, TestRunRequest:SendTestRunStatsChange: Completed.
TpTrace Verbose: 0 : 6444, 12, 2021/08/21, 11:29:46.913, 621765646606, vstest.console.dll, TcpClientExtensions.MessageLoopAsync: Polling on remoteEndPoint: 127.0.0.1:61003 localEndPoint: 127.0.0.1:61001
TpTrace Verbose: 0 : 6444, 12, 2021/08/21, 11:29:47.006, 621766579729, vstest.console.dll, TcpClientExtensions.MessageLoopAsync: NotifyDataAvailable remoteEndPoint: 127.0.0.1:61003 localEndPoint: 127.0.0.1:61001
TpTrace Verbose: 0 : 6444, 12, 2021/08/21, 11:29:47.007, 621766591941, vstest.console.dll, TestRequestSender.OnExecutionMessageReceived: Received message: {"Version":2,"MessageType":"TestExecution.StatsChange","Payload":{"NewTestResults":[{"TestCase":{"Id":"33ccfb56-e596-8a69-9468-12a5e01f4fb4","FullyQualifiedName":"UnitTest.DashboardServiceTest.GetDashboardDetails_Should_ReturnData","DisplayName":"UnitTest.DashboardServiceTest.GetDashboardDetails_Should_ReturnData(configName: \"slider\")","ExecutorUri":"executor://xunit/VsTestRunner2/netcoreapp","Source":"C:\\Users\\Dell\\source\\repos\\PizaaOrderSystem\\PizzaAppApi\\UnitTest\\bin\\Debug\\netcoreapp3.1\\fine-code-coverage\\build-output\\UnitTest.dll","CodeFilePath":null,"LineNumber":0,"Properties":[]},"Attachments":[],"Outcome":1,"ErrorMessage":null,"ErrorStackTrace":null,"DisplayName":"UnitTest.DashboardServiceTest.GetDashboardDetails_Should_ReturnData(configName: \"slider\")","Messages":[],"ComputerName":"NIKHIL","Duration":"00:00:04.8877290","StartTime":"2021-08-21T07:29:46.9237465+00:00","EndTime":"2021-08-21T07:29:46.9237527+00:00","Properties":[]},{"TestCase":{"Id":"ad2d6f41-e45c-b80e-70d6-03c79fdb4d81","FullyQualifiedName":"UnitTest.DashboardServiceTest.GetDashboardDetails_Should_ReturnData","DisplayName":"UnitTest.DashboardServiceTest.GetDashboardDetails_Should_ReturnData(configName: \"dashbord\")","ExecutorUri":"executor://xunit/VsTestRunner2/netcoreapp","Source":"C:\\Users\\Dell\\source\\repos\\PizaaOrderSystem\\PizzaAppApi\\UnitTest\\bin\\Debug\\netcoreapp3.1\\fine-code-coverage\\build-output\\UnitTest.dll","CodeFilePath":null,"LineNumber":0,"Properties":[]},"Attachments":[],"Outcome":1,"ErrorMessage":null,"ErrorStackTrace":null,"DisplayName":"UnitTest.DashboardServiceTest.GetDashboardDetails_Should_ReturnData(configName: \"dashbord\")","Messages":[],"ComputerName":"NIKHIL","Duration":"00:00:00.0033857","StartTime":"2021-08-21T07:29:46.93186+00:00","EndTime":"2021-08-21T07:29:46.9318664+00:00","Properties":[]},{"TestCase":{"Id":"3b2e085d-2d3e-ba8d-dcae-4ac5325a38d5","FullyQualifiedName":"UnitTest.DashboardServiceTest.GetDashboardDetails_Should_Throw_Exception_When_InValid_ConfigName","DisplayName":"UnitTest.DashboardServiceTest.GetDashboardDetails_Should_Throw_Exception_When_InValid_ConfigName(configName: \"     \")","ExecutorUri":"executor://xunit/VsTestRunner2/netcoreapp","Source":"C:\\Users\\Dell\\source\\repos\\PizaaOrderSystem\\PizzaAppApi\\UnitTest\\bin\\Debug\\netcoreapp3.1\\fine-code-coverage\\build-output\\UnitTest.dll","CodeFilePath":null,"LineNumber":0,"Properties":[]},"Attachments":[],"Outcome":1,"ErrorMessage":null,"ErrorStackTrace":null,"DisplayName":"UnitTest.DashboardServiceTest.GetDashboardDetails_Should_Throw_Exception_When_InValid_ConfigName(configName: \"     \")","Messages":[],"ComputerName":"NIKHIL","Duration":"00:00:00.0042058","StartTime":"2021-08-21T07:29:46.9445879+00:00","EndTime":"2021-08-21T07:29:46.9445954+00:00","Properties":[]},{"TestCase":{"Id":"9e30c493-1c23-555c-0a3a-63ba4783b788","FullyQualifiedName":"UnitTest.DashboardServiceTest.GetDashboardDetails_Should_Throw_Exception_When_InValid_ConfigName","DisplayName":"UnitTest.DashboardServiceTest.GetDashboardDetails_Should_Throw_Exception_When_InValid_ConfigName(configName: null)","ExecutorUri":"executor://xunit/VsTestRunner2/netcoreapp","Source":"C:\\Users\\Dell\\source\\repos\\PizaaOrderSystem\\PizzaAppApi\\UnitTest\\bin\\Debug\\netcoreapp3.1\\fine-code-coverage\\build-output\\UnitTest.dll","CodeFilePath":null,"LineNumber":0,"Properties":[]},"Attachments":[],"Outcome":1,"ErrorMessage":null,"ErrorStackTrace":null,"DisplayName":"UnitTest.DashboardServiceTest.GetDashboardDetails_Should_Throw_Exception_When_InValid_ConfigName(configName: null)","Messages":[],"ComputerName":"NIKHIL","Duration":"00:00:00.0054250","StartTime":"2021-08-21T07:29:46.9562004+00:00","EndTime":"2021-08-21T07:29:46.9562065+00:00","Properties":[]},{"TestCase":{"Id":"8b79e14b-0c73-16a2-c587-d0b410265527","FullyQualifiedName":"UnitTest.DashboardServiceTest.GetDashboardDetails_Should_Throw_Exception_When_InValid_ConfigName","DisplayName":"UnitTest.DashboardServiceTest.GetDashboardDetails_Should_Throw_Exception_When_InValid_ConfigName(configName: \"\")","ExecutorUri":"executor://xunit/VsTestRunner2/netcoreapp","Source":"C:\\Users\\Dell\\source\\repos\\PizaaOrderSystem\\PizzaAppApi\\UnitTest\\bin\\Debug\\netcoreapp3.1\\fine-code-coverage\\build-output\\UnitTest.dll","CodeFilePath":null,"LineNumber":0,"Properties":[]},"Attachments":[],"Outcome":1,"ErrorMessage":null,"ErrorStackTrace":null,"DisplayName":"UnitTest.DashboardServiceTest.GetDashboardDetails_Should_Throw_Exception_When_InValid_ConfigName(configName: \"\")","Messages":[],"ComputerName":"NIKHIL","Duration":"00:00:00.0007507","StartTime":"2021-08-21T07:29:46.9636155+00:00","EndTime":"2021-08-21T07:29:46.9636214+00:00","Properties":[]},{"TestCase":{"Id":"833c0a9d-1b5d-49bb-bfcf-117e1041a1ca","FullyQualifiedName":"UnitTest.DashboardServiceTest.GetDashboardDetails_Should_Throw_Exception_When_File_NotFound","DisplayName":"UnitTest.DashboardServiceTest.GetDashboardDetails_Should_Throw_Exception_When_File_NotFound(configName: \"YG^T^&\")","ExecutorUri":"executor://xunit/VsTestRunner2/netcoreapp","Source":"C:\\Users\\Dell\\source\\repos\\PizaaOrderSystem\\PizzaAppApi\\UnitTest\\bin\\Debug\\netcoreapp3.1\\fine-code-coverage\\build-output\\UnitTest.dll","CodeFilePath":null,"LineNumber":0,"Properties":[]},"Attachments":[],"Outcome":1,"ErrorMessage":null,"ErrorStackTrace":null,"DisplayName":"UnitTest.DashboardServiceTest.GetDashboardDetails_Should_Throw_Exception_When_File_NotFound(configName: \"YG^T^&\")","Messages":[],"ComputerName":"NIKHIL","Duration":"00:00:00.0075250","StartTime":"2021-08-21T07:29:46.970744+00:00","EndTime":"2021-08-21T07:29:46.97075+00:00","Properties":[]},{"TestCase":{"Id":"2e17bc42-4e23-28ec-02f2-48fcba4be186","FullyQualifiedName":"UnitTest.DashboardServiceTest.GetDashboardDetails_Should_Throw_Exception_When_File_NotFound","DisplayName":"UnitTest.DashboardServiceTest.GetDashboardDetails_Should_Throw_Exception_When_File_NotFound(configName: \"2343432\")","ExecutorUri":"executor://xunit/VsTestRunner2/netcoreapp","Source":"C:\\Users\\Dell\\source\\repos\\PizaaOrderSystem\\PizzaAppApi\\UnitTest\\bin\\Debug\\netcoreapp3.1\\fine-code-coverage\\build-output\\UnitTest.dll","CodeFilePath":null,"LineNumber":0,"Properties":[]},"Attachments":[],"Outcome":1,"ErrorMessage":null,"ErrorStackTrace":null,"DisplayName":"UnitTest.DashboardServiceTest.GetDashboardDetails_Should_Throw_Exception_When_File_NotFound(configName: \"2343432\")","Messages":[],"ComputerName":"NIKHIL","Duration":"00:00:00.0019133","StartTime":"2021-08-21T07:29:46.9778409+00:00","EndTime":"2021-08-21T07:29:46.9778473+00:00","Properties":[]},{"TestCase":{"Id":"196e80a3-3b22-4f14-acf4-6f37e1ef12bb","FullyQualifiedName":"UnitTest.LookupServiceTest.GetConfigurationsDetails_Should_Throw_Exception_When_File_NotFound","DisplayName":"UnitTest.LookupServiceTest.GetConfigurationsDetails_Should_Throw_Exception_When_File_NotFound(configName: \"YG^T^&\")","ExecutorUri":"executor://xunit/VsTestRunner2/netcoreapp","Source":"C:\\Users\\Dell\\source\\repos\\PizaaOrderSystem\\PizzaAppApi\\UnitTest\\bin\\Debug\\netcoreapp3.1\\fine-code-coverage\\build-output\\UnitTest.dll","CodeFilePath":null,"LineNumber":0,"Properties":[]},"Attachments":[],"Outcome":1,"ErrorMessage":null,"ErrorStackTrace":null,"DisplayName":"UnitTest.LookupServiceTest.GetConfigurationsDetails_Should_Throw_Exception_When_File_NotFound(configName: \"YG^T^&\")","Messages":[],"ComputerName":"NIKHIL","Duration":"00:00:00.2664167","StartTime":"2021-08-21T07:29:46.9870619+00:00","EndTime":"2021-08-21T07:29:46.9870689+00:00","Properties":[]}],"TestRunStatistics":{"ExecutedTests":18,"Stats":{"Passed":18}},"ActiveTests":[{"Id":"aa4c2f77-9f56-7f6e-f46b-ce87cdc013c2","FullyQualifiedName":"UnitTest.DashboardServiceTest.GetDashboardDetails_Should_Throw_Exception_When_Dashboard_Data_NotFound","DisplayName":"UnitTest.DashboardServiceTest.GetDashboardDetails_Should_Throw_Exception_When_Dashboard_Data_NotFound(configName: \"dashbord\")","ExecutorUri":"executor://xunit/VsTestRunner2/netcoreapp","Source":"C:\\Users\\Dell\\source\\repos\\PizaaOrderSystem\\PizzaAppApi\\UnitTest\\bin\\Debug\\netcoreapp3.1\\fine-code-coverage\\build-output\\UnitTest.dll","CodeFilePath":null,"LineNumber":0,"Properties":[]},{"Id":"8da03c59-a207-f640-fdf9-1866a7689176","FullyQualifiedName":"UnitTest.LookupServiceTest.GetConfigurationsDetails_Should_Throw_Exception_When_File_NotFound","DisplayName":"UnitTest.LookupServiceTest.GetConfigurationsDetails_Should_Throw_Exception_When_File_NotFound(configName: \"2343432\")","ExecutorUri":"executor://xunit/VsTestRunner2/netcoreapp","Source":"C:\\Users\\Dell\\source\\repos\\PizaaOrderSystem\\PizzaAppApi\\UnitTest\\bin\\Debug\\netcoreapp3.1\\fine-code-coverage\\build-output\\UnitTest.dll","CodeFilePath":null,"LineNumber":0,"Properties":[]}]}}
TpTrace Verbose: 0 : 6444, 12, 2021/08/21, 11:29:47.017, 621766691452, vstest.console.dll, TestRunRequest:SendTestRunStatsChange: Starting.
TpTrace Verbose: 0 : 6444, 12, 2021/08/21, 11:29:47.017, 621766693851, vstest.console.dll, InProgress is UnitTest.DashboardServiceTest.GetDashboardDetails_Should_Throw_Exception_When_Dashboard_Data_NotFound(configName: "dashbord")
TpTrace Verbose: 0 : 6444, 12, 2021/08/21, 11:29:47.018, 621766695733, vstest.console.dll, InProgress is UnitTest.LookupServiceTest.GetConfigurationsDetails_Should_Throw_Exception_When_File_NotFound(configName: "2343432")
TpTrace Information: 0 : 6444, 12, 2021/08/21, 11:29:47.018, 621766697978, vstest.console.dll, TestRunRequest:SendTestRunStatsChange: Completed.
TpTrace Verbose: 0 : 6444, 12, 2021/08/21, 11:29:47.018, 621766699338, vstest.console.dll, TcpClientExtensions.MessageLoopAsync: Polling on remoteEndPoint: 127.0.0.1:61003 localEndPoint: 127.0.0.1:61001
TpTrace Verbose: 0 : 6444, 12, 2021/08/21, 11:29:47.705, 621773572612, vstest.console.dll, TcpClientExtensions.MessageLoopAsync: NotifyDataAvailable remoteEndPoint: 127.0.0.1:61003 localEndPoint: 127.0.0.1:61001
TpTrace Verbose: 0 : 6444, 12, 2021/08/21, 11:29:47.706, 621773576055, vstest.console.dll, TestRequestSender.OnExecutionMessageReceived: Received message: {"Version":2,"MessageType":"TestSession.Message","Payload":{"MessageLevel":0,"Message":"[xUnit.net 00:00:15.01]   Finished:    UnitTest"}}
TpTrace Verbose: 0 : 6444, 12, 2021/08/21, 11:29:47.706, 621773581751, vstest.console.dll, TestRunRequest:SendTestRunMessage: Starting.
TpTrace Information: 0 : 6444, 12, 2021/08/21, 11:29:47.706, 621773584390, vstest.console.dll, TestRunRequest:SendTestRunMessage: Completed.
TpTrace Verbose: 0 : 6444, 12, 2021/08/21, 11:29:47.707, 621773586054, vstest.console.dll, TcpClientExtensions.MessageLoopAsync: Polling on remoteEndPoint: 127.0.0.1:61003 localEndPoint: 127.0.0.1:61001
TpTrace Verbose: 0 : 6444, 12, 2021/08/21, 11:29:48.281, 621779335174, vstest.console.dll, TcpClientExtensions.MessageLoopAsync: NotifyDataAvailable remoteEndPoint: 127.0.0.1:61003 localEndPoint: 127.0.0.1:61001
TpTrace Verbose: 0 : 6444, 12, 2021/08/21, 11:29:48.282, 621779342021, vstest.console.dll, TestRequestSender.OnExecutionMessageReceived: Received message: {"Version":2,"MessageType":"TestExecution.Completed","Payload":{"TestRunCompleteArgs":{"TestRunStatistics":{"ExecutedTests":26,"Stats":{"Passed":26}},"IsCanceled":false,"IsAborted":false,"Error":null,"AttachmentSets":[],"ElapsedTimeInRunningTests":"00:00:15.0585550","Metrics":{}},"LastRunTests":{"NewTestResults":[{"TestCase":{"Id":"8da03c59-a207-f640-fdf9-1866a7689176","FullyQualifiedName":"UnitTest.LookupServiceTest.GetConfigurationsDetails_Should_Throw_Exception_When_File_NotFound","DisplayName":"UnitTest.LookupServiceTest.GetConfigurationsDetails_Should_Throw_Exception_When_File_NotFound(configName: \"2343432\")","ExecutorUri":"executor://xunit/VsTestRunner2/netcoreapp","Source":"C:\\Users\\Dell\\source\\repos\\PizaaOrderSystem\\PizzaAppApi\\UnitTest\\bin\\Debug\\netcoreapp3.1\\fine-code-coverage\\build-output\\UnitTest.dll","CodeFilePath":null,"LineNumber":0,"Properties":[]},"Attachments":[],"Outcome":1,"ErrorMessage":null,"ErrorStackTrace":null,"DisplayName":"UnitTest.LookupServiceTest.GetConfigurationsDetails_Should_Throw_Exception_When_File_NotFound(configName: \"2343432\")","Messages":[],"ComputerName":"NIKHIL","Duration":"00:00:00.0026595","StartTime":"2021-08-21T07:29:47.0097881+00:00","EndTime":"2021-08-21T07:29:47.0097938+00:00","Properties":[]},{"TestCase":{"Id":"dc1640f4-ca47-edce-43a7-22ea45c50860","FullyQualifiedName":"UnitTest.LookupServiceTest.GetConfigurationsDetails_Should_Throw_Exception_When_Dashboard_Data_NotFound","DisplayName":"UnitTest.LookupServiceTest.GetConfigurationsDetails_Should_Throw_Exception_When_Dashboard_Data_NotFound(configName: \"slider\")","ExecutorUri":"executor://xunit/VsTestRunner2/netcoreapp","Source":"C:\\Users\\Dell\\source\\repos\\PizaaOrderSystem\\PizzaAppApi\\UnitTest\\bin\\Debug\\netcoreapp3.1\\fine-code-coverage\\build-output\\UnitTest.dll","CodeFilePath":null,"LineNumber":0,"Properties":[]},"Attachments":[],"Outcome":1,"ErrorMessage":null,"ErrorStackTrace":null,"DisplayName":"UnitTest.LookupServiceTest.GetConfigurationsDetails_Should_Throw_Exception_When_Dashboard_Data_NotFound(configName: \"slider\")","Messages":[],"ComputerName":"NIKHIL","Duration":"00:00:00.0106900","StartTime":"2021-08-21T07:29:47.0224764+00:00","EndTime":"2021-08-21T07:29:47.0224819+00:00","Properties":[]},{"TestCase":{"Id":"aa4c2f77-9f56-7f6e-f46b-ce87cdc013c2","FullyQualifiedName":"UnitTest.DashboardServiceTest.GetDashboardDetails_Should_Throw_Exception_When_Dashboard_Data_NotFound","DisplayName":"UnitTest.DashboardServiceTest.GetDashboardDetails_Should_Throw_Exception_When_Dashboard_Data_NotFound(configName: \"dashbord\")","ExecutorUri":"executor://xunit/VsTestRunner2/netcoreapp","Source":"C:\\Users\\Dell\\source\\repos\\PizaaOrderSystem\\PizzaAppApi\\UnitTest\\bin\\Debug\\netcoreapp3.1\\fine-code-coverage\\build-output\\UnitTest.dll","CodeFilePath":null,"LineNumber":0,"Properties":[]},"Attachments":[],"Outcome":1,"ErrorMessage":null,"ErrorStackTrace":null,"DisplayName":"UnitTest.DashboardServiceTest.GetDashboardDetails_Should_Throw_Exception_When_Dashboard_Data_NotFound(configName: \"dashbord\")","Messages":[],"ComputerName":"NIKHIL","Duration":"00:00:00.3335327","StartTime":"2021-08-21T07:29:47.2824496+00:00","EndTime":"2021-08-21T07:29:47.2824561+00:00","Properties":[]},{"TestCase":{"Id":"686b2cdd-fb64-c43d-6828-2fcd0907c07a","FullyQualifiedName":"UnitTest.DashboardServiceTest.GetDashboardDetails_Should_Throw_Exception_When_Dashboard_Data_NotFound","DisplayName":"UnitTest.DashboardServiceTest.GetDashboardDetails_Should_Throw_Exception_When_Dashboard_Data_NotFound(configName: \"slider\")","ExecutorUri":"executor://xunit/VsTestRunner2/netcoreapp","Source":"C:\\Users\\Dell\\source\\repos\\PizaaOrderSystem\\PizzaAppApi\\UnitTest\\bin\\Debug\\netcoreapp3.1\\fine-code-coverage\\build-output\\UnitTest.dll","CodeFilePath":null,"LineNumber":0,"Properties":[]},"Attachments":[],"Outcome":1,"ErrorMessage":null,"ErrorStackTrace":null,"DisplayName":"UnitTest.DashboardServiceTest.GetDashboardDetails_Should_Throw_Exception_When_Dashboard_Data_NotFound(configName: \"slider\")","Messages":[],"ComputerName":"NIKHIL","Duration":"00:00:00.0032232","StartTime":"2021-08-21T07:29:47.2920597+00:00","EndTime":"2021-08-21T07:29:47.2920656+00:00","Properties":[]},{"TestCase":{"Id":"69e2ef49-b9ff-bbb4-add1-846f35ff89a7","FullyQualifiedName":"UnitTest.LookupServiceTest.GetConfigurationsDetails_Should_Throw_Exception_When_Dashboard_Data_NotFound","DisplayName":"UnitTest.LookupServiceTest.GetConfigurationsDetails_Should_Throw_Exception_When_Dashboard_Data_NotFound(configName: \"dashbord\")","ExecutorUri":"executor://xunit/VsTestRunner2/netcoreapp","Source":"C:\\Users\\Dell\\source\\repos\\PizaaOrderSystem\\PizzaAppApi\\UnitTest\\bin\\Debug\\netcoreapp3.1\\fine-code-coverage\\build-output\\UnitTest.dll","CodeFilePath":null,"LineNumber":0,"Properties":[]},"Attachments":[],"Outcome":1,"ErrorMessage":null,"ErrorStackTrace":null,"DisplayName":"UnitTest.LookupServiceTest.GetConfigurationsDetails_Should_Throw_Exception_When_Dashboard_Data_NotFound(configName: \"dashbord\")","Messages":[],"ComputerName":"NIKHIL","Duration":"00:00:00.3251607","StartTime":"2021-08-21T07:29:47.3052551+00:00","EndTime":"2021-08-21T07:29:47.3052615+00:00","Properties":[]},{"TestCase":{"Id":"5e6c95f4-3dc6-6f7d-cd1c-f138fa54c94b","FullyQualifiedName":"UnitTest.OrderServiceTest.PlaceUserOrder_Should_Save_Data_With_2_Request","DisplayName":"UnitTest.OrderServiceTest.PlaceUserOrder_Should_Save_Data_With_2_Request","ExecutorUri":"executor://xunit/VsTestRunner2/netcoreapp","Source":"C:\\Users\\Dell\\source\\repos\\PizaaOrderSystem\\PizzaAppApi\\UnitTest\\bin\\Debug\\netcoreapp3.1\\fine-code-coverage\\build-output\\UnitTest.dll","CodeFilePath":null,"LineNumber":0,"Properties":[]},"Attachments":[],"Outcome":1,"ErrorMessage":null,"ErrorStackTrace":null,"DisplayName":"UnitTest.OrderServiceTest.PlaceUserOrder_Should_Save_Data_With_2_Request","Messages":[],"ComputerName":"NIKHIL","Duration":"00:00:00.7312336","StartTime":"2021-08-21T07:29:47.46254+00:00","EndTime":"2021-08-21T07:29:47.4625462+00:00","Properties":[]},{"TestCase":{"Id":"da0fd461-c3d7-6d83-9376-e3f28dbf0e22","FullyQualifiedName":"UnitTest.OrderServiceTest.PlaceUserOrder_Should_Save_Data_To_Existing_File","DisplayName":"UnitTest.OrderServiceTest.PlaceUserOrder_Should_Save_Data_To_Existing_File","ExecutorUri":"executor://xunit/VsTestRunner2/netcoreapp","Source":"C:\\Users\\Dell\\source\\repos\\PizaaOrderSystem\\PizzaAppApi\\UnitTest\\bin\\Debug\\netcoreapp3.1\\fine-code-coverage\\build-output\\UnitTest.dll","CodeFilePath":null,"LineNumber":0,"Properties":[]},"Attachments":[],"Outcome":1,"ErrorMessage":null,"ErrorStackTrace":null,"DisplayName":"UnitTest.OrderServiceTest.PlaceUserOrder_Should_Save_Data_To_Existing_File","Messages":[],"ComputerName":"NIKHIL","Duration":"00:00:00.0344893","StartTime":"2021-08-21T07:29:47.5046292+00:00","EndTime":"2021-08-21T07:29:47.5046364+00:00","Properties":[]},{"TestCase":{"Id":"4af7f85e-53d6-855a-a7d3-f037828fcea5","FullyQualifiedName":"UnitTest.OrderServiceTest.PlaceUserOrder_Should_Throw_Exception_When_Null_Order","DisplayName":"UnitTest.OrderServiceTest.PlaceUserOrder_Should_Throw_Exception_When_Null_Order","ExecutorUri":"executor://xunit/VsTestRunner2/netcoreapp","Source":"C:\\Users\\Dell\\source\\repos\\PizaaOrderSystem\\PizzaAppApi\\UnitTest\\bin\\Debug\\netcoreapp3.1\\fine-code-coverage\\build-output\\UnitTest.dll","CodeFilePath":null,"LineNumber":0,"Properties":[]},"Attachments":[],"Outcome":1,"ErrorMessage":null,"ErrorStackTrace":null,"DisplayName":"UnitTest.OrderServiceTest.PlaceUserOrder_Should_Throw_Exception_When_Null_Order","Messages":[],"ComputerName":"NIKHIL","Duration":"00:00:00.0137326","StartTime":"2021-08-21T07:29:47.5186899+00:00","EndTime":"2021-08-21T07:29:47.5186964+00:00","Properties":[]}],"TestRunStatistics":{"ExecutedTests":26,"Stats":{"Passed":26}},"ActiveTests":[]},"RunAttachments":[],"ExecutorUris":["executor://xunit/VsTestRunner2/netcoreapp"]}}
TpTrace Verbose: 0 : 6444, 12, 2021/08/21, 11:29:48.284, 621779358630, vstest.console.dll, TestRequestSender.EndSession: Sending end session.
TpTrace Verbose: 0 : 6444, 12, 2021/08/21, 11:29:48.284, 621779363053, vstest.console.dll, ProxyOperationManager.Close: waiting for test host to exit for 100 ms
TpTrace Warning: 0 : 6444, 10, 2021/08/21, 11:29:48.528, 621781801972, vstest.console.dll, TestHostManagerCallbacks.ErrorReceivedCallback Test host standard error line: 
TpTrace Verbose: 0 : 6444, 7, 2021/08/21, 11:29:49.010, 621786621073, vstest.console.dll, TestHostProvider.ExitCallBack: Host exited starting callback.
TpTrace Information: 0 : 6444, 7, 2021/08/21, 11:29:49.012, 621786638071, vstest.console.dll, TestHostManagerCallbacks.ExitCallBack: Testhost processId: 15912 exited with exitcode: 0 error: ''
TpTrace Verbose: 0 : 6444, 7, 2021/08/21, 11:29:49.012, 621786641087, vstest.console.dll, DotnetTestHostManager.OnHostExited: invoking OnHostExited callback
TpTrace Verbose: 0 : 6444, 7, 2021/08/21, 11:29:49.012, 621786643457, vstest.console.dll, CrossPlatEngine.TestHostManagerHostExited: calling on client process exit callback.
TpTrace Information: 0 : 6444, 7, 2021/08/21, 11:29:49.013, 621786645645, vstest.console.dll, TestRequestSender.OnClientProcessExit: Test host process exited. Standard error: 
TpTrace Information: 0 : 6444, 7, 2021/08/21, 11:29:49.013, 621786647689, vstest.console.dll, SocketServer.Stop: Stop server endPoint: 127.0.0.1:61001
TpTrace Information: 0 : 6444, 7, 2021/08/21, 11:29:49.013, 621786649084, vstest.console.dll, SocketServer.Stop: Cancellation requested. Stopping message loop.
TpTrace Warning: 0 : 6444, 12, 2021/08/21, 11:29:49.062, 621787143142, vstest.console.dll, ProxyOperationManager: Timed out waiting for test host to exit. Will terminate process.
TpTrace Verbose: 0 : 6444, 12, 2021/08/21, 11:29:49.065, 621787167030, vstest.console.dll, ProxyDataCollectionManager.InvokeDataCollectionServiceAction: Starting.
TpTrace Information: 0 : 6444, 12, 2021/08/21, 11:29:49.065, 621787169796, vstest.console.dll, ProxyDataCollectionManager.AfterTestRunEnd: Get attachment set for datacollector processId: 6980 port: 60998
TpTrace Verbose: 0 : 6444, 12, 2021/08/21, 11:29:49.065, 621787172096, vstest.console.dll, DataCollectionRequestSender.SendAfterTestRunStartAndGetResult : Send AfterTestRunEnd message with isCancelled: False
TpTrace Verbose: 0 : 6444, 12, 2021/08/21, 11:29:49.081, 621787325824, vstest.console.dll, DataCollectionRequestSender.SendAfterTestRunStartAndGetResult : Received message: (DataCollection.AfterTestRunEndResult) -> {
  "AttachmentSets": [],
  "Metrics": {}
}
TpTrace Information: 0 : 6444, 12, 2021/08/21, 11:29:49.089, 621787413374, vstest.console.dll, ProxyDataCollectionManager.InvokeDataCollectionServiceAction: Completed.
TpTrace Warning: 0 : 6444, 6, 2021/08/21, 11:29:49.185, 621788368789, vstest.console.dll, DataCollectionLauncher.ErrorReceivedCallback datacollector standard error line: 
TpTrace Verbose: 0 : 6444, 12, 2021/08/21, 11:29:49.283, 621789353212, vstest.console.dll, TestRunRequest:SendTestRunStatsChange: Starting.
TpTrace Information: 0 : 6444, 12, 2021/08/21, 11:29:49.284, 621789356749, vstest.console.dll, TestRunRequest:SendTestRunStatsChange: Completed.
TpTrace Verbose: 0 : 6444, 12, 2021/08/21, 11:29:49.284, 621789364008, vstest.console.dll, ParallelProxyExecutionManager: HandlePartialRunComplete: Total completed clients = 1, Run complete = True, Run canceled: False.
TpTrace Information: 0 : 6444, 11, 2021/08/21, 11:29:49.348, 621789996842, vstest.console.dll, DataCollectionLauncher.ExitCallBack: Data collector exited with exitcode: 0 error: ''
TpTrace Verbose: 0 : 6444, 12, 2021/08/21, 11:29:49.434, 621790857180, vstest.console.dll, TestRunRequest:TestRunComplete: Starting. IsAborted:False IsCanceled:False.
TpTrace Verbose: 0 : 6444, 12, 2021/08/21, 11:29:49.434, 621790863075, vstest.console.dll, TestLoggerManager.HandleTestRunComplete: Ignoring as the object is disposed.
TpTrace Information: 0 : 6444, 12, 2021/08/21, 11:29:49.435, 621790872336, vstest.console.dll, TestRunRequest:TestRunComplete: Completed.
TpTrace Verbose: 0 : 6444, 1, 2021/08/21, 11:29:49.435, 621790872839, vstest.console.dll, TestRunRequest.Dispose: Starting.
TpTrace Verbose: 0 : 6444, 12, 2021/08/21, 11:29:49.435, 621790874825, vstest.console.dll, TestRequestSender.SetOperationComplete: Setting operation complete.
TpTrace Information: 0 : 6444, 1, 2021/08/21, 11:29:49.436, 621790877312, vstest.console.dll, TestRunRequest.Dispose: Completed.
TpTrace Information: 0 : 6444, 12, 2021/08/21, 11:29:49.436, 621790879142, vstest.console.dll, SocketServer.Stop: Stop server endPoint: 127.0.0.1:61001
TpTrace Information: 0 : 6444, 1, 2021/08/21, 11:29:49.436, 621790881388, vstest.console.dll, TestRequestManager.RunTests: run tests completed.
TpTrace Information: 0 : 6444, 12, 2021/08/21, 11:29:49.436, 621790882487, vstest.console.dll, SocketServer.Stop: Cancellation requested. Stopping message loop.
TpTrace Information: 0 : 6444, 12, 2021/08/21, 11:29:49.437, 621790886640, vstest.console.dll, SocketServer.PrivateStop: Stop server endPoint: 127.0.0.1:61001 error: 
TpTrace Information: 0 : 6444, 1, 2021/08/21, 11:29:49.437, 621790887128, vstest.console.dll, RunTestsArgumentProcessor:Execute: Test run is completed.
TpTrace Verbose: 0 : 6444, 1, 2021/08/21, 11:29:49.437, 621790894404, vstest.console.dll, Executor.Execute: Exiting with exit code of 0
