<?xml version="1.0" encoding="utf-8"?>
<coverage line-rate="0.9693" branch-rate="0.9642000000000001" version="1.9" timestamp="1629530992" lines-covered="475" lines-valid="490" branches-covered="27" branches-valid="28">
  <sources>
    <source>C:\Users\Dell\</source>
  </sources>
  <packages>
    <package name="Domain" line-rate="0.6" branch-rate="1" complexity="28">
      <classes>
        <class name="Domain.Entities.Item" filename="source\repos\PizaaOrderSystem\PizzaAppApi\Domain\Entities\Item.cs" line-rate="0.6666" branch-rate="1" complexity="3">
          <methods>
            <method name="get_IsDrink" signature="()" line-rate="1" branch-rate="1" complexity="1">
              <lines>
                <line number="5" hits="4" branch="False" />
              </lines>
            </method>
            <method name="get_IsBurger" signature="()" line-rate="0" branch-rate="1" complexity="1">
              <lines>
                <line number="6" hits="0" branch="False" />
              </lines>
            </method>
            <method name="get_IsPizza" signature="()" line-rate="1" branch-rate="1" complexity="1">
              <lines>
                <line number="7" hits="2" branch="False" />
              </lines>
            </method>
          </methods>
          <lines>
            <line number="5" hits="4" branch="False" />
            <line number="6" hits="0" branch="False" />
            <line number="7" hits="2" branch="False" />
          </lines>
        </class>
        <class name="Domain.Entities.LookupItem" filename="source\repos\PizaaOrderSystem\PizzaAppApi\Domain\Entities\LookupItem.cs" line-rate="0.8571" branch-rate="1" complexity="7">
          <methods>
            <method name="get_Id" signature="()" line-rate="1" branch-rate="1" complexity="1">
              <lines>
                <line number="5" hits="16" branch="False" />
              </lines>
            </method>
            <method name="get_Name" signature="()" line-rate="1" branch-rate="1" complexity="1">
              <lines>
                <line number="6" hits="16" branch="False" />
              </lines>
            </method>
            <method name="get_Prize" signature="()" line-rate="1" branch-rate="1" complexity="1">
              <lines>
                <line number="7" hits="16" branch="False" />
              </lines>
            </method>
            <method name="get_Quantity" signature="()" line-rate="1" branch-rate="1" complexity="1">
              <lines>
                <line number="8" hits="16" branch="False" />
              </lines>
            </method>
            <method name="get_IsActive" signature="()" line-rate="1" branch-rate="1" complexity="1">
              <lines>
                <line number="9" hits="40" branch="False" />
              </lines>
            </method>
            <method name="get_ImagePath" signature="()" line-rate="0" branch-rate="1" complexity="1">
              <lines>
                <line number="10" hits="0" branch="False" />
              </lines>
            </method>
            <method name="get_PrizeUnit" signature="()" line-rate="1" branch-rate="1" complexity="1">
              <lines>
                <line number="11" hits="16" branch="False" />
              </lines>
            </method>
          </methods>
          <lines>
            <line number="5" hits="16" branch="False" />
            <line number="6" hits="16" branch="False" />
            <line number="7" hits="16" branch="False" />
            <line number="8" hits="16" branch="False" />
            <line number="9" hits="40" branch="False" />
            <line number="10" hits="0" branch="False" />
            <line number="11" hits="16" branch="False" />
          </lines>
        </class>
        <class name="Domain.Entities.Order" filename="source\repos\PizaaOrderSystem\PizzaAppApi\Domain\Entities\Order.cs" line-rate="0.8" branch-rate="1" complexity="5">
          <methods>
            <method name="get_OrderID" signature="()" line-rate="1" branch-rate="1" complexity="1">
              <lines>
                <line number="7" hits="13" branch="False" />
              </lines>
            </method>
            <method name="get_TotalPrize" signature="()" line-rate="1" branch-rate="1" complexity="1">
              <lines>
                <line number="8" hits="4" branch="False" />
              </lines>
            </method>
            <method name="get_PrizeUnit" signature="()" line-rate="1" branch-rate="1" complexity="1">
              <lines>
                <line number="9" hits="4" branch="False" />
              </lines>
            </method>
            <method name="get_OrderItems" signature="()" line-rate="1" branch-rate="1" complexity="1">
              <lines>
                <line number="10" hits="4" branch="False" />
              </lines>
            </method>
            <method name="get_CreatedDate" signature="()" line-rate="0" branch-rate="1" complexity="1">
              <lines>
                <line number="11" hits="0" branch="False" />
              </lines>
            </method>
          </methods>
          <lines>
            <line number="7" hits="13" branch="False" />
            <line number="8" hits="4" branch="False" />
            <line number="9" hits="4" branch="False" />
            <line number="10" hits="4" branch="False" />
            <line number="11" hits="0" branch="False" />
          </lines>
        </class>
        <class name="Domain.Entities.Pizza" filename="source\repos\PizaaOrderSystem\PizzaAppApi\Domain\Entities\Pizza.cs" line-rate="1" branch-rate="1" complexity="2">
          <methods>
            <method name="get_IsCustomPizza" signature="()" line-rate="1" branch-rate="1" complexity="1">
              <lines>
                <line number="7" hits="4" branch="False" />
              </lines>
            </method>
            <method name="get_PizzaItems" signature="()" line-rate="1" branch-rate="1" complexity="1">
              <lines>
                <line number="8" hits="4" branch="False" />
              </lines>
            </method>
          </methods>
          <lines>
            <line number="7" hits="4" branch="False" />
            <line number="8" hits="4" branch="False" />
          </lines>
        </class>
        <class name="Domain.DTO.OrderDTO" filename="source\repos\PizaaOrderSystem\PizzaAppApi\Domain\DTO\OrderDTO.cs" line-rate="1" branch-rate="1" complexity="2">
          <methods>
            <method name="get_Email" signature="()" line-rate="1" branch-rate="1" complexity="1">
              <lines>
                <line number="10" hits="24" branch="False" />
              </lines>
            </method>
            <method name="get_Order" signature="()" line-rate="1" branch-rate="1" complexity="1">
              <lines>
                <line number="11" hits="16" branch="False" />
              </lines>
            </method>
          </methods>
          <lines>
            <line number="10" hits="24" branch="False" />
            <line number="11" hits="16" branch="False" />
          </lines>
        </class>
        <class name="Domain.DTO.PagedResponseDTO`1" filename="source\repos\PizaaOrderSystem\PizzaAppApi\Domain\DTO\PagedResponseDTO.cs" line-rate="1" branch-rate="1" complexity="5">
          <methods>
            <method name="get_Data" signature="()" line-rate="1" branch-rate="1" complexity="1">
              <lines>
                <line number="8" hits="4" branch="False" />
              </lines>
            </method>
            <method name="get_PageNumber" signature="()" line-rate="1" branch-rate="1" complexity="1">
              <lines>
                <line number="9" hits="2" branch="False" />
              </lines>
            </method>
            <method name="get_PageSize" signature="()" line-rate="1" branch-rate="1" complexity="1">
              <lines>
                <line number="10" hits="2" branch="False" />
              </lines>
            </method>
            <method name="get_PageCount" signature="()" line-rate="1" branch-rate="1" complexity="1">
              <lines>
                <line number="11" hits="2" branch="False" />
              </lines>
            </method>
            <method name="get_TotalRecords" signature="()" line-rate="1" branch-rate="1" complexity="1">
              <lines>
                <line number="12" hits="2" branch="False" />
              </lines>
            </method>
          </methods>
          <lines>
            <line number="8" hits="4" branch="False" />
            <line number="9" hits="2" branch="False" />
            <line number="10" hits="2" branch="False" />
            <line number="11" hits="2" branch="False" />
            <line number="12" hits="2" branch="False" />
          </lines>
        </class>
        <class name="Domain.DTO.ServiceResponseDTO" filename="source\repos\PizaaOrderSystem\PizzaAppApi\Domain\DTO\ServiceResponseDTO.cs" line-rate="0" branch-rate="1" complexity="4">
          <methods>
            <method name="get_Message" signature="()" line-rate="0" branch-rate="1" complexity="1">
              <lines>
                <line number="5" hits="0" branch="False" />
              </lines>
            </method>
            <method name="get_Data" signature="()" line-rate="0" branch-rate="1" complexity="1">
              <lines>
                <line number="6" hits="0" branch="False" />
              </lines>
            </method>
            <method name="get_Success" signature="()" line-rate="0" branch-rate="1" complexity="1">
              <lines>
                <line number="7" hits="0" branch="False" />
              </lines>
            </method>
            <method name="SuccessResponse" signature="(System.String,T)" line-rate="0" branch-rate="1" complexity="1">
              <lines>
                <line number="10" hits="0" branch="False" />
                <line number="11" hits="0" branch="False" />
                <line number="12" hits="0" branch="False" />
                <line number="13" hits="0" branch="False" />
                <line number="14" hits="0" branch="False" />
                <line number="15" hits="0" branch="False" />
                <line number="16" hits="0" branch="False" />
                <line number="17" hits="0" branch="False" />
              </lines>
            </method>
          </methods>
          <lines>
            <line number="5" hits="0" branch="False" />
            <line number="6" hits="0" branch="False" />
            <line number="7" hits="0" branch="False" />
            <line number="10" hits="0" branch="False" />
            <line number="11" hits="0" branch="False" />
            <line number="12" hits="0" branch="False" />
            <line number="13" hits="0" branch="False" />
            <line number="14" hits="0" branch="False" />
            <line number="15" hits="0" branch="False" />
            <line number="16" hits="0" branch="False" />
            <line number="17" hits="0" branch="False" />
          </lines>
        </class>
      </classes>
    </package>
    <package name="Service Interfaces" line-rate="1" branch-rate="1" complexity="0">
      <classes />
    </package>
    <package name="Services" line-rate="1" branch-rate="0.9642000000000001" complexity="37">
      <classes>
        <class name="Services.DashboardService" filename="source\repos\PizaaOrderSystem\PizzaAppApi\Services\DashboardService.cs" line-rate="1" branch-rate="1" complexity="1">
          <methods>
            <method name=".ctor" signature="(Microsoft.Extensions.Hosting.IHostEnvironment,Domain.Repository_Interfaces.IFileRepository,Microsoft.Extensions.Configuration.IConfiguration)" line-rate="1" branch-rate="1" complexity="1">
              <lines>
                <line number="21" hits="9" branch="False" />
                <line number="22" hits="9" branch="False" />
                <line number="23" hits="9" branch="False" />
                <line number="24" hits="9" branch="False" />
                <line number="25" hits="9" branch="False" />
                <line number="26" hits="9" branch="False" />
              </lines>
            </method>
          </methods>
          <lines>
            <line number="21" hits="9" branch="False" />
            <line number="22" hits="9" branch="False" />
            <line number="23" hits="9" branch="False" />
            <line number="24" hits="9" branch="False" />
            <line number="25" hits="9" branch="False" />
            <line number="26" hits="9" branch="False" />
          </lines>
        </class>
        <class name="Services.DashboardService/&lt;&gt;c" filename="source\repos\PizaaOrderSystem\PizzaAppApi\Services\DashboardService.cs" line-rate="1" branch-rate="1" complexity="1">
          <methods>
            <method name="&lt;GetDashboardDetails&gt;b__4_0" signature="(Domain.Entities.Item)" line-rate="1" branch-rate="1" complexity="1">
              <lines>
                <line number="43" hits="8" branch="False" />
              </lines>
            </method>
          </methods>
          <lines>
            <line number="43" hits="8" branch="False" />
          </lines>
        </class>
        <class name="Services.DashboardService/&lt;GetDashboardDetails&gt;d__4" filename="source\repos\PizaaOrderSystem\PizzaAppApi\Services\DashboardService.cs" line-rate="1" branch-rate="1" complexity="6">
          <methods>
            <method name="MoveNext" signature="()" line-rate="1" branch-rate="1" complexity="6">
              <lines>
                <line number="28" hits="9" branch="False" />
                <line number="29" hits="9" branch="False" />
                <line number="30" hits="9" branch="True" condition-coverage="100% (2/2)">
                  <conditions>
                    <condition number="38" type="jump" coverage="100%" />
                  </conditions>
                </line>
                <line number="31" hits="3" branch="False" />
                <line number="33" hits="6" branch="False" />
                <line number="34" hits="6" branch="False" />
                <line number="35" hits="6" branch="True" condition-coverage="100% (2/2)">
                  <conditions>
                    <condition number="159" type="jump" coverage="100%" />
                  </conditions>
                </line>
                <line number="36" hits="2" branch="False" />
                <line number="38" hits="4" branch="False" />
                <line number="40" hits="4" branch="True" condition-coverage="100% (2/2)">
                  <conditions>
                    <condition number="215" type="jump" coverage="100%" />
                  </conditions>
                </line>
                <line number="41" hits="2" branch="False" />
                <line number="44" hits="2" branch="False" />
                <line number="45" hits="2" branch="False" />
                <line number="46" hits="2" branch="False" />
              </lines>
            </method>
          </methods>
          <lines>
            <line number="28" hits="9" branch="False" />
            <line number="29" hits="9" branch="False" />
            <line number="30" hits="9" branch="True" condition-coverage="100% (2/2)">
              <conditions>
                <condition number="38" type="jump" coverage="100%" />
              </conditions>
            </line>
            <line number="31" hits="3" branch="False" />
            <line number="33" hits="6" branch="False" />
            <line number="34" hits="6" branch="False" />
            <line number="35" hits="6" branch="True" condition-coverage="100% (2/2)">
              <conditions>
                <condition number="159" type="jump" coverage="100%" />
              </conditions>
            </line>
            <line number="36" hits="2" branch="False" />
            <line number="38" hits="4" branch="False" />
            <line number="40" hits="4" branch="True" condition-coverage="100% (2/2)">
              <conditions>
                <condition number="215" type="jump" coverage="100%" />
              </conditions>
            </line>
            <line number="41" hits="2" branch="False" />
            <line number="44" hits="2" branch="False" />
            <line number="45" hits="2" branch="False" />
            <line number="46" hits="2" branch="False" />
          </lines>
        </class>
        <class name="Services.Extensions" filename="source\repos\PizaaOrderSystem\PizzaAppApi\Services\Extensions.cs" line-rate="1" branch-rate="0.8332999999999999" complexity="7">
          <methods>
            <method name="IsNullOrEmpty" signature="(System.Collections.Generic.IEnumerable`1&lt;T&gt;)" line-rate="1" branch-rate="1" complexity="2">
              <lines>
                <line number="11" hits="10" branch="False" />
                <line number="12" hits="10" branch="True" condition-coverage="100% (2/2)">
                  <conditions>
                    <condition number="2" type="jump" coverage="100%" />
                  </conditions>
                </line>
                <line number="13" hits="10" branch="False" />
              </lines>
            </method>
            <method name="PagedData" signature="(System.Collections.Generic.IEnumerable`1&lt;T&gt;,System.Int32,System.Int32)" line-rate="1" branch-rate="0.75" complexity="4">
              <lines>
                <line number="16" hits="2" branch="False" />
                <line number="17" hits="2" branch="False" />
                <line number="18" hits="2" branch="True" condition-coverage="100% (2/2)">
                  <conditions>
                    <condition number="11" type="jump" coverage="100%" />
                  </conditions>
                </line>
                <line number="19" hits="2" branch="False" />
                <line number="20" hits="2" branch="False" />
                <line number="21" hits="2" branch="True" condition-coverage="50% (1/2)">
                  <conditions>
                    <condition number="77" type="jump" coverage="50%" />
                  </conditions>
                </line>
                <line number="22" hits="2" branch="False" />
                <line number="23" hits="2" branch="False" />
                <line number="24" hits="2" branch="False" />
                <line number="25" hits="2" branch="False" />
                <line number="26" hits="2" branch="False" />
                <line number="27" hits="2" branch="False" />
                <line number="28" hits="2" branch="False" />
                <line number="29" hits="2" branch="False" />
                <line number="30" hits="2" branch="False" />
                <line number="31" hits="2" branch="False" />
              </lines>
            </method>
            <method name="IsNotNullOrEmpty" signature="(System.Collections.Generic.IEnumerable`1&lt;T&gt;)" line-rate="1" branch-rate="1" complexity="1">
              <lines>
                <line number="34" hits="2" branch="False" />
                <line number="35" hits="2" branch="False" />
                <line number="36" hits="2" branch="False" />
              </lines>
            </method>
          </methods>
          <lines>
            <line number="11" hits="10" branch="False" />
            <line number="12" hits="10" branch="True" condition-coverage="100% (2/2)">
              <conditions>
                <condition number="2" type="jump" coverage="100%" />
              </conditions>
            </line>
            <line number="13" hits="10" branch="False" />
            <line number="16" hits="2" branch="False" />
            <line number="17" hits="2" branch="False" />
            <line number="18" hits="2" branch="True" condition-coverage="100% (2/2)">
              <conditions>
                <condition number="11" type="jump" coverage="100%" />
              </conditions>
            </line>
            <line number="19" hits="2" branch="False" />
            <line number="20" hits="2" branch="False" />
            <line number="21" hits="2" branch="True" condition-coverage="50% (1/2)">
              <conditions>
                <condition number="77" type="jump" coverage="50%" />
              </conditions>
            </line>
            <line number="22" hits="2" branch="False" />
            <line number="23" hits="2" branch="False" />
            <line number="24" hits="2" branch="False" />
            <line number="25" hits="2" branch="False" />
            <line number="26" hits="2" branch="False" />
            <line number="27" hits="2" branch="False" />
            <line number="28" hits="2" branch="False" />
            <line number="29" hits="2" branch="False" />
            <line number="30" hits="2" branch="False" />
            <line number="31" hits="2" branch="False" />
            <line number="34" hits="2" branch="False" />
            <line number="35" hits="2" branch="False" />
            <line number="36" hits="2" branch="False" />
          </lines>
        </class>
        <class name="Services.LookupService" filename="source\repos\PizaaOrderSystem\PizzaAppApi\Services\LookupService.cs" line-rate="1" branch-rate="1" complexity="1">
          <methods>
            <method name=".ctor" signature="(Microsoft.Extensions.Hosting.IHostEnvironment,Domain.Repository_Interfaces.IFileRepository,Microsoft.Extensions.Configuration.IConfiguration)" line-rate="1" branch-rate="1" complexity="1">
              <lines>
                <line number="20" hits="9" branch="False" />
                <line number="21" hits="9" branch="False" />
                <line number="22" hits="9" branch="False" />
                <line number="23" hits="9" branch="False" />
                <line number="24" hits="9" branch="False" />
                <line number="25" hits="9" branch="False" />
              </lines>
            </method>
          </methods>
          <lines>
            <line number="20" hits="9" branch="False" />
            <line number="21" hits="9" branch="False" />
            <line number="22" hits="9" branch="False" />
            <line number="23" hits="9" branch="False" />
            <line number="24" hits="9" branch="False" />
            <line number="25" hits="9" branch="False" />
          </lines>
        </class>
        <class name="Services.LookupService/&lt;&gt;c" filename="source\repos\PizaaOrderSystem\PizzaAppApi\Services\LookupService.cs" line-rate="1" branch-rate="1" complexity="1">
          <methods>
            <method name="&lt;GetConfigurationsDetails&gt;b__4_0" signature="(Domain.Entities.LookupItem)" line-rate="1" branch-rate="1" complexity="1">
              <lines>
                <line number="43" hits="8" branch="False" />
              </lines>
            </method>
          </methods>
          <lines>
            <line number="43" hits="8" branch="False" />
          </lines>
        </class>
        <class name="Services.LookupService/&lt;GetConfigurationsDetails&gt;d__4" filename="source\repos\PizaaOrderSystem\PizzaAppApi\Services\LookupService.cs" line-rate="1" branch-rate="1" complexity="6">
          <methods>
            <method name="MoveNext" signature="()" line-rate="1" branch-rate="1" complexity="6">
              <lines>
                <line number="28" hits="9" branch="False" />
                <line number="29" hits="9" branch="False" />
                <line number="30" hits="9" branch="True" condition-coverage="100% (2/2)">
                  <conditions>
                    <condition number="38" type="jump" coverage="100%" />
                  </conditions>
                </line>
                <line number="31" hits="3" branch="False" />
                <line number="33" hits="6" branch="False" />
                <line number="34" hits="6" branch="False" />
                <line number="35" hits="6" branch="True" condition-coverage="100% (2/2)">
                  <conditions>
                    <condition number="159" type="jump" coverage="100%" />
                  </conditions>
                </line>
                <line number="36" hits="2" branch="False" />
                <line number="38" hits="4" branch="False" />
                <line number="40" hits="4" branch="True" condition-coverage="100% (2/2)">
                  <conditions>
                    <condition number="226" type="jump" coverage="100%" />
                  </conditions>
                </line>
                <line number="41" hits="2" branch="False" />
                <line number="44" hits="2" branch="False" />
                <line number="45" hits="2" branch="False" />
              </lines>
            </method>
          </methods>
          <lines>
            <line number="28" hits="9" branch="False" />
            <line number="29" hits="9" branch="False" />
            <line number="30" hits="9" branch="True" condition-coverage="100% (2/2)">
              <conditions>
                <condition number="38" type="jump" coverage="100%" />
              </conditions>
            </line>
            <line number="31" hits="3" branch="False" />
            <line number="33" hits="6" branch="False" />
            <line number="34" hits="6" branch="False" />
            <line number="35" hits="6" branch="True" condition-coverage="100% (2/2)">
              <conditions>
                <condition number="159" type="jump" coverage="100%" />
              </conditions>
            </line>
            <line number="36" hits="2" branch="False" />
            <line number="38" hits="4" branch="False" />
            <line number="40" hits="4" branch="True" condition-coverage="100% (2/2)">
              <conditions>
                <condition number="226" type="jump" coverage="100%" />
              </conditions>
            </line>
            <line number="41" hits="2" branch="False" />
            <line number="44" hits="2" branch="False" />
            <line number="45" hits="2" branch="False" />
          </lines>
        </class>
        <class name="Services.OrderService" filename="source\repos\PizaaOrderSystem\PizzaAppApi\Services\OrderService.cs" line-rate="1" branch-rate="1" complexity="13">
          <methods>
            <method name="SaveOrderToJsonFile" signature="(Domain.DTO.OrderDTO)" line-rate="1" branch-rate="1" complexity="2">
              <lines>
                <line number="51" hits="4" branch="False" />
                <line number="52" hits="4" branch="False" />
                <line number="53" hits="4" branch="False" />
                <line number="54" hits="4" branch="False" />
                <line number="55" hits="4" branch="True" condition-coverage="100% (2/2)">
                  <conditions>
                    <condition number="100" type="jump" coverage="100%" />
                  </conditions>
                </line>
                <line number="56" hits="3" branch="False" />
                <line number="57" hits="3" branch="False" />
                <line number="58" hits="3" branch="False" />
                <line number="59" hits="3" branch="False" />
                <line number="62" hits="1" branch="False" />
                <line number="63" hits="1" branch="False" />
                <line number="65" hits="4" branch="False" />
              </lines>
            </method>
            <method name="GetPlainTextFromEmailId" signature="(System.String)" line-rate="1" branch-rate="1" complexity="1">
              <lines>
                <line number="73" hits="4" branch="False" />
                <line number="74" hits="4" branch="False" />
                <line number="75" hits="4" branch="False" />
              </lines>
            </method>
            <method name="ValidateOrderDTO" signature="(Domain.DTO.OrderDTO)" line-rate="1" branch-rate="1" complexity="8">
              <lines>
                <line number="82" hits="9" branch="False" />
                <line number="83" hits="9" branch="True" condition-coverage="100% (2/2)">
                  <conditions>
                    <condition number="7" type="jump" coverage="100%" />
                  </conditions>
                </line>
                <line number="84" hits="1" branch="False" />
                <line number="86" hits="8" branch="True" condition-coverage="100% (2/2)">
                  <conditions>
                    <condition number="33" type="jump" coverage="100%" />
                  </conditions>
                </line>
                <line number="87" hits="1" branch="False" />
                <line number="89" hits="7" branch="True" condition-coverage="100% (2/2)">
                  <conditions>
                    <condition number="57" type="jump" coverage="100%" />
                  </conditions>
                </line>
                <line number="90" hits="1" branch="False" />
                <line number="92" hits="6" branch="False" />
                <line number="93" hits="6" branch="True" condition-coverage="100% (2/2)">
                  <conditions>
                    <condition number="95" type="jump" coverage="100%" />
                  </conditions>
                </line>
                <line number="94" hits="2" branch="False" />
                <line number="95" hits="4" branch="False" />
              </lines>
            </method>
            <method name=".ctor" signature="(Microsoft.Extensions.Hosting.IHostEnvironment,Domain.Repository_Interfaces.IFileRepository,Microsoft.Extensions.Configuration.IConfiguration)" line-rate="1" branch-rate="1" complexity="1">
              <lines>
                <line number="23" hits="8" branch="False" />
                <line number="24" hits="8" branch="False" />
                <line number="25" hits="8" branch="False" />
                <line number="26" hits="8" branch="False" />
                <line number="27" hits="8" branch="False" />
                <line number="28" hits="8" branch="False" />
              </lines>
            </method>
            <method name=".cctor" signature="()" line-rate="1" branch-rate="1" complexity="1">
              <lines>
                <line number="21" hits="1" branch="False" />
              </lines>
            </method>
          </methods>
          <lines>
            <line number="51" hits="4" branch="False" />
            <line number="52" hits="4" branch="False" />
            <line number="53" hits="4" branch="False" />
            <line number="54" hits="4" branch="False" />
            <line number="55" hits="4" branch="True" condition-coverage="100% (2/2)">
              <conditions>
                <condition number="100" type="jump" coverage="100%" />
              </conditions>
            </line>
            <line number="56" hits="3" branch="False" />
            <line number="57" hits="3" branch="False" />
            <line number="58" hits="3" branch="False" />
            <line number="59" hits="3" branch="False" />
            <line number="62" hits="1" branch="False" />
            <line number="63" hits="1" branch="False" />
            <line number="65" hits="4" branch="False" />
            <line number="73" hits="4" branch="False" />
            <line number="74" hits="4" branch="False" />
            <line number="75" hits="4" branch="False" />
            <line number="82" hits="9" branch="False" />
            <line number="83" hits="9" branch="True" condition-coverage="100% (2/2)">
              <conditions>
                <condition number="7" type="jump" coverage="100%" />
              </conditions>
            </line>
            <line number="84" hits="1" branch="False" />
            <line number="86" hits="8" branch="True" condition-coverage="100% (2/2)">
              <conditions>
                <condition number="33" type="jump" coverage="100%" />
              </conditions>
            </line>
            <line number="87" hits="1" branch="False" />
            <line number="89" hits="7" branch="True" condition-coverage="100% (2/2)">
              <conditions>
                <condition number="57" type="jump" coverage="100%" />
              </conditions>
            </line>
            <line number="90" hits="1" branch="False" />
            <line number="92" hits="6" branch="False" />
            <line number="93" hits="6" branch="True" condition-coverage="100% (2/2)">
              <conditions>
                <condition number="95" type="jump" coverage="100%" />
              </conditions>
            </line>
            <line number="94" hits="2" branch="False" />
            <line number="95" hits="4" branch="False" />
            <line number="23" hits="8" branch="False" />
            <line number="24" hits="8" branch="False" />
            <line number="25" hits="8" branch="False" />
            <line number="26" hits="8" branch="False" />
            <line number="27" hits="8" branch="False" />
            <line number="28" hits="8" branch="False" />
            <line number="21" hits="1" branch="False" />
          </lines>
        </class>
        <class name="Services.OrderService/&lt;PlaceUserOrder&gt;d__5" filename="source\repos\PizaaOrderSystem\PizzaAppApi\Services\OrderService.cs" line-rate="1" branch-rate="1" complexity="1">
          <methods>
            <method name="MoveNext" signature="()" line-rate="1" branch-rate="1" complexity="1">
              <lines>
                <line number="32" hits="9" branch="False" />
                <line number="33" hits="9" branch="False" />
                <line number="34" hits="9" branch="False" />
                <line number="36" hits="4" branch="False" />
                <line number="38" hits="4" branch="False" />
                <line number="39" hits="4" branch="False" />
                <line number="40" hits="4" branch="False" />
                <line number="42" hits="4" branch="False" />
                <line number="43" hits="4" branch="False" />
                <line number="44" hits="4" branch="False" />
                <line number="45" hits="4" branch="False" />
                <line number="46" hits="4" branch="False" />
              </lines>
            </method>
          </methods>
          <lines>
            <line number="32" hits="9" branch="False" />
            <line number="33" hits="9" branch="False" />
            <line number="34" hits="9" branch="False" />
            <line number="36" hits="4" branch="False" />
            <line number="38" hits="4" branch="False" />
            <line number="39" hits="4" branch="False" />
            <line number="40" hits="4" branch="False" />
            <line number="42" hits="4" branch="False" />
            <line number="43" hits="4" branch="False" />
            <line number="44" hits="4" branch="False" />
            <line number="45" hits="4" branch="False" />
            <line number="46" hits="4" branch="False" />
          </lines>
        </class>
      </classes>
    </package>
    <package name="UnitTest" line-rate="0.9971" branch-rate="1" complexity="37">
      <classes>
        <class name="AutoGeneratedProgram" filename=".nuget\packages\microsoft.net.test.sdk\16.5.0\build\netcoreapp2.1\Microsoft.NET.Test.Sdk.Program.cs" line-rate="0" branch-rate="1" complexity="1">
          <methods>
            <method name="Main" signature="(System.String[])" line-rate="0" branch-rate="1" complexity="1">
              <lines>
                <line number="4" hits="0" branch="False" />
              </lines>
            </method>
          </methods>
          <lines>
            <line number="4" hits="0" branch="False" />
          </lines>
        </class>
        <class name="UnitTest.DashboardServiceTest" filename="source\repos\PizaaOrderSystem\PizzaAppApi\UnitTest\DashboardServiceTest.cs" line-rate="1" branch-rate="1" complexity="2">
          <methods>
            <method name="GetServiceInstance" signature="(Moq.Mock`1&lt;Microsoft.Extensions.Hosting.IHostEnvironment&gt;,Moq.Mock`1&lt;Domain.Repository_Interfaces.IFileRepository&gt;,Moq.Mock`1&lt;Microsoft.Extensions.Configuration.IConfiguration&gt;)" line-rate="1" branch-rate="1" complexity="1">
              <lines>
                <line number="20" hits="9" branch="False" />
                <line number="21" hits="9" branch="False" />
                <line number="22" hits="9" branch="False" />
              </lines>
            </method>
            <method name="GetItems" signature="()" line-rate="1" branch-rate="1" complexity="1">
              <lines>
                <line number="121" hits="2" branch="False" />
                <line number="122" hits="2" branch="False" />
                <line number="123" hits="2" branch="False" />
                <line number="124" hits="2" branch="False" />
                <line number="125" hits="2" branch="False" />
                <line number="126" hits="2" branch="False" />
                <line number="127" hits="2" branch="False" />
                <line number="128" hits="2" branch="False" />
                <line number="129" hits="2" branch="False" />
                <line number="130" hits="2" branch="False" />
                <line number="131" hits="2" branch="False" />
                <line number="132" hits="2" branch="False" />
                <line number="133" hits="2" branch="False" />
                <line number="134" hits="2" branch="False" />
                <line number="135" hits="2" branch="False" />
                <line number="136" hits="2" branch="False" />
                <line number="137" hits="2" branch="False" />
                <line number="138" hits="2" branch="False" />
                <line number="139" hits="2" branch="False" />
                <line number="140" hits="2" branch="False" />
                <line number="141" hits="2" branch="False" />
                <line number="142" hits="2" branch="False" />
                <line number="143" hits="2" branch="False" />
                <line number="144" hits="2" branch="False" />
                <line number="145" hits="2" branch="False" />
                <line number="146" hits="2" branch="False" />
                <line number="147" hits="2" branch="False" />
                <line number="148" hits="2" branch="False" />
                <line number="149" hits="2" branch="False" />
                <line number="150" hits="2" branch="False" />
                <line number="151" hits="2" branch="False" />
                <line number="152" hits="2" branch="False" />
              </lines>
            </method>
          </methods>
          <lines>
            <line number="20" hits="9" branch="False" />
            <line number="21" hits="9" branch="False" />
            <line number="22" hits="9" branch="False" />
            <line number="121" hits="2" branch="False" />
            <line number="122" hits="2" branch="False" />
            <line number="123" hits="2" branch="False" />
            <line number="124" hits="2" branch="False" />
            <line number="125" hits="2" branch="False" />
            <line number="126" hits="2" branch="False" />
            <line number="127" hits="2" branch="False" />
            <line number="128" hits="2" branch="False" />
            <line number="129" hits="2" branch="False" />
            <line number="130" hits="2" branch="False" />
            <line number="131" hits="2" branch="False" />
            <line number="132" hits="2" branch="False" />
            <line number="133" hits="2" branch="False" />
            <line number="134" hits="2" branch="False" />
            <line number="135" hits="2" branch="False" />
            <line number="136" hits="2" branch="False" />
            <line number="137" hits="2" branch="False" />
            <line number="138" hits="2" branch="False" />
            <line number="139" hits="2" branch="False" />
            <line number="140" hits="2" branch="False" />
            <line number="141" hits="2" branch="False" />
            <line number="142" hits="2" branch="False" />
            <line number="143" hits="2" branch="False" />
            <line number="144" hits="2" branch="False" />
            <line number="145" hits="2" branch="False" />
            <line number="146" hits="2" branch="False" />
            <line number="147" hits="2" branch="False" />
            <line number="148" hits="2" branch="False" />
            <line number="149" hits="2" branch="False" />
            <line number="150" hits="2" branch="False" />
            <line number="151" hits="2" branch="False" />
            <line number="152" hits="2" branch="False" />
          </lines>
        </class>
        <class name="UnitTest.DashboardServiceTest/&lt;&gt;c__DisplayClass1_0" filename="source\repos\PizaaOrderSystem\PizzaAppApi\UnitTest\DashboardServiceTest.cs" line-rate="1" branch-rate="1" complexity="1">
          <methods>
            <method name="&lt;GetDashboardDetails_Should_Throw_Exception_When_InValid_ConfigName&gt;b__0" signature="()" line-rate="1" branch-rate="1" complexity="1">
              <lines>
                <line number="39" hits="6" branch="False" />
              </lines>
            </method>
          </methods>
          <lines>
            <line number="39" hits="6" branch="False" />
          </lines>
        </class>
        <class name="UnitTest.DashboardServiceTest/&lt;GetDashboardDetails_Should_Throw_Exception_When_InValid_ConfigName&gt;d__1" filename="source\repos\PizaaOrderSystem\PizzaAppApi\UnitTest\DashboardServiceTest.cs" line-rate="1" branch-rate="1" complexity="1">
          <methods>
            <method name="MoveNext" signature="()" line-rate="1" branch-rate="1" complexity="1">
              <lines>
                <line number="31" hits="3" branch="False" />
                <line number="33" hits="3" branch="False" />
                <line number="34" hits="3" branch="False" />
                <line number="35" hits="3" branch="False" />
                <line number="36" hits="3" branch="False" />
                <line number="37" hits="3" branch="False" />
                <line number="42" hits="3" branch="False" />
                <line number="43" hits="3" branch="False" />
                <line number="44" hits="3" branch="False" />
              </lines>
            </method>
          </methods>
          <lines>
            <line number="31" hits="3" branch="False" />
            <line number="33" hits="3" branch="False" />
            <line number="34" hits="3" branch="False" />
            <line number="35" hits="3" branch="False" />
            <line number="36" hits="3" branch="False" />
            <line number="37" hits="3" branch="False" />
            <line number="42" hits="3" branch="False" />
            <line number="43" hits="3" branch="False" />
            <line number="44" hits="3" branch="False" />
          </lines>
        </class>
        <class name="UnitTest.DashboardServiceTest/&lt;&gt;c__DisplayClass2_0" filename="source\repos\PizaaOrderSystem\PizzaAppApi\UnitTest\DashboardServiceTest.cs" line-rate="1" branch-rate="1" complexity="1">
          <methods>
            <method name="&lt;GetDashboardDetails_Should_Throw_Exception_When_File_NotFound&gt;b__2" signature="()" line-rate="1" branch-rate="1" complexity="1">
              <lines>
                <line number="62" hits="4" branch="False" />
              </lines>
            </method>
          </methods>
          <lines>
            <line number="62" hits="4" branch="False" />
          </lines>
        </class>
        <class name="UnitTest.DashboardServiceTest/&lt;&gt;c" filename="source\repos\PizaaOrderSystem\PizzaAppApi\UnitTest\DashboardServiceTest.cs" line-rate="1" branch-rate="1" complexity="1">
          <methods>
            <method name="&lt;GetDashboardDetails_Should_ReturnData&gt;b__4_4" signature="(Domain.Entities.Item)" line-rate="1" branch-rate="1" complexity="1">
              <lines>
                <line number="117" hits="8" branch="False" />
              </lines>
            </method>
          </methods>
          <lines>
            <line number="117" hits="8" branch="False" />
          </lines>
        </class>
        <class name="UnitTest.DashboardServiceTest/&lt;GetDashboardDetails_Should_Throw_Exception_When_File_NotFound&gt;d__2" filename="source\repos\PizaaOrderSystem\PizzaAppApi\UnitTest\DashboardServiceTest.cs" line-rate="1" branch-rate="1" complexity="1">
          <methods>
            <method name="MoveNext" signature="()" line-rate="1" branch-rate="1" complexity="1">
              <lines>
                <line number="50" hits="2" branch="False" />
                <line number="52" hits="2" branch="False" />
                <line number="53" hits="2" branch="False" />
                <line number="54" hits="2" branch="False" />
                <line number="55" hits="2" branch="False" />
                <line number="56" hits="2" branch="False" />
                <line number="57" hits="2" branch="False" />
                <line number="58" hits="2" branch="False" />
                <line number="59" hits="2" branch="False" />
                <line number="60" hits="2" branch="False" />
                <line number="65" hits="2" branch="False" />
                <line number="66" hits="2" branch="False" />
                <line number="67" hits="2" branch="False" />
              </lines>
            </method>
          </methods>
          <lines>
            <line number="50" hits="2" branch="False" />
            <line number="52" hits="2" branch="False" />
            <line number="53" hits="2" branch="False" />
            <line number="54" hits="2" branch="False" />
            <line number="55" hits="2" branch="False" />
            <line number="56" hits="2" branch="False" />
            <line number="57" hits="2" branch="False" />
            <line number="58" hits="2" branch="False" />
            <line number="59" hits="2" branch="False" />
            <line number="60" hits="2" branch="False" />
            <line number="65" hits="2" branch="False" />
            <line number="66" hits="2" branch="False" />
            <line number="67" hits="2" branch="False" />
          </lines>
        </class>
        <class name="UnitTest.DashboardServiceTest/&lt;&gt;c__DisplayClass3_0" filename="source\repos\PizaaOrderSystem\PizzaAppApi\UnitTest\DashboardServiceTest.cs" line-rate="1" branch-rate="1" complexity="1">
          <methods>
            <method name="&lt;GetDashboardDetails_Should_Throw_Exception_When_Dashboard_Data_NotFound&gt;b__3" signature="()" line-rate="1" branch-rate="1" complexity="1">
              <lines>
                <line number="87" hits="4" branch="False" />
              </lines>
            </method>
          </methods>
          <lines>
            <line number="87" hits="4" branch="False" />
          </lines>
        </class>
        <class name="UnitTest.DashboardServiceTest/&lt;GetDashboardDetails_Should_Throw_Exception_When_Dashboard_Data_NotFound&gt;d__3" filename="source\repos\PizaaOrderSystem\PizzaAppApi\UnitTest\DashboardServiceTest.cs" line-rate="1" branch-rate="1" complexity="1">
          <methods>
            <method name="MoveNext" signature="()" line-rate="1" branch-rate="1" complexity="1">
              <lines>
                <line number="73" hits="2" branch="False" />
                <line number="75" hits="2" branch="False" />
                <line number="76" hits="2" branch="False" />
                <line number="77" hits="2" branch="False" />
                <line number="78" hits="2" branch="False" />
                <line number="79" hits="2" branch="False" />
                <line number="80" hits="2" branch="False" />
                <line number="81" hits="2" branch="False" />
                <line number="82" hits="2" branch="False" />
                <line number="83" hits="2" branch="False" />
                <line number="84" hits="2" branch="False" />
                <line number="85" hits="2" branch="False" />
                <line number="90" hits="2" branch="False" />
                <line number="91" hits="2" branch="False" />
                <line number="92" hits="2" branch="False" />
              </lines>
            </method>
          </methods>
          <lines>
            <line number="73" hits="2" branch="False" />
            <line number="75" hits="2" branch="False" />
            <line number="76" hits="2" branch="False" />
            <line number="77" hits="2" branch="False" />
            <line number="78" hits="2" branch="False" />
            <line number="79" hits="2" branch="False" />
            <line number="80" hits="2" branch="False" />
            <line number="81" hits="2" branch="False" />
            <line number="82" hits="2" branch="False" />
            <line number="83" hits="2" branch="False" />
            <line number="84" hits="2" branch="False" />
            <line number="85" hits="2" branch="False" />
            <line number="90" hits="2" branch="False" />
            <line number="91" hits="2" branch="False" />
            <line number="92" hits="2" branch="False" />
          </lines>
        </class>
        <class name="UnitTest.DashboardServiceTest/&lt;GetDashboardDetails_Should_ReturnData&gt;d__4" filename="source\repos\PizaaOrderSystem\PizzaAppApi\UnitTest\DashboardServiceTest.cs" line-rate="1" branch-rate="1" complexity="1">
          <methods>
            <method name="MoveNext" signature="()" line-rate="1" branch-rate="1" complexity="1">
              <lines>
                <line number="98" hits="2" branch="False" />
                <line number="100" hits="2" branch="False" />
                <line number="101" hits="2" branch="False" />
                <line number="102" hits="2" branch="False" />
                <line number="103" hits="2" branch="False" />
                <line number="104" hits="2" branch="False" />
                <line number="105" hits="2" branch="False" />
                <line number="106" hits="2" branch="False" />
                <line number="107" hits="2" branch="False" />
                <line number="108" hits="2" branch="False" />
                <line number="109" hits="2" branch="False" />
                <line number="110" hits="2" branch="False" />
                <line number="113" hits="2" branch="False" />
                <line number="116" hits="2" branch="False" />
                <line number="118" hits="2" branch="False" />
              </lines>
            </method>
          </methods>
          <lines>
            <line number="98" hits="2" branch="False" />
            <line number="100" hits="2" branch="False" />
            <line number="101" hits="2" branch="False" />
            <line number="102" hits="2" branch="False" />
            <line number="103" hits="2" branch="False" />
            <line number="104" hits="2" branch="False" />
            <line number="105" hits="2" branch="False" />
            <line number="106" hits="2" branch="False" />
            <line number="107" hits="2" branch="False" />
            <line number="108" hits="2" branch="False" />
            <line number="109" hits="2" branch="False" />
            <line number="110" hits="2" branch="False" />
            <line number="113" hits="2" branch="False" />
            <line number="116" hits="2" branch="False" />
            <line number="118" hits="2" branch="False" />
          </lines>
        </class>
        <class name="UnitTest.LookupServiceTest" filename="source\repos\PizaaOrderSystem\PizzaAppApi\UnitTest\LookupServiceTest.cs" line-rate="1" branch-rate="1" complexity="2">
          <methods>
            <method name="GetServiceInstance" signature="(Moq.Mock`1&lt;Microsoft.Extensions.Hosting.IHostEnvironment&gt;,Moq.Mock`1&lt;Domain.Repository_Interfaces.IFileRepository&gt;,Moq.Mock`1&lt;Microsoft.Extensions.Configuration.IConfiguration&gt;)" line-rate="1" branch-rate="1" complexity="1">
              <lines>
                <line number="21" hits="9" branch="False" />
                <line number="22" hits="9" branch="False" />
                <line number="23" hits="9" branch="False" />
              </lines>
            </method>
            <method name="GetLookupItems" signature="()" line-rate="1" branch-rate="1" complexity="1">
              <lines>
                <line number="122" hits="2" branch="False" />
                <line number="123" hits="2" branch="False" />
                <line number="124" hits="2" branch="False" />
                <line number="125" hits="2" branch="False" />
                <line number="126" hits="2" branch="False" />
                <line number="127" hits="2" branch="False" />
                <line number="128" hits="2" branch="False" />
                <line number="129" hits="2" branch="False" />
                <line number="130" hits="2" branch="False" />
                <line number="131" hits="2" branch="False" />
                <line number="132" hits="2" branch="False" />
                <line number="133" hits="2" branch="False" />
                <line number="134" hits="2" branch="False" />
                <line number="135" hits="2" branch="False" />
                <line number="136" hits="2" branch="False" />
                <line number="137" hits="2" branch="False" />
                <line number="138" hits="2" branch="False" />
                <line number="139" hits="2" branch="False" />
                <line number="140" hits="2" branch="False" />
                <line number="141" hits="2" branch="False" />
                <line number="142" hits="2" branch="False" />
                <line number="143" hits="2" branch="False" />
                <line number="144" hits="2" branch="False" />
                <line number="145" hits="2" branch="False" />
                <line number="146" hits="2" branch="False" />
                <line number="147" hits="2" branch="False" />
                <line number="148" hits="2" branch="False" />
                <line number="149" hits="2" branch="False" />
                <line number="150" hits="2" branch="False" />
                <line number="151" hits="2" branch="False" />
                <line number="152" hits="2" branch="False" />
                <line number="153" hits="2" branch="False" />
              </lines>
            </method>
          </methods>
          <lines>
            <line number="21" hits="9" branch="False" />
            <line number="22" hits="9" branch="False" />
            <line number="23" hits="9" branch="False" />
            <line number="122" hits="2" branch="False" />
            <line number="123" hits="2" branch="False" />
            <line number="124" hits="2" branch="False" />
            <line number="125" hits="2" branch="False" />
            <line number="126" hits="2" branch="False" />
            <line number="127" hits="2" branch="False" />
            <line number="128" hits="2" branch="False" />
            <line number="129" hits="2" branch="False" />
            <line number="130" hits="2" branch="False" />
            <line number="131" hits="2" branch="False" />
            <line number="132" hits="2" branch="False" />
            <line number="133" hits="2" branch="False" />
            <line number="134" hits="2" branch="False" />
            <line number="135" hits="2" branch="False" />
            <line number="136" hits="2" branch="False" />
            <line number="137" hits="2" branch="False" />
            <line number="138" hits="2" branch="False" />
            <line number="139" hits="2" branch="False" />
            <line number="140" hits="2" branch="False" />
            <line number="141" hits="2" branch="False" />
            <line number="142" hits="2" branch="False" />
            <line number="143" hits="2" branch="False" />
            <line number="144" hits="2" branch="False" />
            <line number="145" hits="2" branch="False" />
            <line number="146" hits="2" branch="False" />
            <line number="147" hits="2" branch="False" />
            <line number="148" hits="2" branch="False" />
            <line number="149" hits="2" branch="False" />
            <line number="150" hits="2" branch="False" />
            <line number="151" hits="2" branch="False" />
            <line number="152" hits="2" branch="False" />
            <line number="153" hits="2" branch="False" />
          </lines>
        </class>
        <class name="UnitTest.LookupServiceTest/&lt;&gt;c__DisplayClass1_0" filename="source\repos\PizaaOrderSystem\PizzaAppApi\UnitTest\LookupServiceTest.cs" line-rate="1" branch-rate="1" complexity="1">
          <methods>
            <method name="&lt;GetConfigurationsDetails_Should_Throw_Exception_When_InValid_ConfigName&gt;b__0" signature="()" line-rate="1" branch-rate="1" complexity="1">
              <lines>
                <line number="39" hits="6" branch="False" />
              </lines>
            </method>
          </methods>
          <lines>
            <line number="39" hits="6" branch="False" />
          </lines>
        </class>
        <class name="UnitTest.LookupServiceTest/&lt;GetConfigurationsDetails_Should_Throw_Exception_When_InValid_ConfigName&gt;d__1" filename="source\repos\PizaaOrderSystem\PizzaAppApi\UnitTest\LookupServiceTest.cs" line-rate="1" branch-rate="1" complexity="1">
          <methods>
            <method name="MoveNext" signature="()" line-rate="1" branch-rate="1" complexity="1">
              <lines>
                <line number="31" hits="3" branch="False" />
                <line number="33" hits="3" branch="False" />
                <line number="34" hits="3" branch="False" />
                <line number="35" hits="3" branch="False" />
                <line number="36" hits="3" branch="False" />
                <line number="37" hits="3" branch="False" />
                <line number="42" hits="3" branch="False" />
                <line number="43" hits="3" branch="False" />
                <line number="44" hits="3" branch="False" />
              </lines>
            </method>
          </methods>
          <lines>
            <line number="31" hits="3" branch="False" />
            <line number="33" hits="3" branch="False" />
            <line number="34" hits="3" branch="False" />
            <line number="35" hits="3" branch="False" />
            <line number="36" hits="3" branch="False" />
            <line number="37" hits="3" branch="False" />
            <line number="42" hits="3" branch="False" />
            <line number="43" hits="3" branch="False" />
            <line number="44" hits="3" branch="False" />
          </lines>
        </class>
        <class name="UnitTest.LookupServiceTest/&lt;&gt;c__DisplayClass2_0" filename="source\repos\PizaaOrderSystem\PizzaAppApi\UnitTest\LookupServiceTest.cs" line-rate="1" branch-rate="1" complexity="1">
          <methods>
            <method name="&lt;GetConfigurationsDetails_Should_Throw_Exception_When_File_NotFound&gt;b__2" signature="()" line-rate="1" branch-rate="1" complexity="1">
              <lines>
                <line number="62" hits="4" branch="False" />
              </lines>
            </method>
          </methods>
          <lines>
            <line number="62" hits="4" branch="False" />
          </lines>
        </class>
        <class name="UnitTest.LookupServiceTest/&lt;&gt;c" filename="source\repos\PizaaOrderSystem\PizzaAppApi\UnitTest\LookupServiceTest.cs" line-rate="1" branch-rate="1" complexity="1">
          <methods>
            <method name="&lt;GetConfigurationsDetails_Should_ReturnData&gt;b__4_4" signature="(Domain.Entities.LookupItem)" line-rate="1" branch-rate="1" complexity="1">
              <lines>
                <line number="118" hits="8" branch="False" />
              </lines>
            </method>
          </methods>
          <lines>
            <line number="118" hits="8" branch="False" />
          </lines>
        </class>
        <class name="UnitTest.LookupServiceTest/&lt;GetConfigurationsDetails_Should_Throw_Exception_When_File_NotFound&gt;d__2" filename="source\repos\PizaaOrderSystem\PizzaAppApi\UnitTest\LookupServiceTest.cs" line-rate="1" branch-rate="1" complexity="1">
          <methods>
            <method name="MoveNext" signature="()" line-rate="1" branch-rate="1" complexity="1">
              <lines>
                <line number="50" hits="2" branch="False" />
                <line number="52" hits="2" branch="False" />
                <line number="53" hits="2" branch="False" />
                <line number="54" hits="2" branch="False" />
                <line number="55" hits="2" branch="False" />
                <line number="56" hits="2" branch="False" />
                <line number="57" hits="2" branch="False" />
                <line number="58" hits="2" branch="False" />
                <line number="59" hits="2" branch="False" />
                <line number="60" hits="2" branch="False" />
                <line number="65" hits="2" branch="False" />
                <line number="66" hits="2" branch="False" />
                <line number="67" hits="2" branch="False" />
              </lines>
            </method>
          </methods>
          <lines>
            <line number="50" hits="2" branch="False" />
            <line number="52" hits="2" branch="False" />
            <line number="53" hits="2" branch="False" />
            <line number="54" hits="2" branch="False" />
            <line number="55" hits="2" branch="False" />
            <line number="56" hits="2" branch="False" />
            <line number="57" hits="2" branch="False" />
            <line number="58" hits="2" branch="False" />
            <line number="59" hits="2" branch="False" />
            <line number="60" hits="2" branch="False" />
            <line number="65" hits="2" branch="False" />
            <line number="66" hits="2" branch="False" />
            <line number="67" hits="2" branch="False" />
          </lines>
        </class>
        <class name="UnitTest.LookupServiceTest/&lt;&gt;c__DisplayClass3_0" filename="source\repos\PizaaOrderSystem\PizzaAppApi\UnitTest\LookupServiceTest.cs" line-rate="1" branch-rate="1" complexity="1">
          <methods>
            <method name="&lt;GetConfigurationsDetails_Should_Throw_Exception_When_Dashboard_Data_NotFound&gt;b__3" signature="()" line-rate="1" branch-rate="1" complexity="1">
              <lines>
                <line number="87" hits="4" branch="False" />
              </lines>
            </method>
          </methods>
          <lines>
            <line number="87" hits="4" branch="False" />
          </lines>
        </class>
        <class name="UnitTest.LookupServiceTest/&lt;GetConfigurationsDetails_Should_Throw_Exception_When_Dashboard_Data_NotFound&gt;d__3" filename="source\repos\PizaaOrderSystem\PizzaAppApi\UnitTest\LookupServiceTest.cs" line-rate="1" branch-rate="1" complexity="1">
          <methods>
            <method name="MoveNext" signature="()" line-rate="1" branch-rate="1" complexity="1">
              <lines>
                <line number="73" hits="2" branch="False" />
                <line number="75" hits="2" branch="False" />
                <line number="76" hits="2" branch="False" />
                <line number="77" hits="2" branch="False" />
                <line number="78" hits="2" branch="False" />
                <line number="79" hits="2" branch="False" />
                <line number="80" hits="2" branch="False" />
                <line number="81" hits="2" branch="False" />
                <line number="82" hits="2" branch="False" />
                <line number="83" hits="2" branch="False" />
                <line number="84" hits="2" branch="False" />
                <line number="85" hits="2" branch="False" />
                <line number="90" hits="2" branch="False" />
                <line number="91" hits="2" branch="False" />
                <line number="92" hits="2" branch="False" />
              </lines>
            </method>
          </methods>
          <lines>
            <line number="73" hits="2" branch="False" />
            <line number="75" hits="2" branch="False" />
            <line number="76" hits="2" branch="False" />
            <line number="77" hits="2" branch="False" />
            <line number="78" hits="2" branch="False" />
            <line number="79" hits="2" branch="False" />
            <line number="80" hits="2" branch="False" />
            <line number="81" hits="2" branch="False" />
            <line number="82" hits="2" branch="False" />
            <line number="83" hits="2" branch="False" />
            <line number="84" hits="2" branch="False" />
            <line number="85" hits="2" branch="False" />
            <line number="90" hits="2" branch="False" />
            <line number="91" hits="2" branch="False" />
            <line number="92" hits="2" branch="False" />
          </lines>
        </class>
        <class name="UnitTest.LookupServiceTest/&lt;GetConfigurationsDetails_Should_ReturnData&gt;d__4" filename="source\repos\PizaaOrderSystem\PizzaAppApi\UnitTest\LookupServiceTest.cs" line-rate="1" branch-rate="1" complexity="1">
          <methods>
            <method name="MoveNext" signature="()" line-rate="1" branch-rate="1" complexity="1">
              <lines>
                <line number="98" hits="2" branch="False" />
                <line number="100" hits="2" branch="False" />
                <line number="101" hits="2" branch="False" />
                <line number="102" hits="2" branch="False" />
                <line number="103" hits="2" branch="False" />
                <line number="104" hits="2" branch="False" />
                <line number="105" hits="2" branch="False" />
                <line number="106" hits="2" branch="False" />
                <line number="107" hits="2" branch="False" />
                <line number="108" hits="2" branch="False" />
                <line number="109" hits="2" branch="False" />
                <line number="110" hits="2" branch="False" />
                <line number="111" hits="2" branch="False" />
                <line number="114" hits="2" branch="False" />
                <line number="117" hits="2" branch="False" />
                <line number="119" hits="2" branch="False" />
              </lines>
            </method>
          </methods>
          <lines>
            <line number="98" hits="2" branch="False" />
            <line number="100" hits="2" branch="False" />
            <line number="101" hits="2" branch="False" />
            <line number="102" hits="2" branch="False" />
            <line number="103" hits="2" branch="False" />
            <line number="104" hits="2" branch="False" />
            <line number="105" hits="2" branch="False" />
            <line number="106" hits="2" branch="False" />
            <line number="107" hits="2" branch="False" />
            <line number="108" hits="2" branch="False" />
            <line number="109" hits="2" branch="False" />
            <line number="110" hits="2" branch="False" />
            <line number="111" hits="2" branch="False" />
            <line number="114" hits="2" branch="False" />
            <line number="117" hits="2" branch="False" />
            <line number="119" hits="2" branch="False" />
          </lines>
        </class>
        <class name="UnitTest.OrderServiceTest" filename="source\repos\PizaaOrderSystem\PizzaAppApi\UnitTest\OrderServiceTest.cs" line-rate="1" branch-rate="1" complexity="2">
          <methods>
            <method name="GetServiceInstance" signature="(Moq.Mock`1&lt;Microsoft.Extensions.Hosting.IHostEnvironment&gt;,Moq.Mock`1&lt;Domain.Repository_Interfaces.IFileRepository&gt;,Moq.Mock`1&lt;Microsoft.Extensions.Configuration.IConfiguration&gt;)" line-rate="1" branch-rate="1" complexity="1">
              <lines>
                <line number="22" hits="8" branch="False" />
                <line number="23" hits="8" branch="False" />
                <line number="24" hits="8" branch="False" />
              </lines>
            </method>
            <method name="GetExistingOrder" signature="()" line-rate="1" branch-rate="1" complexity="1">
              <lines>
                <line number="182" hits="2" branch="False" />
                <line number="183" hits="2" branch="False" />
                <line number="184" hits="2" branch="False" />
                <line number="185" hits="2" branch="False" />
                <line number="186" hits="2" branch="False" />
                <line number="187" hits="2" branch="False" />
                <line number="188" hits="2" branch="False" />
                <line number="189" hits="2" branch="False" />
                <line number="190" hits="2" branch="False" />
                <line number="191" hits="2" branch="False" />
                <line number="192" hits="2" branch="False" />
                <line number="193" hits="2" branch="False" />
                <line number="194" hits="2" branch="False" />
                <line number="195" hits="2" branch="False" />
                <line number="196" hits="2" branch="False" />
                <line number="197" hits="2" branch="False" />
                <line number="198" hits="2" branch="False" />
                <line number="199" hits="2" branch="False" />
                <line number="200" hits="2" branch="False" />
                <line number="201" hits="2" branch="False" />
                <line number="202" hits="2" branch="False" />
                <line number="203" hits="2" branch="False" />
                <line number="204" hits="2" branch="False" />
                <line number="205" hits="2" branch="False" />
                <line number="206" hits="2" branch="False" />
                <line number="207" hits="2" branch="False" />
                <line number="208" hits="2" branch="False" />
                <line number="209" hits="2" branch="False" />
                <line number="210" hits="2" branch="False" />
                <line number="211" hits="2" branch="False" />
                <line number="212" hits="2" branch="False" />
                <line number="213" hits="2" branch="False" />
                <line number="214" hits="2" branch="False" />
                <line number="215" hits="2" branch="False" />
                <line number="216" hits="2" branch="False" />
                <line number="217" hits="2" branch="False" />
                <line number="218" hits="2" branch="False" />
                <line number="219" hits="2" branch="False" />
                <line number="220" hits="2" branch="False" />
                <line number="221" hits="2" branch="False" />
                <line number="222" hits="2" branch="False" />
                <line number="223" hits="2" branch="False" />
                <line number="224" hits="2" branch="False" />
                <line number="225" hits="2" branch="False" />
                <line number="226" hits="2" branch="False" />
                <line number="227" hits="2" branch="False" />
                <line number="228" hits="2" branch="False" />
                <line number="229" hits="2" branch="False" />
                <line number="230" hits="2" branch="False" />
                <line number="231" hits="2" branch="False" />
                <line number="232" hits="2" branch="False" />
                <line number="233" hits="2" branch="False" />
                <line number="234" hits="2" branch="False" />
                <line number="235" hits="2" branch="False" />
                <line number="236" hits="2" branch="False" />
                <line number="237" hits="2" branch="False" />
                <line number="238" hits="2" branch="False" />
                <line number="239" hits="2" branch="False" />
              </lines>
            </method>
          </methods>
          <lines>
            <line number="22" hits="8" branch="False" />
            <line number="23" hits="8" branch="False" />
            <line number="24" hits="8" branch="False" />
            <line number="182" hits="2" branch="False" />
            <line number="183" hits="2" branch="False" />
            <line number="184" hits="2" branch="False" />
            <line number="185" hits="2" branch="False" />
            <line number="186" hits="2" branch="False" />
            <line number="187" hits="2" branch="False" />
            <line number="188" hits="2" branch="False" />
            <line number="189" hits="2" branch="False" />
            <line number="190" hits="2" branch="False" />
            <line number="191" hits="2" branch="False" />
            <line number="192" hits="2" branch="False" />
            <line number="193" hits="2" branch="False" />
            <line number="194" hits="2" branch="False" />
            <line number="195" hits="2" branch="False" />
            <line number="196" hits="2" branch="False" />
            <line number="197" hits="2" branch="False" />
            <line number="198" hits="2" branch="False" />
            <line number="199" hits="2" branch="False" />
            <line number="200" hits="2" branch="False" />
            <line number="201" hits="2" branch="False" />
            <line number="202" hits="2" branch="False" />
            <line number="203" hits="2" branch="False" />
            <line number="204" hits="2" branch="False" />
            <line number="205" hits="2" branch="False" />
            <line number="206" hits="2" branch="False" />
            <line number="207" hits="2" branch="False" />
            <line number="208" hits="2" branch="False" />
            <line number="209" hits="2" branch="False" />
            <line number="210" hits="2" branch="False" />
            <line number="211" hits="2" branch="False" />
            <line number="212" hits="2" branch="False" />
            <line number="213" hits="2" branch="False" />
            <line number="214" hits="2" branch="False" />
            <line number="215" hits="2" branch="False" />
            <line number="216" hits="2" branch="False" />
            <line number="217" hits="2" branch="False" />
            <line number="218" hits="2" branch="False" />
            <line number="219" hits="2" branch="False" />
            <line number="220" hits="2" branch="False" />
            <line number="221" hits="2" branch="False" />
            <line number="222" hits="2" branch="False" />
            <line number="223" hits="2" branch="False" />
            <line number="224" hits="2" branch="False" />
            <line number="225" hits="2" branch="False" />
            <line number="226" hits="2" branch="False" />
            <line number="227" hits="2" branch="False" />
            <line number="228" hits="2" branch="False" />
            <line number="229" hits="2" branch="False" />
            <line number="230" hits="2" branch="False" />
            <line number="231" hits="2" branch="False" />
            <line number="232" hits="2" branch="False" />
            <line number="233" hits="2" branch="False" />
            <line number="234" hits="2" branch="False" />
            <line number="235" hits="2" branch="False" />
            <line number="236" hits="2" branch="False" />
            <line number="237" hits="2" branch="False" />
            <line number="238" hits="2" branch="False" />
            <line number="239" hits="2" branch="False" />
          </lines>
        </class>
        <class name="UnitTest.OrderServiceTest/&lt;&gt;c__DisplayClass1_0" filename="source\repos\PizaaOrderSystem\PizzaAppApi\UnitTest\OrderServiceTest.cs" line-rate="1" branch-rate="1" complexity="1">
          <methods>
            <method name="&lt;PlaceUserOrder_Should_Throw_Exception_When_InValid_Null_OrderDTO&gt;b__0" signature="()" line-rate="1" branch-rate="1" complexity="1">
              <lines>
                <line number="39" hits="2" branch="False" />
              </lines>
            </method>
          </methods>
          <lines>
            <line number="39" hits="2" branch="False" />
          </lines>
        </class>
        <class name="UnitTest.OrderServiceTest/&lt;PlaceUserOrder_Should_Throw_Exception_When_InValid_Null_OrderDTO&gt;d__1" filename="source\repos\PizaaOrderSystem\PizzaAppApi\UnitTest\OrderServiceTest.cs" line-rate="1" branch-rate="1" complexity="1">
          <methods>
            <method name="MoveNext" signature="()" line-rate="1" branch-rate="1" complexity="1">
              <lines>
                <line number="30" hits="1" branch="False" />
                <line number="32" hits="1" branch="False" />
                <line number="33" hits="1" branch="False" />
                <line number="34" hits="1" branch="False" />
                <line number="35" hits="1" branch="False" />
                <line number="36" hits="1" branch="False" />
                <line number="37" hits="1" branch="False" />
                <line number="42" hits="1" branch="False" />
                <line number="43" hits="1" branch="False" />
                <line number="44" hits="1" branch="False" />
              </lines>
            </method>
          </methods>
          <lines>
            <line number="30" hits="1" branch="False" />
            <line number="32" hits="1" branch="False" />
            <line number="33" hits="1" branch="False" />
            <line number="34" hits="1" branch="False" />
            <line number="35" hits="1" branch="False" />
            <line number="36" hits="1" branch="False" />
            <line number="37" hits="1" branch="False" />
            <line number="42" hits="1" branch="False" />
            <line number="43" hits="1" branch="False" />
            <line number="44" hits="1" branch="False" />
          </lines>
        </class>
        <class name="UnitTest.OrderServiceTest/&lt;&gt;c__DisplayClass2_0" filename="source\repos\PizaaOrderSystem\PizzaAppApi\UnitTest\OrderServiceTest.cs" line-rate="1" branch-rate="1" complexity="1">
          <methods>
            <method name="&lt;PlaceUserOrder_Should_Throw_Exception_When_Null_EmailId&gt;b__0" signature="()" line-rate="1" branch-rate="1" complexity="1">
              <lines>
                <line number="57" hits="2" branch="False" />
              </lines>
            </method>
          </methods>
          <lines>
            <line number="57" hits="2" branch="False" />
          </lines>
        </class>
        <class name="UnitTest.OrderServiceTest/&lt;PlaceUserOrder_Should_Throw_Exception_When_Null_EmailId&gt;d__2" filename="source\repos\PizaaOrderSystem\PizzaAppApi\UnitTest\OrderServiceTest.cs" line-rate="1" branch-rate="1" complexity="1">
          <methods>
            <method name="MoveNext" signature="()" line-rate="1" branch-rate="1" complexity="1">
              <lines>
                <line number="48" hits="1" branch="False" />
                <line number="50" hits="1" branch="False" />
                <line number="51" hits="1" branch="False" />
                <line number="52" hits="1" branch="False" />
                <line number="53" hits="1" branch="False" />
                <line number="54" hits="1" branch="False" />
                <line number="55" hits="1" branch="False" />
                <line number="60" hits="1" branch="False" />
                <line number="61" hits="1" branch="False" />
                <line number="62" hits="1" branch="False" />
              </lines>
            </method>
          </methods>
          <lines>
            <line number="48" hits="1" branch="False" />
            <line number="50" hits="1" branch="False" />
            <line number="51" hits="1" branch="False" />
            <line number="52" hits="1" branch="False" />
            <line number="53" hits="1" branch="False" />
            <line number="54" hits="1" branch="False" />
            <line number="55" hits="1" branch="False" />
            <line number="60" hits="1" branch="False" />
            <line number="61" hits="1" branch="False" />
            <line number="62" hits="1" branch="False" />
          </lines>
        </class>
        <class name="UnitTest.OrderServiceTest/&lt;&gt;c__DisplayClass3_0" filename="source\repos\PizaaOrderSystem\PizzaAppApi\UnitTest\OrderServiceTest.cs" line-rate="1" branch-rate="1" complexity="1">
          <methods>
            <method name="&lt;PlaceUserOrder_Should_Throw_Exception_When_Null_Order&gt;b__0" signature="()" line-rate="1" branch-rate="1" complexity="1">
              <lines>
                <line number="75" hits="2" branch="False" />
              </lines>
            </method>
          </methods>
          <lines>
            <line number="75" hits="2" branch="False" />
          </lines>
        </class>
        <class name="UnitTest.OrderServiceTest/&lt;PlaceUserOrder_Should_Throw_Exception_When_Null_Order&gt;d__3" filename="source\repos\PizaaOrderSystem\PizzaAppApi\UnitTest\OrderServiceTest.cs" line-rate="1" branch-rate="1" complexity="1">
          <methods>
            <method name="MoveNext" signature="()" line-rate="1" branch-rate="1" complexity="1">
              <lines>
                <line number="66" hits="1" branch="False" />
                <line number="68" hits="1" branch="False" />
                <line number="69" hits="1" branch="False" />
                <line number="70" hits="1" branch="False" />
                <line number="71" hits="1" branch="False" />
                <line number="72" hits="1" branch="False" />
                <line number="73" hits="1" branch="False" />
                <line number="78" hits="1" branch="False" />
                <line number="79" hits="1" branch="False" />
                <line number="80" hits="1" branch="False" />
              </lines>
            </method>
          </methods>
          <lines>
            <line number="66" hits="1" branch="False" />
            <line number="68" hits="1" branch="False" />
            <line number="69" hits="1" branch="False" />
            <line number="70" hits="1" branch="False" />
            <line number="71" hits="1" branch="False" />
            <line number="72" hits="1" branch="False" />
            <line number="73" hits="1" branch="False" />
            <line number="78" hits="1" branch="False" />
            <line number="79" hits="1" branch="False" />
            <line number="80" hits="1" branch="False" />
          </lines>
        </class>
        <class name="UnitTest.OrderServiceTest/&lt;&gt;c__DisplayClass4_0" filename="source\repos\PizaaOrderSystem\PizzaAppApi\UnitTest\OrderServiceTest.cs" line-rate="1" branch-rate="1" complexity="1">
          <methods>
            <method name="&lt;PlaceUserOrder_Should_Throw_Exception_When_Invalid_Email&gt;b__0" signature="()" line-rate="1" branch-rate="1" complexity="1">
              <lines>
                <line number="95" hits="4" branch="False" />
              </lines>
            </method>
          </methods>
          <lines>
            <line number="95" hits="4" branch="False" />
          </lines>
        </class>
        <class name="UnitTest.OrderServiceTest/&lt;PlaceUserOrder_Should_Throw_Exception_When_Invalid_Email&gt;d__4" filename="source\repos\PizaaOrderSystem\PizzaAppApi\UnitTest\OrderServiceTest.cs" line-rate="1" branch-rate="1" complexity="1">
          <methods>
            <method name="MoveNext" signature="()" line-rate="1" branch-rate="1" complexity="1">
              <lines>
                <line number="86" hits="2" branch="False" />
                <line number="88" hits="2" branch="False" />
                <line number="89" hits="2" branch="False" />
                <line number="90" hits="2" branch="False" />
                <line number="91" hits="2" branch="False" />
                <line number="92" hits="2" branch="False" />
                <line number="93" hits="2" branch="False" />
                <line number="98" hits="2" branch="False" />
                <line number="99" hits="2" branch="False" />
                <line number="100" hits="2" branch="False" />
              </lines>
            </method>
          </methods>
          <lines>
            <line number="86" hits="2" branch="False" />
            <line number="88" hits="2" branch="False" />
            <line number="89" hits="2" branch="False" />
            <line number="90" hits="2" branch="False" />
            <line number="91" hits="2" branch="False" />
            <line number="92" hits="2" branch="False" />
            <line number="93" hits="2" branch="False" />
            <line number="98" hits="2" branch="False" />
            <line number="99" hits="2" branch="False" />
            <line number="100" hits="2" branch="False" />
          </lines>
        </class>
        <class name="UnitTest.OrderServiceTest/&lt;&gt;c" filename="source\repos\PizaaOrderSystem\PizzaAppApi\UnitTest\OrderServiceTest.cs" line-rate="1" branch-rate="1" complexity="1">
          <methods>
            <method name="&lt;PlaceUserOrder_Should_Save_Data_With_2_Request&gt;b__7_7" signature="(System.Boolean)" line-rate="1" branch-rate="1" complexity="1">
              <lines>
                <line number="178" hits="3" branch="False" />
              </lines>
            </method>
          </methods>
          <lines>
            <line number="178" hits="3" branch="False" />
          </lines>
        </class>
        <class name="UnitTest.OrderServiceTest/&lt;PlaceUserOrder_Should_Save_Data_To_New_File&gt;d__5" filename="source\repos\PizaaOrderSystem\PizzaAppApi\UnitTest\OrderServiceTest.cs" line-rate="1" branch-rate="1" complexity="1">
          <methods>
            <method name="MoveNext" signature="()" line-rate="1" branch-rate="1" complexity="1">
              <lines>
                <line number="104" hits="1" branch="False" />
                <line number="106" hits="1" branch="False" />
                <line number="107" hits="1" branch="False" />
                <line number="108" hits="1" branch="False" />
                <line number="109" hits="1" branch="False" />
                <line number="110" hits="1" branch="False" />
                <line number="111" hits="1" branch="False" />
                <line number="112" hits="1" branch="False" />
                <line number="113" hits="1" branch="False" />
                <line number="114" hits="1" branch="False" />
                <line number="115" hits="1" branch="False" />
                <line number="116" hits="1" branch="False" />
                <line number="117" hits="1" branch="False" />
                <line number="118" hits="1" branch="False" />
                <line number="120" hits="1" branch="False" />
                <line number="123" hits="1" branch="False" />
                <line number="124" hits="1" branch="False" />
              </lines>
            </method>
          </methods>
          <lines>
            <line number="104" hits="1" branch="False" />
            <line number="106" hits="1" branch="False" />
            <line number="107" hits="1" branch="False" />
            <line number="108" hits="1" branch="False" />
            <line number="109" hits="1" branch="False" />
            <line number="110" hits="1" branch="False" />
            <line number="111" hits="1" branch="False" />
            <line number="112" hits="1" branch="False" />
            <line number="113" hits="1" branch="False" />
            <line number="114" hits="1" branch="False" />
            <line number="115" hits="1" branch="False" />
            <line number="116" hits="1" branch="False" />
            <line number="117" hits="1" branch="False" />
            <line number="118" hits="1" branch="False" />
            <line number="120" hits="1" branch="False" />
            <line number="123" hits="1" branch="False" />
            <line number="124" hits="1" branch="False" />
          </lines>
        </class>
        <class name="UnitTest.OrderServiceTest/&lt;PlaceUserOrder_Should_Save_Data_To_Existing_File&gt;d__6" filename="source\repos\PizaaOrderSystem\PizzaAppApi\UnitTest\OrderServiceTest.cs" line-rate="1" branch-rate="1" complexity="1">
          <methods>
            <method name="MoveNext" signature="()" line-rate="1" branch-rate="1" complexity="1">
              <lines>
                <line number="128" hits="1" branch="False" />
                <line number="130" hits="1" branch="False" />
                <line number="131" hits="1" branch="False" />
                <line number="132" hits="1" branch="False" />
                <line number="133" hits="1" branch="False" />
                <line number="134" hits="1" branch="False" />
                <line number="135" hits="1" branch="False" />
                <line number="136" hits="1" branch="False" />
                <line number="137" hits="1" branch="False" />
                <line number="138" hits="1" branch="False" />
                <line number="139" hits="1" branch="False" />
                <line number="140" hits="1" branch="False" />
                <line number="141" hits="1" branch="False" />
                <line number="142" hits="1" branch="False" />
                <line number="143" hits="1" branch="False" />
                <line number="144" hits="1" branch="False" />
                <line number="146" hits="1" branch="False" />
                <line number="149" hits="1" branch="False" />
                <line number="150" hits="1" branch="False" />
              </lines>
            </method>
          </methods>
          <lines>
            <line number="128" hits="1" branch="False" />
            <line number="130" hits="1" branch="False" />
            <line number="131" hits="1" branch="False" />
            <line number="132" hits="1" branch="False" />
            <line number="133" hits="1" branch="False" />
            <line number="134" hits="1" branch="False" />
            <line number="135" hits="1" branch="False" />
            <line number="136" hits="1" branch="False" />
            <line number="137" hits="1" branch="False" />
            <line number="138" hits="1" branch="False" />
            <line number="139" hits="1" branch="False" />
            <line number="140" hits="1" branch="False" />
            <line number="141" hits="1" branch="False" />
            <line number="142" hits="1" branch="False" />
            <line number="143" hits="1" branch="False" />
            <line number="144" hits="1" branch="False" />
            <line number="146" hits="1" branch="False" />
            <line number="149" hits="1" branch="False" />
            <line number="150" hits="1" branch="False" />
          </lines>
        </class>
        <class name="UnitTest.OrderServiceTest/&lt;&gt;c__DisplayClass7_0" filename="source\repos\PizaaOrderSystem\PizzaAppApi\UnitTest\OrderServiceTest.cs" line-rate="1" branch-rate="1" complexity="2">
          <methods>
            <method name="&lt;PlaceUserOrder_Should_Save_Data_With_2_Request&gt;b__5" signature="()" line-rate="1" branch-rate="1" complexity="1">
              <lines>
                <line number="172" hits="2" branch="False" />
              </lines>
            </method>
            <method name="&lt;PlaceUserOrder_Should_Save_Data_With_2_Request&gt;b__6" signature="()" line-rate="1" branch-rate="1" complexity="1">
              <lines>
                <line number="173" hits="2" branch="False" />
              </lines>
            </method>
          </methods>
          <lines>
            <line number="172" hits="2" branch="False" />
            <line number="173" hits="2" branch="False" />
          </lines>
        </class>
        <class name="UnitTest.OrderServiceTest/&lt;PlaceUserOrder_Should_Save_Data_With_2_Request&gt;d__7" filename="source\repos\PizaaOrderSystem\PizzaAppApi\UnitTest\OrderServiceTest.cs" line-rate="1" branch-rate="1" complexity="1">
          <methods>
            <method name="MoveNext" signature="()" line-rate="1" branch-rate="1" complexity="1">
              <lines>
                <line number="154" hits="1" branch="False" />
                <line number="156" hits="1" branch="False" />
                <line number="157" hits="1" branch="False" />
                <line number="158" hits="1" branch="False" />
                <line number="159" hits="1" branch="False" />
                <line number="160" hits="1" branch="False" />
                <line number="161" hits="1" branch="False" />
                <line number="162" hits="1" branch="False" />
                <line number="163" hits="1" branch="False" />
                <line number="164" hits="1" branch="False" />
                <line number="165" hits="1" branch="False" />
                <line number="166" hits="1" branch="False" />
                <line number="167" hits="1" branch="False" />
                <line number="168" hits="1" branch="False" />
                <line number="169" hits="1" branch="False" />
                <line number="170" hits="1" branch="False" />
                <line number="174" hits="1" branch="False" />
                <line number="177" hits="1" branch="False" />
                <line number="179" hits="1" branch="False" />
              </lines>
            </method>
          </methods>
          <lines>
            <line number="154" hits="1" branch="False" />
            <line number="156" hits="1" branch="False" />
            <line number="157" hits="1" branch="False" />
            <line number="158" hits="1" branch="False" />
            <line number="159" hits="1" branch="False" />
            <line number="160" hits="1" branch="False" />
            <line number="161" hits="1" branch="False" />
            <line number="162" hits="1" branch="False" />
            <line number="163" hits="1" branch="False" />
            <line number="164" hits="1" branch="False" />
            <line number="165" hits="1" branch="False" />
            <line number="166" hits="1" branch="False" />
            <line number="167" hits="1" branch="False" />
            <line number="168" hits="1" branch="False" />
            <line number="169" hits="1" branch="False" />
            <line number="170" hits="1" branch="False" />
            <line number="174" hits="1" branch="False" />
            <line number="177" hits="1" branch="False" />
            <line number="179" hits="1" branch="False" />
          </lines>
        </class>
      </classes>
    </package>
  </packages>
</coverage>